running egg_info
creating ../../build/ex_2/ex_2.egg-info
writing ../../build/ex_2/ex_2.egg-info/PKG-INFO
writing dependency_links to ../../build/ex_2/ex_2.egg-info/dependency_links.txt
writing entry points to ../../build/ex_2/ex_2.egg-info/entry_points.txt
writing requirements to ../../build/ex_2/ex_2.egg-info/requires.txt
writing top-level names to ../../build/ex_2/ex_2.egg-info/top_level.txt
writing manifest file '../../build/ex_2/ex_2.egg-info/SOURCES.txt'
reading manifest file '../../build/ex_2/ex_2.egg-info/SOURCES.txt'
adding license file 'LICENSE'
writing manifest file '../../build/ex_2/ex_2.egg-info/SOURCES.txt'
running build
running build_py
creating /home/ubuntu/ros2_ws/build/ex_2/build
creating /home/ubuntu/ros2_ws/build/ex_2/build/lib
creating /home/ubuntu/ros2_ws/build/ex_2/build/lib/ex_2
copying ex_2/sub_filt.py -> /home/ubuntu/ros2_ws/build/ex_2/build/lib/ex_2
copying ex_2/prom.py -> /home/ubuntu/ros2_ws/build/ex_2/build/lib/ex_2
copying ex_2/__init__.py -> /home/ubuntu/ros2_ws/build/ex_2/build/lib/ex_2
copying ex_2/pub_s1.py -> /home/ubuntu/ros2_ws/build/ex_2/build/lib/ex_2
running install
running install_lib
creating /home/ubuntu/ros2_ws/install/ex_2/lib/python3.10/site-packages/ex_2
copying /home/ubuntu/ros2_ws/build/ex_2/build/lib/ex_2/sub_filt.py -> /home/ubuntu/ros2_ws/install/ex_2/lib/python3.10/site-packages/ex_2
copying /home/ubuntu/ros2_ws/build/ex_2/build/lib/ex_2/prom.py -> /home/ubuntu/ros2_ws/install/ex_2/lib/python3.10/site-packages/ex_2
copying /home/ubuntu/ros2_ws/build/ex_2/build/lib/ex_2/__init__.py -> /home/ubuntu/ros2_ws/install/ex_2/lib/python3.10/site-packages/ex_2
copying /home/ubuntu/ros2_ws/build/ex_2/build/lib/ex_2/pub_s1.py -> /home/ubuntu/ros2_ws/install/ex_2/lib/python3.10/site-packages/ex_2
byte-compiling /home/ubuntu/ros2_ws/install/ex_2/lib/python3.10/site-packages/ex_2/sub_filt.py to sub_filt.cpython-310.pyc
byte-compiling /home/ubuntu/ros2_ws/install/ex_2/lib/python3.10/site-packages/ex_2/prom.py to prom.cpython-310.pyc
byte-compiling /home/ubuntu/ros2_ws/install/ex_2/lib/python3.10/site-packages/ex_2/__init__.py to __init__.cpython-310.pyc
byte-compiling /home/ubuntu/ros2_ws/install/ex_2/lib/python3.10/site-packages/ex_2/pub_s1.py to pub_s1.cpython-310.pyc
running install_data
creating /home/ubuntu/ros2_ws/install/ex_2/share/ament_index
creating /home/ubuntu/ros2_ws/install/ex_2/share/ament_index/resource_index
creating /home/ubuntu/ros2_ws/install/ex_2/share/ament_index/resource_index/packages
copying resource/ex_2 -> /home/ubuntu/ros2_ws/install/ex_2/share/ament_index/resource_index/packages
copying package.xml -> /home/ubuntu/ros2_ws/install/ex_2/share/ex_2
running install_egg_info
Copying ../../build/ex_2/ex_2.egg-info to /home/ubuntu/ros2_ws/install/ex_2/lib/python3.10/site-packages/ex_2-0.0.0-py3.10.egg-info
running install_scripts
Installing prom script to /home/ubuntu/ros2_ws/install/ex_2/lib/ex_2
Installing pub_s1 script to /home/ubuntu/ros2_ws/install/ex_2/lib/ex_2
Installing sub_filt script to /home/ubuntu/ros2_ws/install/ex_2/lib/ex_2
writing list of installed files to '/home/ubuntu/ros2_ws/build/ex_2/install.log'
