[0.040s] Invoking command in '/home/ubuntu/ros2_ws/build/cpp_pubsub': CMAKE_PREFIX_PATH=${CMAKE_PREFIX_PATH}:/home/ubuntu/ros2_ws/install/my_package_class:/home/ubuntu/ros2_ws/install/ex_2:/opt/ros/humble /usr/bin/cmake --build /home/ubuntu/ros2_ws/build/cpp_pubsub -- -j8 -l8
[0.690s] [100%] Built target pub
[0.691s] [ 83%] Built target pub_sub
[0.691s] [100%] Built target sub
[0.692s] Invoked command in '/home/ubuntu/ros2_ws/build/cpp_pubsub' returned '0': CMAKE_PREFIX_PATH=${CMAKE_PREFIX_PATH}:/home/ubuntu/ros2_ws/install/my_package_class:/home/ubuntu/ros2_ws/install/ex_2:/opt/ros/humble /usr/bin/cmake --build /home/ubuntu/ros2_ws/build/cpp_pubsub -- -j8 -l8
[0.705s] Invoking command in '/home/ubuntu/ros2_ws/build/cpp_pubsub': CMAKE_PREFIX_PATH=${CMAKE_PREFIX_PATH}:/home/ubuntu/ros2_ws/install/my_package_class:/home/ubuntu/ros2_ws/install/ex_2:/opt/ros/humble /usr/bin/cmake --install /home/ubuntu/ros2_ws/build/cpp_pubsub
[0.716s] -- Install configuration: ""
[0.718s] -- Up-to-date: /home/ubuntu/ros2_ws/install/cpp_pubsub/lib/cpp_pubsub/pub
[0.718s] -- Up-to-date: /home/ubuntu/ros2_ws/install/cpp_pubsub/lib/cpp_pubsub/sub
[0.719s] -- Up-to-date: /home/ubuntu/ros2_ws/install/cpp_pubsub/lib/cpp_pubsub/pub_sub
[0.720s] -- Up-to-date: /home/ubuntu/ros2_ws/install/cpp_pubsub/share/ament_index/resource_index/package_run_dependencies/cpp_pubsub
[0.720s] -- Up-to-date: /home/ubuntu/ros2_ws/install/cpp_pubsub/share/ament_index/resource_index/parent_prefix_path/cpp_pubsub
[0.720s] -- Up-to-date: /home/ubuntu/ros2_ws/install/cpp_pubsub/share/cpp_pubsub/environment/ament_prefix_path.sh
[0.722s] -- Up-to-date: /home/ubuntu/ros2_ws/install/cpp_pubsub/share/cpp_pubsub/environment/ament_prefix_path.dsv
[0.723s] -- Up-to-date: /home/ubuntu/ros2_ws/install/cpp_pubsub/share/cpp_pubsub/environment/path.sh
[0.724s] -- Up-to-date: /home/ubuntu/ros2_ws/install/cpp_pubsub/share/cpp_pubsub/environment/path.dsv
[0.724s] -- Up-to-date: /home/ubuntu/ros2_ws/install/cpp_pubsub/share/cpp_pubsub/local_setup.bash
[0.724s] -- Up-to-date: /home/ubuntu/ros2_ws/install/cpp_pubsub/share/cpp_pubsub/local_setup.sh
[0.725s] -- Up-to-date: /home/ubuntu/ros2_ws/install/cpp_pubsub/share/cpp_pubsub/local_setup.zsh
[0.725s] -- Up-to-date: /home/ubuntu/ros2_ws/install/cpp_pubsub/share/cpp_pubsub/local_setup.dsv
[0.725s] -- Installing: /home/ubuntu/ros2_ws/install/cpp_pubsub/share/cpp_pubsub/package.dsv
[0.725s] -- Up-to-date: /home/ubuntu/ros2_ws/install/cpp_pubsub/share/ament_index/resource_index/packages/cpp_pubsub
[0.725s] -- Up-to-date: /home/ubuntu/ros2_ws/install/cpp_pubsub/share/cpp_pubsub/cmake/cpp_pubsubConfig.cmake
[0.726s] -- Up-to-date: /home/ubuntu/ros2_ws/install/cpp_pubsub/share/cpp_pubsub/cmake/cpp_pubsubConfig-version.cmake
[0.726s] -- Up-to-date: /home/ubuntu/ros2_ws/install/cpp_pubsub/share/cpp_pubsub/package.xml
[0.726s] Invoked command in '/home/ubuntu/ros2_ws/build/cpp_pubsub' returned '0': CMAKE_PREFIX_PATH=${CMAKE_PREFIX_PATH}:/home/ubuntu/ros2_ws/install/my_package_class:/home/ubuntu/ros2_ws/install/ex_2:/opt/ros/humble /usr/bin/cmake --install /home/ubuntu/ros2_ws/build/cpp_pubsub
