/home/ubuntu/ros2_ws/install/my_package_class/lib/python3.10/site-packages/my_package_class/serv.py
/home/ubuntu/ros2_ws/install/my_package_class/lib/python3.10/site-packages/my_package_class/__init__.py
/home/ubuntu/ros2_ws/install/my_package_class/lib/python3.10/site-packages/my_package_class/sub.py
/home/ubuntu/ros2_ws/install/my_package_class/lib/python3.10/site-packages/my_package_class/pub.py
/home/ubuntu/ros2_ws/install/my_package_class/lib/python3.10/site-packages/my_package_class/client.py
/home/ubuntu/ros2_ws/install/my_package_class/lib/python3.10/site-packages/my_package_class/sub_custom_msg.py
/home/ubuntu/ros2_ws/install/my_package_class/lib/python3.10/site-packages/my_package_class/pub_custom_msg.py
/home/ubuntu/ros2_ws/install/my_package_class/lib/python3.10/site-packages/my_package_class/__pycache__/serv.cpython-310.pyc
/home/ubuntu/ros2_ws/install/my_package_class/lib/python3.10/site-packages/my_package_class/__pycache__/__init__.cpython-310.pyc
/home/ubuntu/ros2_ws/install/my_package_class/lib/python3.10/site-packages/my_package_class/__pycache__/sub.cpython-310.pyc
/home/ubuntu/ros2_ws/install/my_package_class/lib/python3.10/site-packages/my_package_class/__pycache__/pub.cpython-310.pyc
/home/ubuntu/ros2_ws/install/my_package_class/lib/python3.10/site-packages/my_package_class/__pycache__/client.cpython-310.pyc
/home/ubuntu/ros2_ws/install/my_package_class/lib/python3.10/site-packages/my_package_class/__pycache__/sub_custom_msg.cpython-310.pyc
/home/ubuntu/ros2_ws/install/my_package_class/lib/python3.10/site-packages/my_package_class/__pycache__/pub_custom_msg.cpython-310.pyc
/home/ubuntu/ros2_ws/install/my_package_class/share/ament_index/resource_index/packages/my_package_class
/home/ubuntu/ros2_ws/install/my_package_class/share/my_package_class/package.xml
/home/ubuntu/ros2_ws/install/my_package_class/lib/python3.10/site-packages/my_package_class-0.0.0-py3.10.egg-info/dependency_links.txt
/home/ubuntu/ros2_ws/install/my_package_class/lib/python3.10/site-packages/my_package_class-0.0.0-py3.10.egg-info/SOURCES.txt
/home/ubuntu/ros2_ws/install/my_package_class/lib/python3.10/site-packages/my_package_class-0.0.0-py3.10.egg-info/requires.txt
/home/ubuntu/ros2_ws/install/my_package_class/lib/python3.10/site-packages/my_package_class-0.0.0-py3.10.egg-info/zip-safe
/home/ubuntu/ros2_ws/install/my_package_class/lib/python3.10/site-packages/my_package_class-0.0.0-py3.10.egg-info/PKG-INFO
/home/ubuntu/ros2_ws/install/my_package_class/lib/python3.10/site-packages/my_package_class-0.0.0-py3.10.egg-info/entry_points.txt
/home/ubuntu/ros2_ws/install/my_package_class/lib/python3.10/site-packages/my_package_class-0.0.0-py3.10.egg-info/top_level.txt
/home/ubuntu/ros2_ws/install/my_package_class/lib/my_package_class/custom_pub
/home/ubuntu/ros2_ws/install/my_package_class/lib/my_package_class/custom_sub
/home/ubuntu/ros2_ws/install/my_package_class/lib/my_package_class/pub
/home/ubuntu/ros2_ws/install/my_package_class/lib/my_package_class/sub
