[0.035s] Invoking command in '/home/ubuntu/ros2_ws/build/cpp_pubsub': CMAKE_PREFIX_PATH=${CMAKE_PREFIX_PATH}:/home/ubuntu/ros2_ws/install/my_package_class:/opt/ros/humble /usr/bin/cmake --build /home/ubuntu/ros2_ws/build/cpp_pubsub -- -j8 -l8
[0.419s] [ 33%] Built target pub
[0.420s] [ 66%] Built target pub_sub
[0.421s] [100%] Built target sub
[0.426s] Invoked command in '/home/ubuntu/ros2_ws/build/cpp_pubsub' returned '0': CMAKE_PREFIX_PATH=${CMAKE_PREFIX_PATH}:/home/ubuntu/ros2_ws/install/my_package_class:/opt/ros/humble /usr/bin/cmake --build /home/ubuntu/ros2_ws/build/cpp_pubsub -- -j8 -l8
[0.439s] Invoking command in '/home/ubuntu/ros2_ws/build/cpp_pubsub': CMAKE_PREFIX_PATH=${CMAKE_PREFIX_PATH}:/home/ubuntu/ros2_ws/install/my_package_class:/opt/ros/humble /usr/bin/cmake --install /home/ubuntu/ros2_ws/build/cpp_pubsub
[0.452s] -- Install configuration: ""
[0.452s] -- Up-to-date: /home/ubuntu/ros2_ws/install/cpp_pubsub/lib/cpp_pubsub/pub
[0.454s] -- Up-to-date: /home/ubuntu/ros2_ws/install/cpp_pubsub/lib/cpp_pubsub/sub
[0.454s] -- Up-to-date: /home/ubuntu/ros2_ws/install/cpp_pubsub/lib/cpp_pubsub/pub_sub
[0.455s] -- Up-to-date: /home/ubuntu/ros2_ws/install/cpp_pubsub/share/ament_index/resource_index/package_run_dependencies/cpp_pubsub
[0.455s] -- Up-to-date: /home/ubuntu/ros2_ws/install/cpp_pubsub/share/ament_index/resource_index/parent_prefix_path/cpp_pubsub
[0.455s] -- Up-to-date: /home/ubuntu/ros2_ws/install/cpp_pubsub/share/cpp_pubsub/environment/ament_prefix_path.sh
[0.456s] -- Up-to-date: /home/ubuntu/ros2_ws/install/cpp_pubsub/share/cpp_pubsub/environment/ament_prefix_path.dsv
[0.456s] -- Up-to-date: /home/ubuntu/ros2_ws/install/cpp_pubsub/share/cpp_pubsub/environment/path.sh
[0.456s] -- Up-to-date: /home/ubuntu/ros2_ws/install/cpp_pubsub/share/cpp_pubsub/environment/path.dsv
[0.456s] -- Up-to-date: /home/ubuntu/ros2_ws/install/cpp_pubsub/share/cpp_pubsub/local_setup.bash
[0.457s] -- Up-to-date: /home/ubuntu/ros2_ws/install/cpp_pubsub/share/cpp_pubsub/local_setup.sh
[0.457s] -- Up-to-date: /home/ubuntu/ros2_ws/install/cpp_pubsub/share/cpp_pubsub/local_setup.zsh
[0.457s] -- Up-to-date: /home/ubuntu/ros2_ws/install/cpp_pubsub/share/cpp_pubsub/local_setup.dsv
[0.457s] -- Installing: /home/ubuntu/ros2_ws/install/cpp_pubsub/share/cpp_pubsub/package.dsv
[0.458s] -- Up-to-date: /home/ubuntu/ros2_ws/install/cpp_pubsub/share/ament_index/resource_index/packages/cpp_pubsub
[0.458s] -- Up-to-date: /home/ubuntu/ros2_ws/install/cpp_pubsub/share/cpp_pubsub/cmake/cpp_pubsubConfig.cmake
[0.458s] -- Up-to-date: /home/ubuntu/ros2_ws/install/cpp_pubsub/share/cpp_pubsub/cmake/cpp_pubsubConfig-version.cmake
[0.458s] -- Up-to-date: /home/ubuntu/ros2_ws/install/cpp_pubsub/share/cpp_pubsub/package.xml
[0.461s] Invoked command in '/home/ubuntu/ros2_ws/build/cpp_pubsub' returned '0': CMAKE_PREFIX_PATH=${CMAKE_PREFIX_PATH}:/home/ubuntu/ros2_ws/install/my_package_class:/opt/ros/humble /usr/bin/cmake --install /home/ubuntu/ros2_ws/build/cpp_pubsub
