[0.034s] Invoking command in '/home/ubuntu/ros2_ws/build/cpp_pubsub': CMAKE_PREFIX_PATH=${CMAKE_PREFIX_PATH}:/home/ubuntu/ros2_ws/install/my_package_class:/home/ubuntu/ros2_ws/install/ex_2:/opt/ros/humble /usr/bin/cmake --build /home/ubuntu/ros2_ws/build/cpp_pubsub -- -j8 -l8
[0.677s] [100%] Built target sub
[0.677s] [100%] Built target pub_sub
[0.678s] [100%] Built target pub
[0.682s] Invoked command in '/home/ubuntu/ros2_ws/build/cpp_pubsub' returned '0': CMAKE_PREFIX_PATH=${CMAKE_PREFIX_PATH}:/home/ubuntu/ros2_ws/install/my_package_class:/home/ubuntu/ros2_ws/install/ex_2:/opt/ros/humble /usr/bin/cmake --build /home/ubuntu/ros2_ws/build/cpp_pubsub -- -j8 -l8
[0.692s] Invoking command in '/home/ubuntu/ros2_ws/build/cpp_pubsub': CMAKE_PREFIX_PATH=${CMAKE_PREFIX_PATH}:/home/ubuntu/ros2_ws/install/my_package_class:/home/ubuntu/ros2_ws/install/ex_2:/opt/ros/humble /usr/bin/cmake --install /home/ubuntu/ros2_ws/build/cpp_pubsub
[0.701s] -- Install configuration: ""
[0.702s] -- Up-to-date: /home/ubuntu/ros2_ws/install/cpp_pubsub/lib/cpp_pubsub/pub
[0.702s] -- Up-to-date: /home/ubuntu/ros2_ws/install/cpp_pubsub/lib/cpp_pubsub/sub
[0.703s] -- Up-to-date: /home/ubuntu/ros2_ws/install/cpp_pubsub/lib/cpp_pubsub/pub_sub
[0.703s] -- Up-to-date: /home/ubuntu/ros2_ws/install/cpp_pubsub/share/ament_index/resource_index/package_run_dependencies/cpp_pubsub
[0.704s] -- Up-to-date: /home/ubuntu/ros2_ws/install/cpp_pubsub/share/ament_index/resource_index/parent_prefix_path/cpp_pubsub
[0.704s] -- Up-to-date: /home/ubuntu/ros2_ws/install/cpp_pubsub/share/cpp_pubsub/environment/ament_prefix_path.sh
[0.705s] -- Up-to-date: /home/ubuntu/ros2_ws/install/cpp_pubsub/share/cpp_pubsub/environment/ament_prefix_path.dsv
[0.705s] -- Up-to-date: /home/ubuntu/ros2_ws/install/cpp_pubsub/share/cpp_pubsub/environment/path.sh
[0.705s] -- Up-to-date: /home/ubuntu/ros2_ws/install/cpp_pubsub/share/cpp_pubsub/environment/path.dsv
[0.706s] -- Up-to-date: /home/ubuntu/ros2_ws/install/cpp_pubsub/share/cpp_pubsub/local_setup.bash
[0.706s] -- Up-to-date: /home/ubuntu/ros2_ws/install/cpp_pubsub/share/cpp_pubsub/local_setup.sh
[0.706s] -- Up-to-date: /home/ubuntu/ros2_ws/install/cpp_pubsub/share/cpp_pubsub/local_setup.zsh
[0.706s] -- Up-to-date: /home/ubuntu/ros2_ws/install/cpp_pubsub/share/cpp_pubsub/local_setup.dsv
[0.706s] -- Installing: /home/ubuntu/ros2_ws/install/cpp_pubsub/share/cpp_pubsub/package.dsv
[0.706s] -- Up-to-date: /home/ubuntu/ros2_ws/install/cpp_pubsub/share/ament_index/resource_index/packages/cpp_pubsub
[0.706s] -- Up-to-date: /home/ubuntu/ros2_ws/install/cpp_pubsub/share/cpp_pubsub/cmake/cpp_pubsubConfig.cmake
[0.707s] -- Up-to-date: /home/ubuntu/ros2_ws/install/cpp_pubsub/share/cpp_pubsub/cmake/cpp_pubsubConfig-version.cmake
[0.707s] -- Up-to-date: /home/ubuntu/ros2_ws/install/cpp_pubsub/share/cpp_pubsub/package.xml
[0.709s] Invoked command in '/home/ubuntu/ros2_ws/build/cpp_pubsub' returned '0': CMAKE_PREFIX_PATH=${CMAKE_PREFIX_PATH}:/home/ubuntu/ros2_ws/install/my_package_class:/home/ubuntu/ros2_ws/install/ex_2:/opt/ros/humble /usr/bin/cmake --install /home/ubuntu/ros2_ws/build/cpp_pubsub
