[1.175s] Invoking command in '/home/ubuntu/ros2_ws/src/ex_2': PYTHONPATH=/home/ubuntu/ros2_ws/build/ex_2/prefix_override:/usr/lib/python3/dist-packages/colcon_core/task/python/colcon_distutils_commands:/home/ubuntu/ros2_ws/install/ex_2/lib/python3.10/site-packages:${PYTHONPATH} /usr/bin/python3 -W ignore:setup.py install is deprecated -W ignore:easy_install command is deprecated setup.py egg_info --egg-base ../../build/ex_2 build --build-base /home/ubuntu/ros2_ws/build/ex_2/build install --record /home/ubuntu/ros2_ws/build/ex_2/install.log --single-version-externally-managed install_data
[1.464s] running egg_info
[1.465s] writing ../../build/ex_2/ex_2.egg-info/PKG-INFO
[1.465s] writing dependency_links to ../../build/ex_2/ex_2.egg-info/dependency_links.txt
[1.466s] writing entry points to ../../build/ex_2/ex_2.egg-info/entry_points.txt
[1.466s] writing requirements to ../../build/ex_2/ex_2.egg-info/requires.txt
[1.466s] writing top-level names to ../../build/ex_2/ex_2.egg-info/top_level.txt
[1.468s] reading manifest file '../../build/ex_2/ex_2.egg-info/SOURCES.txt'
[1.469s] adding license file 'LICENSE'
[1.470s] writing manifest file '../../build/ex_2/ex_2.egg-info/SOURCES.txt'
[1.470s] running build
[1.470s] running build_py
[1.470s] running install
[1.471s] running install_lib
[1.473s] running install_data
[1.473s] running install_egg_info
[1.475s] removing '/home/ubuntu/ros2_ws/install/ex_2/lib/python3.10/site-packages/ex_2-0.0.0-py3.10.egg-info' (and everything under it)
[1.476s] Copying ../../build/ex_2/ex_2.egg-info to /home/ubuntu/ros2_ws/install/ex_2/lib/python3.10/site-packages/ex_2-0.0.0-py3.10.egg-info
[1.476s] running install_scripts
[1.502s] Installing prom script to /home/ubuntu/ros2_ws/install/ex_2/lib/ex_2
[1.502s] Installing pub_s1 script to /home/ubuntu/ros2_ws/install/ex_2/lib/ex_2
[1.502s] Installing sub_filt script to /home/ubuntu/ros2_ws/install/ex_2/lib/ex_2
[1.503s] writing list of installed files to '/home/ubuntu/ros2_ws/build/ex_2/install.log'
[1.552s] Invoked command in '/home/ubuntu/ros2_ws/src/ex_2' returned '0': PYTHONPATH=/home/ubuntu/ros2_ws/build/ex_2/prefix_override:/usr/lib/python3/dist-packages/colcon_core/task/python/colcon_distutils_commands:/home/ubuntu/ros2_ws/install/ex_2/lib/python3.10/site-packages:${PYTHONPATH} /usr/bin/python3 -W ignore:setup.py install is deprecated -W ignore:easy_install command is deprecated setup.py egg_info --egg-base ../../build/ex_2 build --build-base /home/ubuntu/ros2_ws/build/ex_2/build install --record /home/ubuntu/ros2_ws/build/ex_2/install.log --single-version-externally-managed install_data
