[0.401s] Invoking command in '/home/ubuntu/ros2_ws/build/ucb_interface': CMAKE_PREFIX_PATH=${CMAKE_PREFIX_PATH}:/home/ubuntu/ros2_ws/install/my_package_class:/opt/ros/humble /usr/bin/cmake --build /home/ubuntu/ros2_ws/build/ucb_interface -- -j8 -l8
[0.464s] [35m[1mConsolidate compiler generated dependencies of target ucb_interface__rosidl_generator_c[0m
[0.480s] [  2%] Built target ucb_interface__cpp
[0.497s] [ 12%] Built target ucb_interface__rosidl_generator_c
[0.511s] [ 12%] Built target ament_cmake_python_copy_ucb_interface
[0.518s] [35m[1mConsolidate compiler generated dependencies of target ucb_interface__rosidl_typesupport_fastrtps_cpp[0m
[0.524s] [35m[1mConsolidate compiler generated dependencies of target ucb_interface__rosidl_typesupport_cpp[0m
[0.529s] [35m[1mConsolidate compiler generated dependencies of target ucb_interface__rosidl_typesupport_introspection_cpp[0m
[0.537s] [35m[1mConsolidate compiler generated dependencies of target ucb_interface__rosidl_typesupport_fastrtps_c[0m
[0.538s] [35m[1mConsolidate compiler generated dependencies of target ucb_interface__rosidl_typesupport_introspection_c[0m
[0.544s] [35m[1mConsolidate compiler generated dependencies of target ucb_interface__rosidl_typesupport_c[0m
[0.564s] [ 23%] Built target ucb_interface__rosidl_typesupport_fastrtps_cpp
[0.564s] [ 34%] Built target ucb_interface__rosidl_typesupport_cpp
[0.566s] [ 44%] Built target ucb_interface__rosidl_typesupport_c
[0.569s] [ 59%] Built target ucb_interface__rosidl_typesupport_introspection_c
[0.569s] [ 65%] Built target ucb_interface__rosidl_typesupport_introspection_cpp
[0.576s] [ 76%] Built target ucb_interface__rosidl_typesupport_fastrtps_c
[0.617s] [ 76%] Built target ucb_interface
[0.646s] [ 78%] Built target ucb_interface__py
[0.662s] [35m[1mConsolidate compiler generated dependencies of target ucb_interface__rosidl_generator_py[0m
[0.681s] [ 87%] Built target ucb_interface__rosidl_generator_py
[0.704s] [35m[1mConsolidate compiler generated dependencies of target ucb_interface__rosidl_typesupport_introspection_c__pyext[0m
[0.704s] [35m[1mConsolidate compiler generated dependencies of target ucb_interface__rosidl_typesupport_c__pyext[0m
[0.704s] [35m[1mConsolidate compiler generated dependencies of target ucb_interface__rosidl_typesupport_fastrtps_c__pyext[0m
[0.726s] [ 91%] Built target ucb_interface__rosidl_typesupport_fastrtps_c__pyext
[0.728s] [100%] Built target ucb_interface__rosidl_typesupport_c__pyext
[0.729s] [100%] Built target ucb_interface__rosidl_typesupport_introspection_c__pyext
[0.875s] running egg_info
[0.876s] writing ucb_interface.egg-info/PKG-INFO
[0.876s] writing dependency_links to ucb_interface.egg-info/dependency_links.txt
[0.877s] writing top-level names to ucb_interface.egg-info/top_level.txt
[0.880s] reading manifest file 'ucb_interface.egg-info/SOURCES.txt'
[0.881s] writing manifest file 'ucb_interface.egg-info/SOURCES.txt'
[0.936s] [100%] Built target ament_cmake_python_build_ucb_interface_egg
[0.953s] Invoked command in '/home/ubuntu/ros2_ws/build/ucb_interface' returned '0': CMAKE_PREFIX_PATH=${CMAKE_PREFIX_PATH}:/home/ubuntu/ros2_ws/install/my_package_class:/opt/ros/humble /usr/bin/cmake --build /home/ubuntu/ros2_ws/build/ucb_interface -- -j8 -l8
[0.956s] Invoking command in '/home/ubuntu/ros2_ws/build/ucb_interface': CMAKE_PREFIX_PATH=${CMAKE_PREFIX_PATH}:/home/ubuntu/ros2_ws/install/my_package_class:/opt/ros/humble /usr/bin/cmake --install /home/ubuntu/ros2_ws/build/ucb_interface
[0.966s] -- Install configuration: ""
[0.966s] -- Up-to-date: /home/ubuntu/ros2_ws/install/ucb_interface/share/ament_index/resource_index/rosidl_interfaces/ucb_interface
[0.967s] -- Up-to-date: /home/ubuntu/ros2_ws/install/ucb_interface/include/ucb_interface/ucb_interface
[0.967s] -- Up-to-date: /home/ubuntu/ros2_ws/install/ucb_interface/include/ucb_interface/ucb_interface/msg
[0.967s] -- Up-to-date: /home/ubuntu/ros2_ws/install/ucb_interface/include/ucb_interface/ucb_interface/msg/detail
[0.967s] -- Up-to-date: /home/ubuntu/ros2_ws/install/ucb_interface/include/ucb_interface/ucb_interface/msg/detail/num__functions.h
[0.967s] -- Up-to-date: /home/ubuntu/ros2_ws/install/ucb_interface/include/ucb_interface/ucb_interface/msg/detail/num__type_support.h
[0.968s] -- Up-to-date: /home/ubuntu/ros2_ws/install/ucb_interface/include/ucb_interface/ucb_interface/msg/detail/sphere__struct.h
[0.968s] -- Up-to-date: /home/ubuntu/ros2_ws/install/ucb_interface/include/ucb_interface/ucb_interface/msg/detail/sphere__type_support.h
[0.968s] -- Up-to-date: /home/ubuntu/ros2_ws/install/ucb_interface/include/ucb_interface/ucb_interface/msg/detail/sphere__functions.c
[0.968s] -- Up-to-date: /home/ubuntu/ros2_ws/install/ucb_interface/include/ucb_interface/ucb_interface/msg/detail/num__struct.h
[0.968s] -- Up-to-date: /home/ubuntu/ros2_ws/install/ucb_interface/include/ucb_interface/ucb_interface/msg/detail/num__functions.c
[0.968s] -- Up-to-date: /home/ubuntu/ros2_ws/install/ucb_interface/include/ucb_interface/ucb_interface/msg/detail/sphere__functions.h
[0.969s] -- Up-to-date: /home/ubuntu/ros2_ws/install/ucb_interface/include/ucb_interface/ucb_interface/msg/num.h
[0.969s] -- Up-to-date: /home/ubuntu/ros2_ws/install/ucb_interface/include/ucb_interface/ucb_interface/msg/sphere.h
[0.969s] -- Up-to-date: /home/ubuntu/ros2_ws/install/ucb_interface/include/ucb_interface/ucb_interface/msg/rosidl_generator_c__visibility_control.h
[0.969s] -- Up-to-date: /home/ubuntu/ros2_ws/install/ucb_interface/include/ucb_interface/ucb_interface/srv
[0.969s] -- Up-to-date: /home/ubuntu/ros2_ws/install/ucb_interface/include/ucb_interface/ucb_interface/srv/detail
[0.969s] -- Up-to-date: /home/ubuntu/ros2_ws/install/ucb_interface/include/ucb_interface/ucb_interface/srv/detail/addtwonumbers__functions.c
[0.969s] -- Up-to-date: /home/ubuntu/ros2_ws/install/ucb_interface/include/ucb_interface/ucb_interface/srv/detail/addtwonumbers__functions.h
[0.970s] -- Up-to-date: /home/ubuntu/ros2_ws/install/ucb_interface/include/ucb_interface/ucb_interface/srv/detail/addtwonumbers__type_support.h
[0.970s] -- Up-to-date: /home/ubuntu/ros2_ws/install/ucb_interface/include/ucb_interface/ucb_interface/srv/detail/addtwonumbers__struct.h
[0.970s] -- Up-to-date: /home/ubuntu/ros2_ws/install/ucb_interface/include/ucb_interface/ucb_interface/srv/addtwonumbers.h
[0.970s] -- Up-to-date: /home/ubuntu/ros2_ws/install/ucb_interface/share/ucb_interface/environment/library_path.sh
[0.971s] -- Up-to-date: /home/ubuntu/ros2_ws/install/ucb_interface/share/ucb_interface/environment/library_path.dsv
[0.971s] -- Up-to-date: /home/ubuntu/ros2_ws/install/ucb_interface/lib/libucb_interface__rosidl_generator_c.so
[0.971s] -- Up-to-date: /home/ubuntu/ros2_ws/install/ucb_interface/include/ucb_interface/ucb_interface
[0.971s] -- Up-to-date: /home/ubuntu/ros2_ws/install/ucb_interface/include/ucb_interface/ucb_interface/msg
[0.971s] -- Up-to-date: /home/ubuntu/ros2_ws/install/ucb_interface/include/ucb_interface/ucb_interface/msg/detail
[0.971s] -- Up-to-date: /home/ubuntu/ros2_ws/install/ucb_interface/include/ucb_interface/ucb_interface/msg/detail/sphere__rosidl_typesupport_fastrtps_c.h
[0.971s] -- Up-to-date: /home/ubuntu/ros2_ws/install/ucb_interface/include/ucb_interface/ucb_interface/msg/detail/num__rosidl_typesupport_fastrtps_c.h
[0.972s] -- Up-to-date: /home/ubuntu/ros2_ws/install/ucb_interface/include/ucb_interface/ucb_interface/msg/rosidl_typesupport_fastrtps_c__visibility_control.h
[0.972s] -- Up-to-date: /home/ubuntu/ros2_ws/install/ucb_interface/include/ucb_interface/ucb_interface/srv
[0.972s] -- Up-to-date: /home/ubuntu/ros2_ws/install/ucb_interface/include/ucb_interface/ucb_interface/srv/detail
[0.972s] -- Up-to-date: /home/ubuntu/ros2_ws/install/ucb_interface/include/ucb_interface/ucb_interface/srv/detail/addtwonumbers__rosidl_typesupport_fastrtps_c.h
[0.972s] -- Up-to-date: /home/ubuntu/ros2_ws/install/ucb_interface/lib/libucb_interface__rosidl_typesupport_fastrtps_c.so
[0.972s] -- Up-to-date: /home/ubuntu/ros2_ws/install/ucb_interface/include/ucb_interface/ucb_interface
[0.973s] -- Up-to-date: /home/ubuntu/ros2_ws/install/ucb_interface/include/ucb_interface/ucb_interface/msg
[0.973s] -- Up-to-date: /home/ubuntu/ros2_ws/install/ucb_interface/include/ucb_interface/ucb_interface/msg/sphere.hpp
[0.973s] -- Up-to-date: /home/ubuntu/ros2_ws/install/ucb_interface/include/ucb_interface/ucb_interface/msg/detail
[0.973s] -- Up-to-date: /home/ubuntu/ros2_ws/install/ucb_interface/include/ucb_interface/ucb_interface/msg/detail/sphere__builder.hpp
[0.973s] -- Up-to-date: /home/ubuntu/ros2_ws/install/ucb_interface/include/ucb_interface/ucb_interface/msg/detail/num__builder.hpp
[0.973s] -- Up-to-date: /home/ubuntu/ros2_ws/install/ucb_interface/include/ucb_interface/ucb_interface/msg/detail/sphere__traits.hpp
[0.973s] -- Up-to-date: /home/ubuntu/ros2_ws/install/ucb_interface/include/ucb_interface/ucb_interface/msg/detail/sphere__struct.hpp
[0.974s] -- Up-to-date: /home/ubuntu/ros2_ws/install/ucb_interface/include/ucb_interface/ucb_interface/msg/detail/sphere__type_support.hpp
[0.974s] -- Up-to-date: /home/ubuntu/ros2_ws/install/ucb_interface/include/ucb_interface/ucb_interface/msg/detail/num__struct.hpp
[0.974s] -- Up-to-date: /home/ubuntu/ros2_ws/install/ucb_interface/include/ucb_interface/ucb_interface/msg/detail/num__traits.hpp
[0.974s] -- Up-to-date: /home/ubuntu/ros2_ws/install/ucb_interface/include/ucb_interface/ucb_interface/msg/detail/num__type_support.hpp
[0.974s] -- Up-to-date: /home/ubuntu/ros2_ws/install/ucb_interface/include/ucb_interface/ucb_interface/msg/num.hpp
[0.975s] -- Up-to-date: /home/ubuntu/ros2_ws/install/ucb_interface/include/ucb_interface/ucb_interface/msg/rosidl_generator_cpp__visibility_control.hpp
[0.975s] -- Up-to-date: /home/ubuntu/ros2_ws/install/ucb_interface/include/ucb_interface/ucb_interface/srv
[0.975s] -- Up-to-date: /home/ubuntu/ros2_ws/install/ucb_interface/include/ucb_interface/ucb_interface/srv/detail
[0.975s] -- Up-to-date: /home/ubuntu/ros2_ws/install/ucb_interface/include/ucb_interface/ucb_interface/srv/detail/addtwonumbers__type_support.hpp
[0.975s] -- Up-to-date: /home/ubuntu/ros2_ws/install/ucb_interface/include/ucb_interface/ucb_interface/srv/detail/addtwonumbers__struct.hpp
[0.975s] -- Up-to-date: /home/ubuntu/ros2_ws/install/ucb_interface/include/ucb_interface/ucb_interface/srv/detail/addtwonumbers__traits.hpp
[0.976s] -- Up-to-date: /home/ubuntu/ros2_ws/install/ucb_interface/include/ucb_interface/ucb_interface/srv/detail/addtwonumbers__builder.hpp
[0.976s] -- Up-to-date: /home/ubuntu/ros2_ws/install/ucb_interface/include/ucb_interface/ucb_interface/srv/addtwonumbers.hpp
[0.976s] -- Up-to-date: /home/ubuntu/ros2_ws/install/ucb_interface/include/ucb_interface/ucb_interface
[0.976s] -- Up-to-date: /home/ubuntu/ros2_ws/install/ucb_interface/include/ucb_interface/ucb_interface/msg
[0.976s] -- Up-to-date: /home/ubuntu/ros2_ws/install/ucb_interface/include/ucb_interface/ucb_interface/msg/detail
[0.977s] -- Up-to-date: /home/ubuntu/ros2_ws/install/ucb_interface/include/ucb_interface/ucb_interface/msg/detail/num__rosidl_typesupport_fastrtps_cpp.hpp
[0.977s] -- Up-to-date: /home/ubuntu/ros2_ws/install/ucb_interface/include/ucb_interface/ucb_interface/msg/detail/dds_fastrtps
[0.977s] -- Up-to-date: /home/ubuntu/ros2_ws/install/ucb_interface/include/ucb_interface/ucb_interface/msg/detail/sphere__rosidl_typesupport_fastrtps_cpp.hpp
[0.977s] -- Up-to-date: /home/ubuntu/ros2_ws/install/ucb_interface/include/ucb_interface/ucb_interface/msg/rosidl_typesupport_fastrtps_cpp__visibility_control.h
[0.978s] -- Up-to-date: /home/ubuntu/ros2_ws/install/ucb_interface/include/ucb_interface/ucb_interface/srv
[0.978s] -- Up-to-date: /home/ubuntu/ros2_ws/install/ucb_interface/include/ucb_interface/ucb_interface/srv/detail
[0.978s] -- Up-to-date: /home/ubuntu/ros2_ws/install/ucb_interface/include/ucb_interface/ucb_interface/srv/detail/dds_fastrtps
[0.978s] -- Up-to-date: /home/ubuntu/ros2_ws/install/ucb_interface/include/ucb_interface/ucb_interface/srv/detail/addtwonumbers__rosidl_typesupport_fastrtps_cpp.hpp
[0.978s] -- Up-to-date: /home/ubuntu/ros2_ws/install/ucb_interface/lib/libucb_interface__rosidl_typesupport_fastrtps_cpp.so
[0.979s] -- Up-to-date: /home/ubuntu/ros2_ws/install/ucb_interface/include/ucb_interface/ucb_interface
[0.979s] -- Up-to-date: /home/ubuntu/ros2_ws/install/ucb_interface/include/ucb_interface/ucb_interface/msg
[0.979s] -- Up-to-date: /home/ubuntu/ros2_ws/install/ucb_interface/include/ucb_interface/ucb_interface/msg/rosidl_typesupport_introspection_c__visibility_control.h
[0.979s] -- Up-to-date: /home/ubuntu/ros2_ws/install/ucb_interface/include/ucb_interface/ucb_interface/msg/detail
[0.979s] -- Up-to-date: /home/ubuntu/ros2_ws/install/ucb_interface/include/ucb_interface/ucb_interface/msg/detail/num__type_support.c
[0.979s] -- Up-to-date: /home/ubuntu/ros2_ws/install/ucb_interface/include/ucb_interface/ucb_interface/msg/detail/sphere__rosidl_typesupport_introspection_c.h
[0.979s] -- Up-to-date: /home/ubuntu/ros2_ws/install/ucb_interface/include/ucb_interface/ucb_interface/msg/detail/sphere__type_support.c
[0.980s] -- Up-to-date: /home/ubuntu/ros2_ws/install/ucb_interface/include/ucb_interface/ucb_interface/msg/detail/num__rosidl_typesupport_introspection_c.h
[0.980s] -- Up-to-date: /home/ubuntu/ros2_ws/install/ucb_interface/include/ucb_interface/ucb_interface/srv
[0.980s] -- Up-to-date: /home/ubuntu/ros2_ws/install/ucb_interface/include/ucb_interface/ucb_interface/srv/detail
[0.980s] -- Up-to-date: /home/ubuntu/ros2_ws/install/ucb_interface/include/ucb_interface/ucb_interface/srv/detail/addtwonumbers__type_support.c
[0.980s] -- Up-to-date: /home/ubuntu/ros2_ws/install/ucb_interface/include/ucb_interface/ucb_interface/srv/detail/addtwonumbers__rosidl_typesupport_introspection_c.h
[0.980s] -- Up-to-date: /home/ubuntu/ros2_ws/install/ucb_interface/lib/libucb_interface__rosidl_typesupport_introspection_c.so
[0.980s] -- Up-to-date: /home/ubuntu/ros2_ws/install/ucb_interface/lib/libucb_interface__rosidl_typesupport_c.so
[0.980s] -- Up-to-date: /home/ubuntu/ros2_ws/install/ucb_interface/include/ucb_interface/ucb_interface
[0.981s] -- Up-to-date: /home/ubuntu/ros2_ws/install/ucb_interface/include/ucb_interface/ucb_interface/msg
[0.981s] -- Up-to-date: /home/ubuntu/ros2_ws/install/ucb_interface/include/ucb_interface/ucb_interface/msg/detail
[0.981s] -- Up-to-date: /home/ubuntu/ros2_ws/install/ucb_interface/include/ucb_interface/ucb_interface/msg/detail/num__rosidl_typesupport_introspection_cpp.hpp
[0.981s] -- Up-to-date: /home/ubuntu/ros2_ws/install/ucb_interface/include/ucb_interface/ucb_interface/msg/detail/num__type_support.cpp
[0.981s] -- Up-to-date: /home/ubuntu/ros2_ws/install/ucb_interface/include/ucb_interface/ucb_interface/msg/detail/sphere__rosidl_typesupport_introspection_cpp.hpp
[0.981s] -- Up-to-date: /home/ubuntu/ros2_ws/install/ucb_interface/include/ucb_interface/ucb_interface/msg/detail/sphere__type_support.cpp
[0.981s] -- Up-to-date: /home/ubuntu/ros2_ws/install/ucb_interface/include/ucb_interface/ucb_interface/srv
[0.981s] -- Up-to-date: /home/ubuntu/ros2_ws/install/ucb_interface/include/ucb_interface/ucb_interface/srv/detail
[0.982s] -- Up-to-date: /home/ubuntu/ros2_ws/install/ucb_interface/include/ucb_interface/ucb_interface/srv/detail/addtwonumbers__type_support.cpp
[0.982s] -- Up-to-date: /home/ubuntu/ros2_ws/install/ucb_interface/include/ucb_interface/ucb_interface/srv/detail/addtwonumbers__rosidl_typesupport_introspection_cpp.hpp
[0.982s] -- Up-to-date: /home/ubuntu/ros2_ws/install/ucb_interface/lib/libucb_interface__rosidl_typesupport_introspection_cpp.so
[0.982s] -- Up-to-date: /home/ubuntu/ros2_ws/install/ucb_interface/lib/libucb_interface__rosidl_typesupport_cpp.so
[0.982s] -- Up-to-date: /home/ubuntu/ros2_ws/install/ucb_interface/share/ucb_interface/environment/pythonpath.sh
[0.982s] -- Up-to-date: /home/ubuntu/ros2_ws/install/ucb_interface/share/ucb_interface/environment/pythonpath.dsv
[0.982s] -- Up-to-date: /home/ubuntu/ros2_ws/install/ucb_interface/local/lib/python3.10/dist-packages/ucb_interface-0.0.0-py3.10.egg-info
[0.982s] -- Installing: /home/ubuntu/ros2_ws/install/ucb_interface/local/lib/python3.10/dist-packages/ucb_interface-0.0.0-py3.10.egg-info/dependency_links.txt
[0.983s] -- Installing: /home/ubuntu/ros2_ws/install/ucb_interface/local/lib/python3.10/dist-packages/ucb_interface-0.0.0-py3.10.egg-info/SOURCES.txt
[0.983s] -- Installing: /home/ubuntu/ros2_ws/install/ucb_interface/local/lib/python3.10/dist-packages/ucb_interface-0.0.0-py3.10.egg-info/PKG-INFO
[0.983s] -- Installing: /home/ubuntu/ros2_ws/install/ucb_interface/local/lib/python3.10/dist-packages/ucb_interface-0.0.0-py3.10.egg-info/top_level.txt
[0.983s] -- Up-to-date: /home/ubuntu/ros2_ws/install/ucb_interface/local/lib/python3.10/dist-packages/ucb_interface
[0.983s] -- Up-to-date: /home/ubuntu/ros2_ws/install/ucb_interface/local/lib/python3.10/dist-packages/ucb_interface/libucb_interface__rosidl_generator_py.so
[0.983s] -- Up-to-date: /home/ubuntu/ros2_ws/install/ucb_interface/local/lib/python3.10/dist-packages/ucb_interface/ucb_interface_s__rosidl_typesupport_c.cpython-310-x86_64-linux-gnu.so
[0.983s] -- Up-to-date: /home/ubuntu/ros2_ws/install/ucb_interface/local/lib/python3.10/dist-packages/ucb_interface/msg
[0.984s] -- Up-to-date: /home/ubuntu/ros2_ws/install/ucb_interface/local/lib/python3.10/dist-packages/ucb_interface/msg/_num.py
[0.984s] -- Up-to-date: /home/ubuntu/ros2_ws/install/ucb_interface/local/lib/python3.10/dist-packages/ucb_interface/msg/__init__.py
[0.984s] -- Up-to-date: /home/ubuntu/ros2_ws/install/ucb_interface/local/lib/python3.10/dist-packages/ucb_interface/msg/_sphere.py
[0.984s] -- Up-to-date: /home/ubuntu/ros2_ws/install/ucb_interface/local/lib/python3.10/dist-packages/ucb_interface/msg/_num_s.c
[0.984s] -- Up-to-date: /home/ubuntu/ros2_ws/install/ucb_interface/local/lib/python3.10/dist-packages/ucb_interface/msg/_sphere_s.c
[0.984s] -- Up-to-date: /home/ubuntu/ros2_ws/install/ucb_interface/local/lib/python3.10/dist-packages/ucb_interface/ucb_interface_s__rosidl_typesupport_fastrtps_c.cpython-310-x86_64-linux-gnu.so
[0.984s] -- Up-to-date: /home/ubuntu/ros2_ws/install/ucb_interface/local/lib/python3.10/dist-packages/ucb_interface/_ucb_interface_s.ep.rosidl_typesupport_introspection_c.c
[0.985s] -- Up-to-date: /home/ubuntu/ros2_ws/install/ucb_interface/local/lib/python3.10/dist-packages/ucb_interface/_ucb_interface_s.ep.rosidl_typesupport_c.c
[0.985s] -- Up-to-date: /home/ubuntu/ros2_ws/install/ucb_interface/local/lib/python3.10/dist-packages/ucb_interface/__init__.py
[0.985s] -- Up-to-date: /home/ubuntu/ros2_ws/install/ucb_interface/local/lib/python3.10/dist-packages/ucb_interface/ucb_interface_s__rosidl_typesupport_introspection_c.cpython-310-x86_64-linux-gnu.so
[0.985s] -- Up-to-date: /home/ubuntu/ros2_ws/install/ucb_interface/local/lib/python3.10/dist-packages/ucb_interface/srv
[0.985s] -- Up-to-date: /home/ubuntu/ros2_ws/install/ucb_interface/local/lib/python3.10/dist-packages/ucb_interface/srv/__init__.py
[0.985s] -- Up-to-date: /home/ubuntu/ros2_ws/install/ucb_interface/local/lib/python3.10/dist-packages/ucb_interface/srv/_addtwonumbers.py
[0.985s] -- Up-to-date: /home/ubuntu/ros2_ws/install/ucb_interface/local/lib/python3.10/dist-packages/ucb_interface/srv/_addtwonumbers_s.c
[0.986s] -- Up-to-date: /home/ubuntu/ros2_ws/install/ucb_interface/local/lib/python3.10/dist-packages/ucb_interface/_ucb_interface_s.ep.rosidl_typesupport_fastrtps_c.c
[1.027s] Listing '/home/ubuntu/ros2_ws/install/ucb_interface/local/lib/python3.10/dist-packages/ucb_interface'...
[1.027s] Listing '/home/ubuntu/ros2_ws/install/ucb_interface/local/lib/python3.10/dist-packages/ucb_interface/msg'...
[1.027s] Listing '/home/ubuntu/ros2_ws/install/ucb_interface/local/lib/python3.10/dist-packages/ucb_interface/srv'...
[1.033s] -- Up-to-date: /home/ubuntu/ros2_ws/install/ucb_interface/local/lib/python3.10/dist-packages/ucb_interface/ucb_interface_s__rosidl_typesupport_fastrtps_c.cpython-310-x86_64-linux-gnu.so
[1.034s] -- Up-to-date: /home/ubuntu/ros2_ws/install/ucb_interface/local/lib/python3.10/dist-packages/ucb_interface/ucb_interface_s__rosidl_typesupport_introspection_c.cpython-310-x86_64-linux-gnu.so
[1.035s] -- Up-to-date: /home/ubuntu/ros2_ws/install/ucb_interface/local/lib/python3.10/dist-packages/ucb_interface/ucb_interface_s__rosidl_typesupport_c.cpython-310-x86_64-linux-gnu.so
[1.036s] -- Up-to-date: /home/ubuntu/ros2_ws/install/ucb_interface/lib/libucb_interface__rosidl_generator_py.so
[1.036s] -- Up-to-date: /home/ubuntu/ros2_ws/install/ucb_interface/share/ucb_interface/msg/Num.idl
[1.037s] -- Up-to-date: /home/ubuntu/ros2_ws/install/ucb_interface/share/ucb_interface/msg/Sphere.idl
[1.037s] -- Up-to-date: /home/ubuntu/ros2_ws/install/ucb_interface/share/ucb_interface/srv/Addtwonumbers.idl
[1.037s] -- Up-to-date: /home/ubuntu/ros2_ws/install/ucb_interface/share/ucb_interface/msg/Num.msg
[1.037s] -- Up-to-date: /home/ubuntu/ros2_ws/install/ucb_interface/share/ucb_interface/msg/Sphere.msg
[1.037s] -- Up-to-date: /home/ubuntu/ros2_ws/install/ucb_interface/share/ucb_interface/srv/Addtwonumbers.srv
[1.038s] -- Up-to-date: /home/ubuntu/ros2_ws/install/ucb_interface/share/ucb_interface/srv/Addtwonumbers_Request.msg
[1.038s] -- Up-to-date: /home/ubuntu/ros2_ws/install/ucb_interface/share/ucb_interface/srv/Addtwonumbers_Response.msg
[1.038s] -- Up-to-date: /home/ubuntu/ros2_ws/install/ucb_interface/share/ament_index/resource_index/package_run_dependencies/ucb_interface
[1.038s] -- Up-to-date: /home/ubuntu/ros2_ws/install/ucb_interface/share/ament_index/resource_index/parent_prefix_path/ucb_interface
[1.038s] -- Up-to-date: /home/ubuntu/ros2_ws/install/ucb_interface/share/ucb_interface/environment/ament_prefix_path.sh
[1.038s] -- Up-to-date: /home/ubuntu/ros2_ws/install/ucb_interface/share/ucb_interface/environment/ament_prefix_path.dsv
[1.038s] -- Up-to-date: /home/ubuntu/ros2_ws/install/ucb_interface/share/ucb_interface/environment/path.sh
[1.038s] -- Up-to-date: /home/ubuntu/ros2_ws/install/ucb_interface/share/ucb_interface/environment/path.dsv
[1.039s] -- Up-to-date: /home/ubuntu/ros2_ws/install/ucb_interface/share/ucb_interface/local_setup.bash
[1.039s] -- Up-to-date: /home/ubuntu/ros2_ws/install/ucb_interface/share/ucb_interface/local_setup.sh
[1.039s] -- Up-to-date: /home/ubuntu/ros2_ws/install/ucb_interface/share/ucb_interface/local_setup.zsh
[1.039s] -- Up-to-date: /home/ubuntu/ros2_ws/install/ucb_interface/share/ucb_interface/local_setup.dsv
[1.039s] -- Installing: /home/ubuntu/ros2_ws/install/ucb_interface/share/ucb_interface/package.dsv
[1.039s] -- Up-to-date: /home/ubuntu/ros2_ws/install/ucb_interface/share/ament_index/resource_index/packages/ucb_interface
[1.039s] -- Up-to-date: /home/ubuntu/ros2_ws/install/ucb_interface/share/ucb_interface/cmake/export_ucb_interface__rosidl_generator_cExport.cmake
[1.039s] -- Up-to-date: /home/ubuntu/ros2_ws/install/ucb_interface/share/ucb_interface/cmake/export_ucb_interface__rosidl_generator_cExport-noconfig.cmake
[1.039s] -- Up-to-date: /home/ubuntu/ros2_ws/install/ucb_interface/share/ucb_interface/cmake/export_ucb_interface__rosidl_typesupport_fastrtps_cExport.cmake
[1.040s] -- Up-to-date: /home/ubuntu/ros2_ws/install/ucb_interface/share/ucb_interface/cmake/export_ucb_interface__rosidl_typesupport_fastrtps_cExport-noconfig.cmake
[1.040s] -- Up-to-date: /home/ubuntu/ros2_ws/install/ucb_interface/share/ucb_interface/cmake/export_ucb_interface__rosidl_generator_cppExport.cmake
[1.040s] -- Up-to-date: /home/ubuntu/ros2_ws/install/ucb_interface/share/ucb_interface/cmake/export_ucb_interface__rosidl_typesupport_fastrtps_cppExport.cmake
[1.040s] -- Up-to-date: /home/ubuntu/ros2_ws/install/ucb_interface/share/ucb_interface/cmake/export_ucb_interface__rosidl_typesupport_fastrtps_cppExport-noconfig.cmake
[1.040s] -- Up-to-date: /home/ubuntu/ros2_ws/install/ucb_interface/share/ucb_interface/cmake/ucb_interface__rosidl_typesupport_introspection_cExport.cmake
[1.040s] -- Up-to-date: /home/ubuntu/ros2_ws/install/ucb_interface/share/ucb_interface/cmake/ucb_interface__rosidl_typesupport_introspection_cExport-noconfig.cmake
[1.041s] -- Up-to-date: /home/ubuntu/ros2_ws/install/ucb_interface/share/ucb_interface/cmake/ucb_interface__rosidl_typesupport_cExport.cmake
[1.041s] -- Up-to-date: /home/ubuntu/ros2_ws/install/ucb_interface/share/ucb_interface/cmake/ucb_interface__rosidl_typesupport_cExport-noconfig.cmake
[1.041s] -- Up-to-date: /home/ubuntu/ros2_ws/install/ucb_interface/share/ucb_interface/cmake/ucb_interface__rosidl_typesupport_introspection_cppExport.cmake
[1.041s] -- Up-to-date: /home/ubuntu/ros2_ws/install/ucb_interface/share/ucb_interface/cmake/ucb_interface__rosidl_typesupport_introspection_cppExport-noconfig.cmake
[1.041s] -- Up-to-date: /home/ubuntu/ros2_ws/install/ucb_interface/share/ucb_interface/cmake/ucb_interface__rosidl_typesupport_cppExport.cmake
[1.041s] -- Up-to-date: /home/ubuntu/ros2_ws/install/ucb_interface/share/ucb_interface/cmake/ucb_interface__rosidl_typesupport_cppExport-noconfig.cmake
[1.042s] -- Up-to-date: /home/ubuntu/ros2_ws/install/ucb_interface/share/ucb_interface/cmake/export_ucb_interface__rosidl_generator_pyExport.cmake
[1.042s] -- Up-to-date: /home/ubuntu/ros2_ws/install/ucb_interface/share/ucb_interface/cmake/export_ucb_interface__rosidl_generator_pyExport-noconfig.cmake
[1.042s] -- Up-to-date: /home/ubuntu/ros2_ws/install/ucb_interface/share/ucb_interface/cmake/rosidl_cmake-extras.cmake
[1.042s] -- Up-to-date: /home/ubuntu/ros2_ws/install/ucb_interface/share/ucb_interface/cmake/ament_cmake_export_dependencies-extras.cmake
[1.042s] -- Up-to-date: /home/ubuntu/ros2_ws/install/ucb_interface/share/ucb_interface/cmake/ament_cmake_export_include_directories-extras.cmake
[1.043s] -- Up-to-date: /home/ubuntu/ros2_ws/install/ucb_interface/share/ucb_interface/cmake/ament_cmake_export_libraries-extras.cmake
[1.043s] -- Up-to-date: /home/ubuntu/ros2_ws/install/ucb_interface/share/ucb_interface/cmake/ament_cmake_export_targets-extras.cmake
[1.043s] -- Up-to-date: /home/ubuntu/ros2_ws/install/ucb_interface/share/ucb_interface/cmake/rosidl_cmake_export_typesupport_targets-extras.cmake
[1.043s] -- Up-to-date: /home/ubuntu/ros2_ws/install/ucb_interface/share/ucb_interface/cmake/rosidl_cmake_export_typesupport_libraries-extras.cmake
[1.043s] -- Up-to-date: /home/ubuntu/ros2_ws/install/ucb_interface/share/ucb_interface/cmake/ucb_interfaceConfig.cmake
[1.043s] -- Up-to-date: /home/ubuntu/ros2_ws/install/ucb_interface/share/ucb_interface/cmake/ucb_interfaceConfig-version.cmake
[1.043s] -- Up-to-date: /home/ubuntu/ros2_ws/install/ucb_interface/share/ucb_interface/package.xml
[1.047s] Invoked command in '/home/ubuntu/ros2_ws/build/ucb_interface' returned '0': CMAKE_PREFIX_PATH=${CMAKE_PREFIX_PATH}:/home/ubuntu/ros2_ws/install/my_package_class:/opt/ros/humble /usr/bin/cmake --install /home/ubuntu/ros2_ws/build/ucb_interface
