[0.332s] DEBUG:colcon:Command line arguments: ['/usr/bin/colcon', 'build']
[0.332s] DEBUG:colcon:Parsed command line arguments: Namespace(log_base=None, log_level=None, verb_name='build', build_base='build', install_base='install', merge_install=False, symlink_install=False, test_result_base=None, continue_on_error=False, executor='parallel', parallel_workers=8, event_handlers=None, ignore_user_meta=False, metas=['./colcon.meta'], base_paths=['.'], packages_ignore=None, packages_ignore_regex=None, paths=None, packages_up_to=None, packages_up_to_regex=None, packages_above=None, packages_above_and_dependencies=None, packages_above_depth=None, packages_select_by_dep=None, packages_skip_by_dep=None, packages_skip_up_to=None, packages_select_build_failed=False, packages_skip_build_finished=False, packages_select_test_failures=False, packages_skip_test_passed=False, packages_select=None, packages_skip=None, packages_select_regex=None, packages_skip_regex=None, packages_start=None, packages_end=None, allow_overriding=[], cmake_args=None, cmake_target=None, cmake_target_skip_unavailable=False, cmake_clean_cache=False, cmake_clean_first=False, cmake_force_configure=False, ament_cmake_args=None, catkin_cmake_args=None, catkin_skip_building_tests=False, verb_parser=<colcon_defaults.argument_parser.defaults.DefaultArgumentsDecorator object at 0x7df078e22b60>, verb_extension=<colcon_core.verb.build.BuildVerb object at 0x7df078f9b8b0>, main=<bound method BuildVerb.main of <colcon_core.verb.build.BuildVerb object at 0x7df078f9b8b0>>)
[0.615s] Level 1:colcon.colcon_core.package_discovery:discover_packages(colcon_meta) check parameters
[0.615s] Level 1:colcon.colcon_core.package_discovery:discover_packages(recursive) check parameters
[0.615s] Level 1:colcon.colcon_core.package_discovery:discover_packages(ignore) check parameters
[0.615s] Level 1:colcon.colcon_core.package_discovery:discover_packages(path) check parameters
[0.615s] Level 1:colcon.colcon_core.package_discovery:discover_packages(colcon_meta) discover
[0.615s] Level 1:colcon.colcon_core.package_discovery:discover_packages(recursive) discover
[0.616s] INFO:colcon.colcon_core.package_discovery:Crawling recursively for packages in '/home/ubuntu/ros2_ws'
[0.616s] Level 1:colcon.colcon_core.package_identification:_identify(.) by extensions ['ignore', 'ignore_ament_install']
[0.616s] Level 1:colcon.colcon_core.package_identification:_identify(.) by extension 'ignore'
[0.616s] Level 1:colcon.colcon_core.package_identification:_identify(.) by extension 'ignore_ament_install'
[0.616s] Level 1:colcon.colcon_core.package_identification:_identify(.) by extensions ['colcon_pkg']
[0.616s] Level 1:colcon.colcon_core.package_identification:_identify(.) by extension 'colcon_pkg'
[0.616s] Level 1:colcon.colcon_core.package_identification:_identify(.) by extensions ['colcon_meta']
[0.616s] Level 1:colcon.colcon_core.package_identification:_identify(.) by extension 'colcon_meta'
[0.616s] Level 1:colcon.colcon_core.package_identification:_identify(.) by extensions ['ros']
[0.616s] Level 1:colcon.colcon_core.package_identification:_identify(.) by extension 'ros'
[0.630s] Level 1:colcon.colcon_core.package_identification:_identify(.) by extensions ['cmake', 'python']
[0.630s] Level 1:colcon.colcon_core.package_identification:_identify(.) by extension 'cmake'
[0.630s] Level 1:colcon.colcon_core.package_identification:_identify(.) by extension 'python'
[0.630s] Level 1:colcon.colcon_core.package_identification:_identify(.) by extensions ['python_setup_py']
[0.630s] Level 1:colcon.colcon_core.package_identification:_identify(.) by extension 'python_setup_py'
[0.630s] Level 1:colcon.colcon_core.package_identification:_identify(build) by extensions ['ignore', 'ignore_ament_install']
[0.630s] Level 1:colcon.colcon_core.package_identification:_identify(build) by extension 'ignore'
[0.630s] Level 1:colcon.colcon_core.package_identification:_identify(build) ignored
[0.631s] Level 1:colcon.colcon_core.package_identification:_identify(install) by extensions ['ignore', 'ignore_ament_install']
[0.631s] Level 1:colcon.colcon_core.package_identification:_identify(install) by extension 'ignore'
[0.631s] Level 1:colcon.colcon_core.package_identification:_identify(install) ignored
[0.631s] Level 1:colcon.colcon_core.package_identification:_identify(log) by extensions ['ignore', 'ignore_ament_install']
[0.631s] Level 1:colcon.colcon_core.package_identification:_identify(log) by extension 'ignore'
[0.631s] Level 1:colcon.colcon_core.package_identification:_identify(log) ignored
[0.631s] Level 1:colcon.colcon_core.package_identification:_identify(src) by extensions ['ignore', 'ignore_ament_install']
[0.631s] Level 1:colcon.colcon_core.package_identification:_identify(src) by extension 'ignore'
[0.631s] Level 1:colcon.colcon_core.package_identification:_identify(src) by extension 'ignore_ament_install'
[0.632s] Level 1:colcon.colcon_core.package_identification:_identify(src) by extensions ['colcon_pkg']
[0.632s] Level 1:colcon.colcon_core.package_identification:_identify(src) by extension 'colcon_pkg'
[0.632s] Level 1:colcon.colcon_core.package_identification:_identify(src) by extensions ['colcon_meta']
[0.632s] Level 1:colcon.colcon_core.package_identification:_identify(src) by extension 'colcon_meta'
[0.632s] Level 1:colcon.colcon_core.package_identification:_identify(src) by extensions ['ros']
[0.632s] Level 1:colcon.colcon_core.package_identification:_identify(src) by extension 'ros'
[0.632s] Level 1:colcon.colcon_core.package_identification:_identify(src) by extensions ['cmake', 'python']
[0.632s] Level 1:colcon.colcon_core.package_identification:_identify(src) by extension 'cmake'
[0.632s] Level 1:colcon.colcon_core.package_identification:_identify(src) by extension 'python'
[0.632s] Level 1:colcon.colcon_core.package_identification:_identify(src) by extensions ['python_setup_py']
[0.632s] Level 1:colcon.colcon_core.package_identification:_identify(src) by extension 'python_setup_py'
[0.632s] Level 1:colcon.colcon_core.package_identification:_identify(src/cpp_pubsub) by extensions ['ignore', 'ignore_ament_install']
[0.632s] Level 1:colcon.colcon_core.package_identification:_identify(src/cpp_pubsub) by extension 'ignore'
[0.632s] Level 1:colcon.colcon_core.package_identification:_identify(src/cpp_pubsub) by extension 'ignore_ament_install'
[0.633s] Level 1:colcon.colcon_core.package_identification:_identify(src/cpp_pubsub) by extensions ['colcon_pkg']
[0.633s] Level 1:colcon.colcon_core.package_identification:_identify(src/cpp_pubsub) by extension 'colcon_pkg'
[0.633s] Level 1:colcon.colcon_core.package_identification:_identify(src/cpp_pubsub) by extensions ['colcon_meta']
[0.633s] Level 1:colcon.colcon_core.package_identification:_identify(src/cpp_pubsub) by extension 'colcon_meta'
[0.633s] Level 1:colcon.colcon_core.package_identification:_identify(src/cpp_pubsub) by extensions ['ros']
[0.633s] Level 1:colcon.colcon_core.package_identification:_identify(src/cpp_pubsub) by extension 'ros'
[0.636s] DEBUG:colcon.colcon_core.package_identification:Package 'src/cpp_pubsub' with type 'ros.ament_cmake' and name 'cpp_pubsub'
[0.636s] Level 1:colcon.colcon_core.package_identification:_identify(src/ex_2) by extensions ['ignore', 'ignore_ament_install']
[0.637s] Level 1:colcon.colcon_core.package_identification:_identify(src/ex_2) by extension 'ignore'
[0.637s] Level 1:colcon.colcon_core.package_identification:_identify(src/ex_2) by extension 'ignore_ament_install'
[0.637s] Level 1:colcon.colcon_core.package_identification:_identify(src/ex_2) by extensions ['colcon_pkg']
[0.637s] Level 1:colcon.colcon_core.package_identification:_identify(src/ex_2) by extension 'colcon_pkg'
[0.637s] Level 1:colcon.colcon_core.package_identification:_identify(src/ex_2) by extensions ['colcon_meta']
[0.637s] Level 1:colcon.colcon_core.package_identification:_identify(src/ex_2) by extension 'colcon_meta'
[0.637s] Level 1:colcon.colcon_core.package_identification:_identify(src/ex_2) by extensions ['ros']
[0.637s] Level 1:colcon.colcon_core.package_identification:_identify(src/ex_2) by extension 'ros'
[0.638s] DEBUG:colcon.colcon_core.package_identification:Package 'src/ex_2' with type 'ros.ament_python' and name 'ex_2'
[0.638s] Level 1:colcon.colcon_core.package_identification:_identify(src/my_package_class) by extensions ['ignore', 'ignore_ament_install']
[0.638s] Level 1:colcon.colcon_core.package_identification:_identify(src/my_package_class) by extension 'ignore'
[0.638s] Level 1:colcon.colcon_core.package_identification:_identify(src/my_package_class) by extension 'ignore_ament_install'
[0.638s] Level 1:colcon.colcon_core.package_identification:_identify(src/my_package_class) by extensions ['colcon_pkg']
[0.638s] Level 1:colcon.colcon_core.package_identification:_identify(src/my_package_class) by extension 'colcon_pkg'
[0.638s] Level 1:colcon.colcon_core.package_identification:_identify(src/my_package_class) by extensions ['colcon_meta']
[0.639s] Level 1:colcon.colcon_core.package_identification:_identify(src/my_package_class) by extension 'colcon_meta'
[0.639s] Level 1:colcon.colcon_core.package_identification:_identify(src/my_package_class) by extensions ['ros']
[0.639s] Level 1:colcon.colcon_core.package_identification:_identify(src/my_package_class) by extension 'ros'
[0.639s] DEBUG:colcon.colcon_core.package_identification:Package 'src/my_package_class' with type 'ros.ament_python' and name 'my_package_class'
[0.640s] Level 1:colcon.colcon_core.package_identification:_identify(src/ucb_interface) by extensions ['ignore', 'ignore_ament_install']
[0.640s] Level 1:colcon.colcon_core.package_identification:_identify(src/ucb_interface) by extension 'ignore'
[0.640s] Level 1:colcon.colcon_core.package_identification:_identify(src/ucb_interface) by extension 'ignore_ament_install'
[0.640s] Level 1:colcon.colcon_core.package_identification:_identify(src/ucb_interface) by extensions ['colcon_pkg']
[0.640s] Level 1:colcon.colcon_core.package_identification:_identify(src/ucb_interface) by extension 'colcon_pkg'
[0.640s] Level 1:colcon.colcon_core.package_identification:_identify(src/ucb_interface) by extensions ['colcon_meta']
[0.640s] Level 1:colcon.colcon_core.package_identification:_identify(src/ucb_interface) by extension 'colcon_meta'
[0.640s] Level 1:colcon.colcon_core.package_identification:_identify(src/ucb_interface) by extensions ['ros']
[0.640s] Level 1:colcon.colcon_core.package_identification:_identify(src/ucb_interface) by extension 'ros'
[0.641s] DEBUG:colcon.colcon_core.package_identification:Package 'src/ucb_interface' with type 'ros.ament_cmake' and name 'ucb_interface'
[0.641s] Level 1:colcon.colcon_core.package_discovery:discover_packages(recursive) using defaults
[0.641s] Level 1:colcon.colcon_core.package_discovery:discover_packages(ignore) discover
[0.641s] Level 1:colcon.colcon_core.package_discovery:discover_packages(ignore) using defaults
[0.641s] Level 1:colcon.colcon_core.package_discovery:discover_packages(path) discover
[0.641s] Level 1:colcon.colcon_core.package_discovery:discover_packages(path) using defaults
[0.672s] Level 1:colcon.colcon_core.package_discovery:discover_packages(prefix_path) check parameters
[0.672s] Level 1:colcon.colcon_core.package_discovery:discover_packages(prefix_path) discover
[0.675s] DEBUG:colcon.colcon_installed_package_information.package_discovery:Found 3 installed packages in /home/ubuntu/ros2_ws/install
[0.677s] DEBUG:colcon.colcon_installed_package_information.package_discovery:Found 271 installed packages in /opt/ros/humble
[0.679s] Level 1:colcon.colcon_core.package_discovery:discover_packages(prefix_path) using defaults
[0.733s] Level 5:colcon.colcon_core.verb:set package 'cpp_pubsub' build argument 'cmake_args' from command line to 'None'
[0.733s] Level 5:colcon.colcon_core.verb:set package 'cpp_pubsub' build argument 'cmake_target' from command line to 'None'
[0.733s] Level 5:colcon.colcon_core.verb:set package 'cpp_pubsub' build argument 'cmake_target_skip_unavailable' from command line to 'False'
[0.733s] Level 5:colcon.colcon_core.verb:set package 'cpp_pubsub' build argument 'cmake_clean_cache' from command line to 'False'
[0.733s] Level 5:colcon.colcon_core.verb:set package 'cpp_pubsub' build argument 'cmake_clean_first' from command line to 'False'
[0.733s] Level 5:colcon.colcon_core.verb:set package 'cpp_pubsub' build argument 'cmake_force_configure' from command line to 'False'
[0.733s] Level 5:colcon.colcon_core.verb:set package 'cpp_pubsub' build argument 'ament_cmake_args' from command line to 'None'
[0.733s] Level 5:colcon.colcon_core.verb:set package 'cpp_pubsub' build argument 'catkin_cmake_args' from command line to 'None'
[0.733s] Level 5:colcon.colcon_core.verb:set package 'cpp_pubsub' build argument 'catkin_skip_building_tests' from command line to 'False'
[0.733s] DEBUG:colcon.colcon_core.verb:Building package 'cpp_pubsub' with the following arguments: {'ament_cmake_args': None, 'build_base': '/home/ubuntu/ros2_ws/build/cpp_pubsub', 'catkin_cmake_args': None, 'catkin_skip_building_tests': False, 'cmake_args': None, 'cmake_clean_cache': False, 'cmake_clean_first': False, 'cmake_force_configure': False, 'cmake_target': None, 'cmake_target_skip_unavailable': False, 'install_base': '/home/ubuntu/ros2_ws/install/cpp_pubsub', 'merge_install': False, 'path': '/home/ubuntu/ros2_ws/src/cpp_pubsub', 'symlink_install': False, 'test_result_base': None}
[0.734s] Level 5:colcon.colcon_core.verb:set package 'ex_2' build argument 'cmake_args' from command line to 'None'
[0.734s] Level 5:colcon.colcon_core.verb:set package 'ex_2' build argument 'cmake_target' from command line to 'None'
[0.734s] Level 5:colcon.colcon_core.verb:set package 'ex_2' build argument 'cmake_target_skip_unavailable' from command line to 'False'
[0.734s] Level 5:colcon.colcon_core.verb:set package 'ex_2' build argument 'cmake_clean_cache' from command line to 'False'
[0.734s] Level 5:colcon.colcon_core.verb:set package 'ex_2' build argument 'cmake_clean_first' from command line to 'False'
[0.734s] Level 5:colcon.colcon_core.verb:set package 'ex_2' build argument 'cmake_force_configure' from command line to 'False'
[0.734s] Level 5:colcon.colcon_core.verb:set package 'ex_2' build argument 'ament_cmake_args' from command line to 'None'
[0.734s] Level 5:colcon.colcon_core.verb:set package 'ex_2' build argument 'catkin_cmake_args' from command line to 'None'
[0.734s] Level 5:colcon.colcon_core.verb:set package 'ex_2' build argument 'catkin_skip_building_tests' from command line to 'False'
[0.734s] DEBUG:colcon.colcon_core.verb:Building package 'ex_2' with the following arguments: {'ament_cmake_args': None, 'build_base': '/home/ubuntu/ros2_ws/build/ex_2', 'catkin_cmake_args': None, 'catkin_skip_building_tests': False, 'cmake_args': None, 'cmake_clean_cache': False, 'cmake_clean_first': False, 'cmake_force_configure': False, 'cmake_target': None, 'cmake_target_skip_unavailable': False, 'install_base': '/home/ubuntu/ros2_ws/install/ex_2', 'merge_install': False, 'path': '/home/ubuntu/ros2_ws/src/ex_2', 'symlink_install': False, 'test_result_base': None}
[0.735s] Level 5:colcon.colcon_core.verb:set package 'my_package_class' build argument 'cmake_args' from command line to 'None'
[0.735s] Level 5:colcon.colcon_core.verb:set package 'my_package_class' build argument 'cmake_target' from command line to 'None'
[0.735s] Level 5:colcon.colcon_core.verb:set package 'my_package_class' build argument 'cmake_target_skip_unavailable' from command line to 'False'
[0.735s] Level 5:colcon.colcon_core.verb:set package 'my_package_class' build argument 'cmake_clean_cache' from command line to 'False'
[0.735s] Level 5:colcon.colcon_core.verb:set package 'my_package_class' build argument 'cmake_clean_first' from command line to 'False'
[0.735s] Level 5:colcon.colcon_core.verb:set package 'my_package_class' build argument 'cmake_force_configure' from command line to 'False'
[0.735s] Level 5:colcon.colcon_core.verb:set package 'my_package_class' build argument 'ament_cmake_args' from command line to 'None'
[0.735s] Level 5:colcon.colcon_core.verb:set package 'my_package_class' build argument 'catkin_cmake_args' from command line to 'None'
[0.735s] Level 5:colcon.colcon_core.verb:set package 'my_package_class' build argument 'catkin_skip_building_tests' from command line to 'False'
[0.735s] DEBUG:colcon.colcon_core.verb:Building package 'my_package_class' with the following arguments: {'ament_cmake_args': None, 'build_base': '/home/ubuntu/ros2_ws/build/my_package_class', 'catkin_cmake_args': None, 'catkin_skip_building_tests': False, 'cmake_args': None, 'cmake_clean_cache': False, 'cmake_clean_first': False, 'cmake_force_configure': False, 'cmake_target': None, 'cmake_target_skip_unavailable': False, 'install_base': '/home/ubuntu/ros2_ws/install/my_package_class', 'merge_install': False, 'path': '/home/ubuntu/ros2_ws/src/my_package_class', 'symlink_install': False, 'test_result_base': None}
[0.735s] Level 5:colcon.colcon_core.verb:set package 'ucb_interface' build argument 'cmake_args' from command line to 'None'
[0.735s] Level 5:colcon.colcon_core.verb:set package 'ucb_interface' build argument 'cmake_target' from command line to 'None'
[0.735s] Level 5:colcon.colcon_core.verb:set package 'ucb_interface' build argument 'cmake_target_skip_unavailable' from command line to 'False'
[0.735s] Level 5:colcon.colcon_core.verb:set package 'ucb_interface' build argument 'cmake_clean_cache' from command line to 'False'
[0.735s] Level 5:colcon.colcon_core.verb:set package 'ucb_interface' build argument 'cmake_clean_first' from command line to 'False'
[0.735s] Level 5:colcon.colcon_core.verb:set package 'ucb_interface' build argument 'cmake_force_configure' from command line to 'False'
[0.735s] Level 5:colcon.colcon_core.verb:set package 'ucb_interface' build argument 'ament_cmake_args' from command line to 'None'
[0.735s] Level 5:colcon.colcon_core.verb:set package 'ucb_interface' build argument 'catkin_cmake_args' from command line to 'None'
[0.736s] Level 5:colcon.colcon_core.verb:set package 'ucb_interface' build argument 'catkin_skip_building_tests' from command line to 'False'
[0.736s] DEBUG:colcon.colcon_core.verb:Building package 'ucb_interface' with the following arguments: {'ament_cmake_args': None, 'build_base': '/home/ubuntu/ros2_ws/build/ucb_interface', 'catkin_cmake_args': None, 'catkin_skip_building_tests': False, 'cmake_args': None, 'cmake_clean_cache': False, 'cmake_clean_first': False, 'cmake_force_configure': False, 'cmake_target': None, 'cmake_target_skip_unavailable': False, 'install_base': '/home/ubuntu/ros2_ws/install/ucb_interface', 'merge_install': False, 'path': '/home/ubuntu/ros2_ws/src/ucb_interface', 'symlink_install': False, 'test_result_base': None}
[0.736s] INFO:colcon.colcon_core.executor:Executing jobs using 'parallel' executor
[0.737s] DEBUG:colcon.colcon_parallel_executor.executor.parallel:run_until_complete
[0.737s] INFO:colcon.colcon_ros.task.ament_cmake.build:Building ROS package in '/home/ubuntu/ros2_ws/src/cpp_pubsub' with build type 'ament_cmake'
[0.738s] INFO:colcon.colcon_cmake.task.cmake.build:Building CMake package in '/home/ubuntu/ros2_ws/src/cpp_pubsub'
[0.742s] INFO:colcon.colcon_core.plugin_system:Skipping extension 'colcon_core.shell.bat': Not used on non-Windows systems
[0.742s] INFO:colcon.colcon_core.shell:Skip shell extension 'powershell' for command environment: Not usable outside of PowerShell
[0.742s] DEBUG:colcon.colcon_core.shell:Skip shell extension 'dsv' for command environment
[0.746s] INFO:colcon.colcon_ros.task.ament_python.build:Building ROS package in '/home/ubuntu/ros2_ws/src/ex_2' with build type 'ament_python'
[0.747s] Level 1:colcon.colcon_core.shell:create_environment_hook('ex_2', 'ament_prefix_path')
[0.747s] INFO:colcon.colcon_core.shell:Creating environment hook '/home/ubuntu/ros2_ws/install/ex_2/share/ex_2/hook/ament_prefix_path.ps1'
[0.748s] INFO:colcon.colcon_core.shell:Creating environment descriptor '/home/ubuntu/ros2_ws/install/ex_2/share/ex_2/hook/ament_prefix_path.dsv'
[0.749s] INFO:colcon.colcon_core.shell:Creating environment hook '/home/ubuntu/ros2_ws/install/ex_2/share/ex_2/hook/ament_prefix_path.sh'
[0.750s] INFO:colcon.colcon_core.shell:Skip shell extension 'powershell' for command environment: Not usable outside of PowerShell
[0.751s] DEBUG:colcon.colcon_core.shell:Skip shell extension 'dsv' for command environment
[0.755s] INFO:colcon.colcon_ros.task.ament_python.build:Building ROS package in '/home/ubuntu/ros2_ws/src/my_package_class' with build type 'ament_python'
[0.755s] Level 1:colcon.colcon_core.shell:create_environment_hook('my_package_class', 'ament_prefix_path')
[0.755s] INFO:colcon.colcon_core.shell:Creating environment hook '/home/ubuntu/ros2_ws/install/my_package_class/share/my_package_class/hook/ament_prefix_path.ps1'
[0.756s] INFO:colcon.colcon_core.shell:Creating environment descriptor '/home/ubuntu/ros2_ws/install/my_package_class/share/my_package_class/hook/ament_prefix_path.dsv'
[0.757s] INFO:colcon.colcon_core.shell:Creating environment hook '/home/ubuntu/ros2_ws/install/my_package_class/share/my_package_class/hook/ament_prefix_path.sh'
[0.758s] INFO:colcon.colcon_core.shell:Skip shell extension 'powershell' for command environment: Not usable outside of PowerShell
[0.758s] DEBUG:colcon.colcon_core.shell:Skip shell extension 'dsv' for command environment
[0.762s] INFO:colcon.colcon_ros.task.ament_cmake.build:Building ROS package in '/home/ubuntu/ros2_ws/src/ucb_interface' with build type 'ament_cmake'
[0.762s] INFO:colcon.colcon_cmake.task.cmake.build:Building CMake package in '/home/ubuntu/ros2_ws/src/ucb_interface'
[0.762s] INFO:colcon.colcon_core.shell:Skip shell extension 'powershell' for command environment: Not usable outside of PowerShell
[0.762s] DEBUG:colcon.colcon_core.shell:Skip shell extension 'dsv' for command environment
[0.773s] DEBUG:colcon.colcon_core.event_handler.log_command:Invoking command in '/home/ubuntu/ros2_ws/build/cpp_pubsub': CMAKE_PREFIX_PATH=${CMAKE_PREFIX_PATH}:/home/ubuntu/ros2_ws/install/my_package_class:/opt/ros/humble /usr/bin/cmake --build /home/ubuntu/ros2_ws/build/cpp_pubsub -- -j8 -l8
[1.133s] INFO:colcon.colcon_core.task.python.build:Building Python package in '/home/ubuntu/ros2_ws/src/ex_2'
[1.133s] INFO:colcon.colcon_core.shell:Skip shell extension 'powershell' for command environment: Not usable outside of PowerShell
[1.134s] DEBUG:colcon.colcon_core.shell:Skip shell extension 'dsv' for command environment
[1.408s] INFO:colcon.colcon_core.task.python.build:Building Python package in '/home/ubuntu/ros2_ws/src/my_package_class'
[1.408s] INFO:colcon.colcon_core.shell:Skip shell extension 'powershell' for command environment: Not usable outside of PowerShell
[1.408s] DEBUG:colcon.colcon_core.shell:Skip shell extension 'dsv' for command environment
[1.416s] DEBUG:colcon.colcon_core.event_handler.log_command:Invoked command in '/home/ubuntu/ros2_ws/build/cpp_pubsub' returned '0': CMAKE_PREFIX_PATH=${CMAKE_PREFIX_PATH}:/home/ubuntu/ros2_ws/install/my_package_class:/opt/ros/humble /usr/bin/cmake --build /home/ubuntu/ros2_ws/build/cpp_pubsub -- -j8 -l8
[1.428s] DEBUG:colcon.colcon_core.event_handler.log_command:Invoking command in '/home/ubuntu/ros2_ws/build/cpp_pubsub': CMAKE_PREFIX_PATH=${CMAKE_PREFIX_PATH}:/home/ubuntu/ros2_ws/install/my_package_class:/opt/ros/humble /usr/bin/cmake --install /home/ubuntu/ros2_ws/build/cpp_pubsub
[1.434s] DEBUG:colcon.colcon_core.event_handler.log_command:Invoking command in '/home/ubuntu/ros2_ws/build/ucb_interface': CMAKE_PREFIX_PATH=${CMAKE_PREFIX_PATH}:/home/ubuntu/ros2_ws/install/my_package_class:/opt/ros/humble /usr/bin/cmake --build /home/ubuntu/ros2_ws/build/ucb_interface -- -j8 -l8
[1.446s] Level 1:colcon.colcon_core.environment:create_environment_scripts_only(cpp_pubsub)
[1.447s] DEBUG:colcon.colcon_core.event_handler.log_command:Invoked command in '/home/ubuntu/ros2_ws/build/cpp_pubsub' returned '0': CMAKE_PREFIX_PATH=${CMAKE_PREFIX_PATH}:/home/ubuntu/ros2_ws/install/my_package_class:/opt/ros/humble /usr/bin/cmake --install /home/ubuntu/ros2_ws/build/cpp_pubsub
[1.452s] Level 1:colcon.colcon_core.environment:checking '/home/ubuntu/ros2_ws/install/cpp_pubsub' for CMake module files
[1.453s] Level 1:colcon.colcon_core.environment:checking '/home/ubuntu/ros2_ws/install/cpp_pubsub' for CMake config files
[1.454s] Level 1:colcon.colcon_core.shell:create_environment_hook('cpp_pubsub', 'cmake_prefix_path')
[1.454s] INFO:colcon.colcon_core.shell:Creating environment hook '/home/ubuntu/ros2_ws/install/cpp_pubsub/share/cpp_pubsub/hook/cmake_prefix_path.ps1'
[1.455s] INFO:colcon.colcon_core.shell:Creating environment descriptor '/home/ubuntu/ros2_ws/install/cpp_pubsub/share/cpp_pubsub/hook/cmake_prefix_path.dsv'
[1.456s] INFO:colcon.colcon_core.shell:Creating environment hook '/home/ubuntu/ros2_ws/install/cpp_pubsub/share/cpp_pubsub/hook/cmake_prefix_path.sh'
[1.456s] Level 1:colcon.colcon_core.environment:checking '/home/ubuntu/ros2_ws/install/cpp_pubsub/lib'
[1.457s] Level 1:colcon.colcon_core.environment:checking '/home/ubuntu/ros2_ws/install/cpp_pubsub/bin'
[1.457s] Level 1:colcon.colcon_core.environment:checking '/home/ubuntu/ros2_ws/install/cpp_pubsub/lib/pkgconfig/cpp_pubsub.pc'
[1.457s] Level 1:colcon.colcon_core.environment:checking '/home/ubuntu/ros2_ws/install/cpp_pubsub/lib/python3.10/site-packages'
[1.457s] Level 1:colcon.colcon_core.environment:checking '/home/ubuntu/ros2_ws/install/cpp_pubsub/bin'
[1.458s] INFO:colcon.colcon_core.shell:Creating package script '/home/ubuntu/ros2_ws/install/cpp_pubsub/share/cpp_pubsub/package.ps1'
[1.459s] INFO:colcon.colcon_core.shell:Creating package descriptor '/home/ubuntu/ros2_ws/install/cpp_pubsub/share/cpp_pubsub/package.dsv'
[1.460s] INFO:colcon.colcon_core.shell:Creating package script '/home/ubuntu/ros2_ws/install/cpp_pubsub/share/cpp_pubsub/package.sh'
[1.461s] INFO:colcon.colcon_core.shell:Creating package script '/home/ubuntu/ros2_ws/install/cpp_pubsub/share/cpp_pubsub/package.bash'
[1.462s] INFO:colcon.colcon_core.shell:Creating package script '/home/ubuntu/ros2_ws/install/cpp_pubsub/share/cpp_pubsub/package.zsh'
[1.464s] Level 1:colcon.colcon_core.environment:create_file_with_runtime_dependencies(/home/ubuntu/ros2_ws/install/cpp_pubsub/share/colcon-core/packages/cpp_pubsub)
[1.464s] Level 1:colcon.colcon_core.environment:create_environment_scripts_only(cpp_pubsub)
[1.465s] Level 1:colcon.colcon_core.environment:checking '/home/ubuntu/ros2_ws/install/cpp_pubsub' for CMake module files
[1.465s] Level 1:colcon.colcon_core.environment:checking '/home/ubuntu/ros2_ws/install/cpp_pubsub' for CMake config files
[1.466s] Level 1:colcon.colcon_core.shell:create_environment_hook('cpp_pubsub', 'cmake_prefix_path')
[1.466s] INFO:colcon.colcon_core.shell:Creating environment hook '/home/ubuntu/ros2_ws/install/cpp_pubsub/share/cpp_pubsub/hook/cmake_prefix_path.ps1'
[1.467s] INFO:colcon.colcon_core.shell:Creating environment descriptor '/home/ubuntu/ros2_ws/install/cpp_pubsub/share/cpp_pubsub/hook/cmake_prefix_path.dsv'
[1.468s] INFO:colcon.colcon_core.shell:Creating environment hook '/home/ubuntu/ros2_ws/install/cpp_pubsub/share/cpp_pubsub/hook/cmake_prefix_path.sh'
[1.468s] Level 1:colcon.colcon_core.environment:checking '/home/ubuntu/ros2_ws/install/cpp_pubsub/lib'
[1.468s] Level 1:colcon.colcon_core.environment:checking '/home/ubuntu/ros2_ws/install/cpp_pubsub/bin'
[1.469s] Level 1:colcon.colcon_core.environment:checking '/home/ubuntu/ros2_ws/install/cpp_pubsub/lib/pkgconfig/cpp_pubsub.pc'
[1.469s] Level 1:colcon.colcon_core.environment:checking '/home/ubuntu/ros2_ws/install/cpp_pubsub/lib/python3.10/site-packages'
[1.469s] Level 1:colcon.colcon_core.environment:checking '/home/ubuntu/ros2_ws/install/cpp_pubsub/bin'
[1.470s] INFO:colcon.colcon_core.shell:Creating package script '/home/ubuntu/ros2_ws/install/cpp_pubsub/share/cpp_pubsub/package.ps1'
[1.470s] INFO:colcon.colcon_core.shell:Creating package descriptor '/home/ubuntu/ros2_ws/install/cpp_pubsub/share/cpp_pubsub/package.dsv'
[1.471s] INFO:colcon.colcon_core.shell:Creating package script '/home/ubuntu/ros2_ws/install/cpp_pubsub/share/cpp_pubsub/package.sh'
[1.472s] INFO:colcon.colcon_core.shell:Creating package script '/home/ubuntu/ros2_ws/install/cpp_pubsub/share/cpp_pubsub/package.bash'
[1.473s] INFO:colcon.colcon_core.shell:Creating package script '/home/ubuntu/ros2_ws/install/cpp_pubsub/share/cpp_pubsub/package.zsh'
[1.474s] Level 1:colcon.colcon_core.environment:create_file_with_runtime_dependencies(/home/ubuntu/ros2_ws/install/cpp_pubsub/share/colcon-core/packages/cpp_pubsub)
[1.870s] DEBUG:colcon.colcon_core.event_handler.log_command:Invoking command in '/home/ubuntu/ros2_ws/src/ex_2': PYTHONPATH=/home/ubuntu/ros2_ws/build/ex_2/prefix_override:/usr/lib/python3/dist-packages/colcon_core/task/python/colcon_distutils_commands:/home/ubuntu/ros2_ws/install/ex_2/lib/python3.10/site-packages:${PYTHONPATH} /usr/bin/python3 -W ignore:setup.py install is deprecated -W ignore:easy_install command is deprecated setup.py egg_info --egg-base ../../build/ex_2 build --build-base /home/ubuntu/ros2_ws/build/ex_2/build install --record /home/ubuntu/ros2_ws/build/ex_2/install.log --single-version-externally-managed install_data
[1.871s] DEBUG:colcon.colcon_core.event_handler.log_command:Invoking command in '/home/ubuntu/ros2_ws/src/my_package_class': PYTHONPATH=/home/ubuntu/ros2_ws/build/my_package_class/prefix_override:/usr/lib/python3/dist-packages/colcon_core/task/python/colcon_distutils_commands:/home/ubuntu/ros2_ws/install/my_package_class/lib/python3.10/site-packages:${PYTHONPATH} /usr/bin/python3 -W ignore:setup.py install is deprecated -W ignore:easy_install command is deprecated setup.py egg_info --egg-base ../../build/my_package_class build --build-base /home/ubuntu/ros2_ws/build/my_package_class/build install --record /home/ubuntu/ros2_ws/build/my_package_class/install.log --single-version-externally-managed install_data
[2.221s] Level 1:colcon.colcon_core.environment:checking '/home/ubuntu/ros2_ws/install/ex_2' for CMake module files
[2.222s] DEBUG:colcon.colcon_core.event_handler.log_command:Invoked command in '/home/ubuntu/ros2_ws/src/ex_2' returned '0': PYTHONPATH=/home/ubuntu/ros2_ws/build/ex_2/prefix_override:/usr/lib/python3/dist-packages/colcon_core/task/python/colcon_distutils_commands:/home/ubuntu/ros2_ws/install/ex_2/lib/python3.10/site-packages:${PYTHONPATH} /usr/bin/python3 -W ignore:setup.py install is deprecated -W ignore:easy_install command is deprecated setup.py egg_info --egg-base ../../build/ex_2 build --build-base /home/ubuntu/ros2_ws/build/ex_2/build install --record /home/ubuntu/ros2_ws/build/ex_2/install.log --single-version-externally-managed install_data
[2.223s] Level 1:colcon.colcon_core.environment:checking '/home/ubuntu/ros2_ws/install/ex_2' for CMake config files
[2.224s] Level 1:colcon.colcon_core.environment:checking '/home/ubuntu/ros2_ws/install/ex_2/lib'
[2.224s] Level 1:colcon.colcon_core.environment:checking '/home/ubuntu/ros2_ws/install/ex_2/bin'
[2.224s] Level 1:colcon.colcon_core.environment:checking '/home/ubuntu/ros2_ws/install/ex_2/lib/pkgconfig/ex_2.pc'
[2.224s] Level 1:colcon.colcon_core.environment:checking '/home/ubuntu/ros2_ws/install/ex_2/lib/python3.10/site-packages'
[2.224s] Level 1:colcon.colcon_core.shell:create_environment_hook('ex_2', 'pythonpath')
[2.225s] INFO:colcon.colcon_core.shell:Creating environment hook '/home/ubuntu/ros2_ws/install/ex_2/share/ex_2/hook/pythonpath.ps1'
[2.225s] INFO:colcon.colcon_core.shell:Creating environment descriptor '/home/ubuntu/ros2_ws/install/ex_2/share/ex_2/hook/pythonpath.dsv'
[2.225s] INFO:colcon.colcon_core.shell:Creating environment hook '/home/ubuntu/ros2_ws/install/ex_2/share/ex_2/hook/pythonpath.sh'
[2.226s] Level 1:colcon.colcon_core.environment:checking '/home/ubuntu/ros2_ws/install/ex_2/bin'
[2.226s] Level 1:colcon.colcon_core.environment:create_environment_scripts_only(ex_2)
[2.227s] INFO:colcon.colcon_core.shell:Creating package script '/home/ubuntu/ros2_ws/install/ex_2/share/ex_2/package.ps1'
[2.227s] INFO:colcon.colcon_core.shell:Creating package descriptor '/home/ubuntu/ros2_ws/install/ex_2/share/ex_2/package.dsv'
[2.228s] INFO:colcon.colcon_core.shell:Creating package script '/home/ubuntu/ros2_ws/install/ex_2/share/ex_2/package.sh'
[2.228s] INFO:colcon.colcon_core.shell:Creating package script '/home/ubuntu/ros2_ws/install/ex_2/share/ex_2/package.bash'
[2.229s] INFO:colcon.colcon_core.shell:Creating package script '/home/ubuntu/ros2_ws/install/ex_2/share/ex_2/package.zsh'
[2.230s] Level 1:colcon.colcon_core.environment:create_file_with_runtime_dependencies(/home/ubuntu/ros2_ws/install/ex_2/share/colcon-core/packages/ex_2)
[2.244s] Level 1:colcon.colcon_core.environment:checking '/home/ubuntu/ros2_ws/install/my_package_class' for CMake module files
[2.244s] DEBUG:colcon.colcon_core.event_handler.log_command:Invoked command in '/home/ubuntu/ros2_ws/src/my_package_class' returned '0': PYTHONPATH=/home/ubuntu/ros2_ws/build/my_package_class/prefix_override:/usr/lib/python3/dist-packages/colcon_core/task/python/colcon_distutils_commands:/home/ubuntu/ros2_ws/install/my_package_class/lib/python3.10/site-packages:${PYTHONPATH} /usr/bin/python3 -W ignore:setup.py install is deprecated -W ignore:easy_install command is deprecated setup.py egg_info --egg-base ../../build/my_package_class build --build-base /home/ubuntu/ros2_ws/build/my_package_class/build install --record /home/ubuntu/ros2_ws/build/my_package_class/install.log --single-version-externally-managed install_data
[2.245s] Level 1:colcon.colcon_core.environment:checking '/home/ubuntu/ros2_ws/install/my_package_class' for CMake config files
[2.246s] Level 1:colcon.colcon_core.environment:checking '/home/ubuntu/ros2_ws/install/my_package_class/lib'
[2.246s] Level 1:colcon.colcon_core.environment:checking '/home/ubuntu/ros2_ws/install/my_package_class/bin'
[2.246s] Level 1:colcon.colcon_core.environment:checking '/home/ubuntu/ros2_ws/install/my_package_class/lib/pkgconfig/my_package_class.pc'
[2.247s] Level 1:colcon.colcon_core.environment:checking '/home/ubuntu/ros2_ws/install/my_package_class/lib/python3.10/site-packages'
[2.247s] Level 1:colcon.colcon_core.shell:create_environment_hook('my_package_class', 'pythonpath')
[2.247s] INFO:colcon.colcon_core.shell:Creating environment hook '/home/ubuntu/ros2_ws/install/my_package_class/share/my_package_class/hook/pythonpath.ps1'
[2.248s] INFO:colcon.colcon_core.shell:Creating environment descriptor '/home/ubuntu/ros2_ws/install/my_package_class/share/my_package_class/hook/pythonpath.dsv'
[2.249s] INFO:colcon.colcon_core.shell:Creating environment hook '/home/ubuntu/ros2_ws/install/my_package_class/share/my_package_class/hook/pythonpath.sh'
[2.250s] Level 1:colcon.colcon_core.environment:checking '/home/ubuntu/ros2_ws/install/my_package_class/bin'
[2.250s] Level 1:colcon.colcon_core.environment:create_environment_scripts_only(my_package_class)
[2.250s] INFO:colcon.colcon_core.shell:Creating package script '/home/ubuntu/ros2_ws/install/my_package_class/share/my_package_class/package.ps1'
[2.251s] INFO:colcon.colcon_core.shell:Creating package descriptor '/home/ubuntu/ros2_ws/install/my_package_class/share/my_package_class/package.dsv'
[2.252s] INFO:colcon.colcon_core.shell:Creating package script '/home/ubuntu/ros2_ws/install/my_package_class/share/my_package_class/package.sh'
[2.253s] INFO:colcon.colcon_core.shell:Creating package script '/home/ubuntu/ros2_ws/install/my_package_class/share/my_package_class/package.bash'
[2.254s] INFO:colcon.colcon_core.shell:Creating package script '/home/ubuntu/ros2_ws/install/my_package_class/share/my_package_class/package.zsh'
[2.254s] Level 1:colcon.colcon_core.environment:create_file_with_runtime_dependencies(/home/ubuntu/ros2_ws/install/my_package_class/share/colcon-core/packages/my_package_class)
[7.341s] DEBUG:colcon.colcon_core.event_handler.log_command:Invoked command in '/home/ubuntu/ros2_ws/build/ucb_interface' returned '0': CMAKE_PREFIX_PATH=${CMAKE_PREFIX_PATH}:/home/ubuntu/ros2_ws/install/my_package_class:/opt/ros/humble /usr/bin/cmake --build /home/ubuntu/ros2_ws/build/ucb_interface -- -j8 -l8
[7.344s] DEBUG:colcon.colcon_core.event_handler.log_command:Invoking command in '/home/ubuntu/ros2_ws/build/ucb_interface': CMAKE_PREFIX_PATH=${CMAKE_PREFIX_PATH}:/home/ubuntu/ros2_ws/install/my_package_class:/opt/ros/humble /usr/bin/cmake --install /home/ubuntu/ros2_ws/build/ucb_interface
[7.445s] Level 1:colcon.colcon_core.environment:create_environment_scripts_only(ucb_interface)
[7.445s] Level 1:colcon.colcon_core.environment:checking '/home/ubuntu/ros2_ws/install/ucb_interface' for CMake module files
[7.446s] DEBUG:colcon.colcon_core.event_handler.log_command:Invoked command in '/home/ubuntu/ros2_ws/build/ucb_interface' returned '0': CMAKE_PREFIX_PATH=${CMAKE_PREFIX_PATH}:/home/ubuntu/ros2_ws/install/my_package_class:/opt/ros/humble /usr/bin/cmake --install /home/ubuntu/ros2_ws/build/ucb_interface
[7.446s] Level 1:colcon.colcon_core.environment:checking '/home/ubuntu/ros2_ws/install/ucb_interface' for CMake config files
[7.447s] Level 1:colcon.colcon_core.shell:create_environment_hook('ucb_interface', 'cmake_prefix_path')
[7.447s] INFO:colcon.colcon_core.shell:Creating environment hook '/home/ubuntu/ros2_ws/install/ucb_interface/share/ucb_interface/hook/cmake_prefix_path.ps1'
[7.447s] INFO:colcon.colcon_core.shell:Creating environment descriptor '/home/ubuntu/ros2_ws/install/ucb_interface/share/ucb_interface/hook/cmake_prefix_path.dsv'
[7.448s] INFO:colcon.colcon_core.shell:Creating environment hook '/home/ubuntu/ros2_ws/install/ucb_interface/share/ucb_interface/hook/cmake_prefix_path.sh'
[7.449s] Level 1:colcon.colcon_core.environment:checking '/home/ubuntu/ros2_ws/install/ucb_interface/lib'
[7.449s] Level 1:colcon.colcon_core.shell:create_environment_hook('ucb_interface', 'ld_library_path_lib')
[7.449s] INFO:colcon.colcon_core.shell:Creating environment hook '/home/ubuntu/ros2_ws/install/ucb_interface/share/ucb_interface/hook/ld_library_path_lib.ps1'
[7.449s] INFO:colcon.colcon_core.shell:Creating environment descriptor '/home/ubuntu/ros2_ws/install/ucb_interface/share/ucb_interface/hook/ld_library_path_lib.dsv'
[7.450s] INFO:colcon.colcon_core.shell:Creating environment hook '/home/ubuntu/ros2_ws/install/ucb_interface/share/ucb_interface/hook/ld_library_path_lib.sh'
[7.450s] Level 1:colcon.colcon_core.environment:checking '/home/ubuntu/ros2_ws/install/ucb_interface/bin'
[7.450s] Level 1:colcon.colcon_core.environment:checking '/home/ubuntu/ros2_ws/install/ucb_interface/lib/pkgconfig/ucb_interface.pc'
[7.451s] Level 1:colcon.colcon_core.environment:checking '/home/ubuntu/ros2_ws/install/ucb_interface/lib/python3.10/site-packages'
[7.451s] Level 1:colcon.colcon_core.environment:checking '/home/ubuntu/ros2_ws/install/ucb_interface/bin'
[7.451s] INFO:colcon.colcon_core.shell:Creating package script '/home/ubuntu/ros2_ws/install/ucb_interface/share/ucb_interface/package.ps1'
[7.452s] INFO:colcon.colcon_core.shell:Creating package descriptor '/home/ubuntu/ros2_ws/install/ucb_interface/share/ucb_interface/package.dsv'
[7.452s] INFO:colcon.colcon_core.shell:Creating package script '/home/ubuntu/ros2_ws/install/ucb_interface/share/ucb_interface/package.sh'
[7.453s] INFO:colcon.colcon_core.shell:Creating package script '/home/ubuntu/ros2_ws/install/ucb_interface/share/ucb_interface/package.bash'
[7.453s] INFO:colcon.colcon_core.shell:Creating package script '/home/ubuntu/ros2_ws/install/ucb_interface/share/ucb_interface/package.zsh'
[7.453s] Level 1:colcon.colcon_core.environment:create_file_with_runtime_dependencies(/home/ubuntu/ros2_ws/install/ucb_interface/share/colcon-core/packages/ucb_interface)
[7.454s] Level 1:colcon.colcon_core.environment:create_environment_scripts_only(ucb_interface)
[7.454s] Level 1:colcon.colcon_core.environment:checking '/home/ubuntu/ros2_ws/install/ucb_interface' for CMake module files
[7.455s] Level 1:colcon.colcon_core.environment:checking '/home/ubuntu/ros2_ws/install/ucb_interface' for CMake config files
[7.455s] Level 1:colcon.colcon_core.shell:create_environment_hook('ucb_interface', 'cmake_prefix_path')
[7.455s] INFO:colcon.colcon_core.shell:Creating environment hook '/home/ubuntu/ros2_ws/install/ucb_interface/share/ucb_interface/hook/cmake_prefix_path.ps1'
[7.456s] INFO:colcon.colcon_core.shell:Creating environment descriptor '/home/ubuntu/ros2_ws/install/ucb_interface/share/ucb_interface/hook/cmake_prefix_path.dsv'
[7.456s] INFO:colcon.colcon_core.shell:Creating environment hook '/home/ubuntu/ros2_ws/install/ucb_interface/share/ucb_interface/hook/cmake_prefix_path.sh'
[7.457s] Level 1:colcon.colcon_core.environment:checking '/home/ubuntu/ros2_ws/install/ucb_interface/lib'
[7.457s] Level 1:colcon.colcon_core.shell:create_environment_hook('ucb_interface', 'ld_library_path_lib')
[7.457s] INFO:colcon.colcon_core.shell:Creating environment hook '/home/ubuntu/ros2_ws/install/ucb_interface/share/ucb_interface/hook/ld_library_path_lib.ps1'
[7.458s] INFO:colcon.colcon_core.shell:Creating environment descriptor '/home/ubuntu/ros2_ws/install/ucb_interface/share/ucb_interface/hook/ld_library_path_lib.dsv'
[7.458s] INFO:colcon.colcon_core.shell:Creating environment hook '/home/ubuntu/ros2_ws/install/ucb_interface/share/ucb_interface/hook/ld_library_path_lib.sh'
[7.459s] Level 1:colcon.colcon_core.environment:checking '/home/ubuntu/ros2_ws/install/ucb_interface/bin'
[7.459s] Level 1:colcon.colcon_core.environment:checking '/home/ubuntu/ros2_ws/install/ucb_interface/lib/pkgconfig/ucb_interface.pc'
[7.459s] Level 1:colcon.colcon_core.environment:checking '/home/ubuntu/ros2_ws/install/ucb_interface/lib/python3.10/site-packages'
[7.459s] Level 1:colcon.colcon_core.environment:checking '/home/ubuntu/ros2_ws/install/ucb_interface/bin'
[7.459s] INFO:colcon.colcon_core.shell:Creating package script '/home/ubuntu/ros2_ws/install/ucb_interface/share/ucb_interface/package.ps1'
[7.460s] INFO:colcon.colcon_core.shell:Creating package descriptor '/home/ubuntu/ros2_ws/install/ucb_interface/share/ucb_interface/package.dsv'
[7.461s] INFO:colcon.colcon_core.shell:Creating package script '/home/ubuntu/ros2_ws/install/ucb_interface/share/ucb_interface/package.sh'
[7.461s] INFO:colcon.colcon_core.shell:Creating package script '/home/ubuntu/ros2_ws/install/ucb_interface/share/ucb_interface/package.bash'
[7.462s] INFO:colcon.colcon_core.shell:Creating package script '/home/ubuntu/ros2_ws/install/ucb_interface/share/ucb_interface/package.zsh'
[7.463s] Level 1:colcon.colcon_core.environment:create_file_with_runtime_dependencies(/home/ubuntu/ros2_ws/install/ucb_interface/share/colcon-core/packages/ucb_interface)
[7.463s] DEBUG:colcon.colcon_parallel_executor.executor.parallel:closing loop
[7.464s] DEBUG:colcon.colcon_parallel_executor.executor.parallel:loop closed
[7.464s] DEBUG:colcon.colcon_parallel_executor.executor.parallel:run_until_complete finished with '0'
[7.464s] DEBUG:colcon.colcon_core.event_reactor:joining thread
[7.471s] INFO:colcon.colcon_core.plugin_system:Skipping extension 'colcon_notification.desktop_notification.terminal_notifier': Not used on non-Darwin systems
[7.471s] INFO:colcon.colcon_core.plugin_system:Skipping extension 'colcon_notification.desktop_notification.win32': Not used on non-Windows systems
[7.471s] INFO:colcon.colcon_notification.desktop_notification:Sending desktop notification using 'notify2'
[7.498s] DEBUG:colcon.colcon_core.event_reactor:joined thread
[7.499s] INFO:colcon.colcon_core.shell:Creating prefix script '/home/ubuntu/ros2_ws/install/local_setup.ps1'
[7.501s] INFO:colcon.colcon_core.shell:Creating prefix util module '/home/ubuntu/ros2_ws/install/_local_setup_util_ps1.py'
[7.504s] INFO:colcon.colcon_core.shell:Creating prefix chain script '/home/ubuntu/ros2_ws/install/setup.ps1'
[7.509s] INFO:colcon.colcon_core.shell:Creating prefix script '/home/ubuntu/ros2_ws/install/local_setup.sh'
[7.511s] INFO:colcon.colcon_core.shell:Creating prefix util module '/home/ubuntu/ros2_ws/install/_local_setup_util_sh.py'
[7.512s] INFO:colcon.colcon_core.shell:Creating prefix chain script '/home/ubuntu/ros2_ws/install/setup.sh'
[7.516s] INFO:colcon.colcon_core.shell:Creating prefix script '/home/ubuntu/ros2_ws/install/local_setup.bash'
[7.518s] INFO:colcon.colcon_core.shell:Creating prefix chain script '/home/ubuntu/ros2_ws/install/setup.bash'
[7.523s] INFO:colcon.colcon_core.shell:Creating prefix script '/home/ubuntu/ros2_ws/install/local_setup.zsh'
[7.524s] INFO:colcon.colcon_core.shell:Creating prefix chain script '/home/ubuntu/ros2_ws/install/setup.zsh'
