running egg_info
creating ../../build/my_package_class/my_package_class.egg-info
writing ../../build/my_package_class/my_package_class.egg-info/PKG-INFO
writing dependency_links to ../../build/my_package_class/my_package_class.egg-info/dependency_links.txt
writing entry points to ../../build/my_package_class/my_package_class.egg-info/entry_points.txt
writing requirements to ../../build/my_package_class/my_package_class.egg-info/requires.txt
writing top-level names to ../../build/my_package_class/my_package_class.egg-info/top_level.txt
writing manifest file '../../build/my_package_class/my_package_class.egg-info/SOURCES.txt'
reading manifest file '../../build/my_package_class/my_package_class.egg-info/SOURCES.txt'
adding license file 'LICENSE'
writing manifest file '../../build/my_package_class/my_package_class.egg-info/SOURCES.txt'
running build
running build_py
creating /home/ubuntu/ros2_ws/build/my_package_class/build
creating /home/ubuntu/ros2_ws/build/my_package_class/build/lib
creating /home/ubuntu/ros2_ws/build/my_package_class/build/lib/my_package_class
copying my_package_class/__init__.py -> /home/ubuntu/ros2_ws/build/my_package_class/build/lib/my_package_class
running install
running install_lib
creating /home/ubuntu/ros2_ws/install/my_package_class/lib/python3.10/site-packages/my_package_class
copying /home/ubuntu/ros2_ws/build/my_package_class/build/lib/my_package_class/__init__.py -> /home/ubuntu/ros2_ws/install/my_package_class/lib/python3.10/site-packages/my_package_class
byte-compiling /home/ubuntu/ros2_ws/install/my_package_class/lib/python3.10/site-packages/my_package_class/__init__.py to __init__.cpython-310.pyc
running install_data
creating /home/ubuntu/ros2_ws/install/my_package_class/share/ament_index
creating /home/ubuntu/ros2_ws/install/my_package_class/share/ament_index/resource_index
creating /home/ubuntu/ros2_ws/install/my_package_class/share/ament_index/resource_index/packages
copying resource/my_package_class -> /home/ubuntu/ros2_ws/install/my_package_class/share/ament_index/resource_index/packages
copying package.xml -> /home/ubuntu/ros2_ws/install/my_package_class/share/my_package_class
running install_egg_info
Copying ../../build/my_package_class/my_package_class.egg-info to /home/ubuntu/ros2_ws/install/my_package_class/lib/python3.10/site-packages/my_package_class-0.0.0-py3.10.egg-info
running install_scripts
writing list of installed files to '/home/ubuntu/ros2_ws/build/my_package_class/install.log'
