[0.646s] Invoking command in '/home/ubuntu/ros2_ws/src/my_package_class': PYTHONPATH=/home/ubuntu/ros2_ws/build/my_package_class/prefix_override:/usr/lib/python3/dist-packages/colcon_core/task/python/colcon_distutils_commands:/home/ubuntu/ros2_ws/install/my_package_class/lib/python3.10/site-packages:${PYTHONPATH} /usr/bin/python3 -W ignore:setup.py install is deprecated -W ignore:easy_install command is deprecated setup.py egg_info --egg-base ../../build/my_package_class build --build-base /home/ubuntu/ros2_ws/build/my_package_class/build install --record /home/ubuntu/ros2_ws/build/my_package_class/install.log --single-version-externally-managed install_data
[0.888s] running egg_info
[0.888s] creating ../../build/my_package_class/my_package_class.egg-info
[0.889s] writing ../../build/my_package_class/my_package_class.egg-info/PKG-INFO
[0.889s] writing dependency_links to ../../build/my_package_class/my_package_class.egg-info/dependency_links.txt
[0.889s] writing entry points to ../../build/my_package_class/my_package_class.egg-info/entry_points.txt
[0.889s] writing requirements to ../../build/my_package_class/my_package_class.egg-info/requires.txt
[0.890s] writing top-level names to ../../build/my_package_class/my_package_class.egg-info/top_level.txt
[0.890s] writing manifest file '../../build/my_package_class/my_package_class.egg-info/SOURCES.txt'
[0.891s] reading manifest file '../../build/my_package_class/my_package_class.egg-info/SOURCES.txt'
[0.892s] adding license file 'LICENSE'
[0.893s] writing manifest file '../../build/my_package_class/my_package_class.egg-info/SOURCES.txt'
[0.893s] running build
[0.893s] running build_py
[0.893s] creating /home/ubuntu/ros2_ws/build/my_package_class/build
[0.894s] creating /home/ubuntu/ros2_ws/build/my_package_class/build/lib
[0.894s] creating /home/ubuntu/ros2_ws/build/my_package_class/build/lib/my_package_class
[0.894s] copying my_package_class/__init__.py -> /home/ubuntu/ros2_ws/build/my_package_class/build/lib/my_package_class
[0.894s] running install
[0.894s] running install_lib
[0.895s] creating /home/ubuntu/ros2_ws/install/my_package_class/lib/python3.10/site-packages/my_package_class
[0.895s] copying /home/ubuntu/ros2_ws/build/my_package_class/build/lib/my_package_class/__init__.py -> /home/ubuntu/ros2_ws/install/my_package_class/lib/python3.10/site-packages/my_package_class
[0.895s] byte-compiling /home/ubuntu/ros2_ws/install/my_package_class/lib/python3.10/site-packages/my_package_class/__init__.py to __init__.cpython-310.pyc
[0.896s] running install_data
[0.896s] creating /home/ubuntu/ros2_ws/install/my_package_class/share/ament_index
[0.896s] creating /home/ubuntu/ros2_ws/install/my_package_class/share/ament_index/resource_index
[0.896s] creating /home/ubuntu/ros2_ws/install/my_package_class/share/ament_index/resource_index/packages
[0.896s] copying resource/my_package_class -> /home/ubuntu/ros2_ws/install/my_package_class/share/ament_index/resource_index/packages
[0.896s] copying package.xml -> /home/ubuntu/ros2_ws/install/my_package_class/share/my_package_class
[0.896s] running install_egg_info
[0.898s] Copying ../../build/my_package_class/my_package_class.egg-info to /home/ubuntu/ros2_ws/install/my_package_class/lib/python3.10/site-packages/my_package_class-0.0.0-py3.10.egg-info
[0.899s] running install_scripts
[0.921s] writing list of installed files to '/home/ubuntu/ros2_ws/build/my_package_class/install.log'
[0.949s] Invoked command in '/home/ubuntu/ros2_ws/src/my_package_class' returned '0': PYTHONPATH=/home/ubuntu/ros2_ws/build/my_package_class/prefix_override:/usr/lib/python3/dist-packages/colcon_core/task/python/colcon_distutils_commands:/home/ubuntu/ros2_ws/install/my_package_class/lib/python3.10/site-packages:${PYTHONPATH} /usr/bin/python3 -W ignore:setup.py install is deprecated -W ignore:easy_install command is deprecated setup.py egg_info --egg-base ../../build/my_package_class build --build-base /home/ubuntu/ros2_ws/build/my_package_class/build install --record /home/ubuntu/ros2_ws/build/my_package_class/install.log --single-version-externally-managed install_data
