[1.181s] Invoking command in '/home/ubuntu/ros2_ws/src/ex_2': PYTHONPATH=/home/ubuntu/ros2_ws/build/ex_2/prefix_override:/usr/lib/python3/dist-packages/colcon_core/task/python/colcon_distutils_commands:/home/ubuntu/ros2_ws/install/ex_2/lib/python3.10/site-packages:${PYTHONPATH} /usr/bin/python3 -W ignore:setup.py install is deprecated -W ignore:easy_install command is deprecated setup.py egg_info --egg-base ../../build/ex_2 build --build-base /home/ubuntu/ros2_ws/build/ex_2/build install --record /home/ubuntu/ros2_ws/build/ex_2/install.log --single-version-externally-managed install_data
[1.470s] running egg_info
[1.471s] writing ../../build/ex_2/ex_2.egg-info/PKG-INFO
[1.471s] writing dependency_links to ../../build/ex_2/ex_2.egg-info/dependency_links.txt
[1.471s] writing entry points to ../../build/ex_2/ex_2.egg-info/entry_points.txt
[1.472s] writing requirements to ../../build/ex_2/ex_2.egg-info/requires.txt
[1.472s] writing top-level names to ../../build/ex_2/ex_2.egg-info/top_level.txt
[1.475s] reading manifest file '../../build/ex_2/ex_2.egg-info/SOURCES.txt'
[1.475s] adding license file 'LICENSE'
[1.477s] writing manifest file '../../build/ex_2/ex_2.egg-info/SOURCES.txt'
[1.477s] running build
[1.478s] running build_py
[1.478s] copying ex_2/pub_s2.py -> /home/ubuntu/ros2_ws/build/ex_2/build/lib/ex_2
[1.478s] copying ex_2/pub_s3.py -> /home/ubuntu/ros2_ws/build/ex_2/build/lib/ex_2
[1.478s] running install
[1.479s] running install_lib
[1.480s] copying /home/ubuntu/ros2_ws/build/ex_2/build/lib/ex_2/pub_s2.py -> /home/ubuntu/ros2_ws/install/ex_2/lib/python3.10/site-packages/ex_2
[1.480s] copying /home/ubuntu/ros2_ws/build/ex_2/build/lib/ex_2/pub_s3.py -> /home/ubuntu/ros2_ws/install/ex_2/lib/python3.10/site-packages/ex_2
[1.481s] byte-compiling /home/ubuntu/ros2_ws/install/ex_2/lib/python3.10/site-packages/ex_2/pub_s2.py to pub_s2.cpython-310.pyc
[1.482s] byte-compiling /home/ubuntu/ros2_ws/install/ex_2/lib/python3.10/site-packages/ex_2/pub_s3.py to pub_s3.cpython-310.pyc
[1.482s] running install_data
[1.483s] running install_egg_info
[1.485s] removing '/home/ubuntu/ros2_ws/install/ex_2/lib/python3.10/site-packages/ex_2-0.0.0-py3.10.egg-info' (and everything under it)
[1.486s] Copying ../../build/ex_2/ex_2.egg-info to /home/ubuntu/ros2_ws/install/ex_2/lib/python3.10/site-packages/ex_2-0.0.0-py3.10.egg-info
[1.487s] running install_scripts
[1.513s] Installing prom script to /home/ubuntu/ros2_ws/install/ex_2/lib/ex_2
[1.513s] Installing pub_s1 script to /home/ubuntu/ros2_ws/install/ex_2/lib/ex_2
[1.514s] Installing sub_filt script to /home/ubuntu/ros2_ws/install/ex_2/lib/ex_2
[1.514s] writing list of installed files to '/home/ubuntu/ros2_ws/build/ex_2/install.log'
[1.547s] Invoked command in '/home/ubuntu/ros2_ws/src/ex_2' returned '0': PYTHONPATH=/home/ubuntu/ros2_ws/build/ex_2/prefix_override:/usr/lib/python3/dist-packages/colcon_core/task/python/colcon_distutils_commands:/home/ubuntu/ros2_ws/install/ex_2/lib/python3.10/site-packages:${PYTHONPATH} /usr/bin/python3 -W ignore:setup.py install is deprecated -W ignore:easy_install command is deprecated setup.py egg_info --egg-base ../../build/ex_2 build --build-base /home/ubuntu/ros2_ws/build/ex_2/build install --record /home/ubuntu/ros2_ws/build/ex_2/install.log --single-version-externally-managed install_data
