[0.112s] DEBUG:colcon:Command line arguments: ['/usr/bin/colcon', 'build']
[0.112s] DEBUG:colcon:Parsed command line arguments: Namespace(log_base=None, log_level=None, verb_name='build', build_base='build', install_base='install', merge_install=False, symlink_install=False, test_result_base=None, continue_on_error=False, executor='parallel', parallel_workers=8, event_handlers=None, ignore_user_meta=False, metas=['./colcon.meta'], base_paths=['.'], packages_ignore=None, packages_ignore_regex=None, paths=None, packages_up_to=None, packages_up_to_regex=None, packages_above=None, packages_above_and_dependencies=None, packages_above_depth=None, packages_select_by_dep=None, packages_skip_by_dep=None, packages_skip_up_to=None, packages_select_build_failed=False, packages_skip_build_finished=False, packages_select_test_failures=False, packages_skip_test_passed=False, packages_select=None, packages_skip=None, packages_select_regex=None, packages_skip_regex=None, packages_start=None, packages_end=None, allow_overriding=[], cmake_args=None, cmake_target=None, cmake_target_skip_unavailable=False, cmake_clean_cache=False, cmake_clean_first=False, cmake_force_configure=False, ament_cmake_args=None, catkin_cmake_args=None, catkin_skip_building_tests=False, verb_parser=<colcon_defaults.argument_parser.defaults.DefaultArgumentsDecorator object at 0x724f5859b400>, verb_extension=<colcon_core.verb.build.BuildVerb object at 0x724f587607f0>, main=<bound method BuildVerb.main of <colcon_core.verb.build.BuildVerb object at 0x724f587607f0>>)
[0.284s] Level 1:colcon.colcon_core.package_discovery:discover_packages(colcon_meta) check parameters
[0.284s] Level 1:colcon.colcon_core.package_discovery:discover_packages(recursive) check parameters
[0.284s] Level 1:colcon.colcon_core.package_discovery:discover_packages(ignore) check parameters
[0.284s] Level 1:colcon.colcon_core.package_discovery:discover_packages(path) check parameters
[0.284s] Level 1:colcon.colcon_core.package_discovery:discover_packages(colcon_meta) discover
[0.284s] Level 1:colcon.colcon_core.package_discovery:discover_packages(recursive) discover
[0.284s] INFO:colcon.colcon_core.package_discovery:Crawling recursively for packages in '/home/ubuntu/ros2_ws'
[0.284s] Level 1:colcon.colcon_core.package_identification:_identify(.) by extensions ['ignore', 'ignore_ament_install']
[0.284s] Level 1:colcon.colcon_core.package_identification:_identify(.) by extension 'ignore'
[0.284s] Level 1:colcon.colcon_core.package_identification:_identify(.) by extension 'ignore_ament_install'
[0.284s] Level 1:colcon.colcon_core.package_identification:_identify(.) by extensions ['colcon_pkg']
[0.285s] Level 1:colcon.colcon_core.package_identification:_identify(.) by extension 'colcon_pkg'
[0.285s] Level 1:colcon.colcon_core.package_identification:_identify(.) by extensions ['colcon_meta']
[0.285s] Level 1:colcon.colcon_core.package_identification:_identify(.) by extension 'colcon_meta'
[0.285s] Level 1:colcon.colcon_core.package_identification:_identify(.) by extensions ['ros']
[0.285s] Level 1:colcon.colcon_core.package_identification:_identify(.) by extension 'ros'
[0.297s] Level 1:colcon.colcon_core.package_identification:_identify(.) by extensions ['cmake', 'python']
[0.297s] Level 1:colcon.colcon_core.package_identification:_identify(.) by extension 'cmake'
[0.297s] Level 1:colcon.colcon_core.package_identification:_identify(.) by extension 'python'
[0.297s] Level 1:colcon.colcon_core.package_identification:_identify(.) by extensions ['python_setup_py']
[0.297s] Level 1:colcon.colcon_core.package_identification:_identify(.) by extension 'python_setup_py'
[0.297s] Level 1:colcon.colcon_core.package_identification:_identify(build) by extensions ['ignore', 'ignore_ament_install']
[0.297s] Level 1:colcon.colcon_core.package_identification:_identify(build) by extension 'ignore'
[0.297s] Level 1:colcon.colcon_core.package_identification:_identify(build) ignored
[0.298s] Level 1:colcon.colcon_core.package_identification:_identify(install) by extensions ['ignore', 'ignore_ament_install']
[0.298s] Level 1:colcon.colcon_core.package_identification:_identify(install) by extension 'ignore'
[0.298s] Level 1:colcon.colcon_core.package_identification:_identify(install) ignored
[0.298s] Level 1:colcon.colcon_core.package_identification:_identify(log) by extensions ['ignore', 'ignore_ament_install']
[0.298s] Level 1:colcon.colcon_core.package_identification:_identify(log) by extension 'ignore'
[0.298s] Level 1:colcon.colcon_core.package_identification:_identify(log) ignored
[0.298s] Level 1:colcon.colcon_core.package_identification:_identify(src) by extensions ['ignore', 'ignore_ament_install']
[0.298s] Level 1:colcon.colcon_core.package_identification:_identify(src) by extension 'ignore'
[0.298s] Level 1:colcon.colcon_core.package_identification:_identify(src) by extension 'ignore_ament_install'
[0.298s] Level 1:colcon.colcon_core.package_identification:_identify(src) by extensions ['colcon_pkg']
[0.298s] Level 1:colcon.colcon_core.package_identification:_identify(src) by extension 'colcon_pkg'
[0.299s] Level 1:colcon.colcon_core.package_identification:_identify(src) by extensions ['colcon_meta']
[0.299s] Level 1:colcon.colcon_core.package_identification:_identify(src) by extension 'colcon_meta'
[0.299s] Level 1:colcon.colcon_core.package_identification:_identify(src) by extensions ['ros']
[0.299s] Level 1:colcon.colcon_core.package_identification:_identify(src) by extension 'ros'
[0.299s] Level 1:colcon.colcon_core.package_identification:_identify(src) by extensions ['cmake', 'python']
[0.299s] Level 1:colcon.colcon_core.package_identification:_identify(src) by extension 'cmake'
[0.299s] Level 1:colcon.colcon_core.package_identification:_identify(src) by extension 'python'
[0.299s] Level 1:colcon.colcon_core.package_identification:_identify(src) by extensions ['python_setup_py']
[0.299s] Level 1:colcon.colcon_core.package_identification:_identify(src) by extension 'python_setup_py'
[0.299s] Level 1:colcon.colcon_core.package_identification:_identify(src/cpp_pubsub) by extensions ['ignore', 'ignore_ament_install']
[0.299s] Level 1:colcon.colcon_core.package_identification:_identify(src/cpp_pubsub) by extension 'ignore'
[0.299s] Level 1:colcon.colcon_core.package_identification:_identify(src/cpp_pubsub) by extension 'ignore_ament_install'
[0.299s] Level 1:colcon.colcon_core.package_identification:_identify(src/cpp_pubsub) by extensions ['colcon_pkg']
[0.299s] Level 1:colcon.colcon_core.package_identification:_identify(src/cpp_pubsub) by extension 'colcon_pkg'
[0.299s] Level 1:colcon.colcon_core.package_identification:_identify(src/cpp_pubsub) by extensions ['colcon_meta']
[0.299s] Level 1:colcon.colcon_core.package_identification:_identify(src/cpp_pubsub) by extension 'colcon_meta'
[0.300s] Level 1:colcon.colcon_core.package_identification:_identify(src/cpp_pubsub) by extensions ['ros']
[0.300s] Level 1:colcon.colcon_core.package_identification:_identify(src/cpp_pubsub) by extension 'ros'
[0.302s] DEBUG:colcon.colcon_core.package_identification:Package 'src/cpp_pubsub' with type 'ros.ament_cmake' and name 'cpp_pubsub'
[0.302s] Level 1:colcon.colcon_core.package_identification:_identify(src/ex_2) by extensions ['ignore', 'ignore_ament_install']
[0.302s] Level 1:colcon.colcon_core.package_identification:_identify(src/ex_2) by extension 'ignore'
[0.302s] Level 1:colcon.colcon_core.package_identification:_identify(src/ex_2) by extension 'ignore_ament_install'
[0.303s] Level 1:colcon.colcon_core.package_identification:_identify(src/ex_2) by extensions ['colcon_pkg']
[0.303s] Level 1:colcon.colcon_core.package_identification:_identify(src/ex_2) by extension 'colcon_pkg'
[0.303s] Level 1:colcon.colcon_core.package_identification:_identify(src/ex_2) by extensions ['colcon_meta']
[0.303s] Level 1:colcon.colcon_core.package_identification:_identify(src/ex_2) by extension 'colcon_meta'
[0.303s] Level 1:colcon.colcon_core.package_identification:_identify(src/ex_2) by extensions ['ros']
[0.303s] Level 1:colcon.colcon_core.package_identification:_identify(src/ex_2) by extension 'ros'
[0.304s] DEBUG:colcon.colcon_core.package_identification:Package 'src/ex_2' with type 'ros.ament_python' and name 'ex_2'
[0.304s] Level 1:colcon.colcon_core.package_identification:_identify(src/my_package_class) by extensions ['ignore', 'ignore_ament_install']
[0.304s] Level 1:colcon.colcon_core.package_identification:_identify(src/my_package_class) by extension 'ignore'
[0.304s] Level 1:colcon.colcon_core.package_identification:_identify(src/my_package_class) by extension 'ignore_ament_install'
[0.304s] Level 1:colcon.colcon_core.package_identification:_identify(src/my_package_class) by extensions ['colcon_pkg']
[0.304s] Level 1:colcon.colcon_core.package_identification:_identify(src/my_package_class) by extension 'colcon_pkg'
[0.304s] Level 1:colcon.colcon_core.package_identification:_identify(src/my_package_class) by extensions ['colcon_meta']
[0.304s] Level 1:colcon.colcon_core.package_identification:_identify(src/my_package_class) by extension 'colcon_meta'
[0.304s] Level 1:colcon.colcon_core.package_identification:_identify(src/my_package_class) by extensions ['ros']
[0.304s] Level 1:colcon.colcon_core.package_identification:_identify(src/my_package_class) by extension 'ros'
[0.305s] DEBUG:colcon.colcon_core.package_identification:Package 'src/my_package_class' with type 'ros.ament_python' and name 'my_package_class'
[0.305s] Level 1:colcon.colcon_core.package_identification:_identify(src/ucb_interface) by extensions ['ignore', 'ignore_ament_install']
[0.305s] Level 1:colcon.colcon_core.package_identification:_identify(src/ucb_interface) by extension 'ignore'
[0.305s] Level 1:colcon.colcon_core.package_identification:_identify(src/ucb_interface) by extension 'ignore_ament_install'
[0.306s] Level 1:colcon.colcon_core.package_identification:_identify(src/ucb_interface) by extensions ['colcon_pkg']
[0.306s] Level 1:colcon.colcon_core.package_identification:_identify(src/ucb_interface) by extension 'colcon_pkg'
[0.306s] Level 1:colcon.colcon_core.package_identification:_identify(src/ucb_interface) by extensions ['colcon_meta']
[0.306s] Level 1:colcon.colcon_core.package_identification:_identify(src/ucb_interface) by extension 'colcon_meta'
[0.306s] Level 1:colcon.colcon_core.package_identification:_identify(src/ucb_interface) by extensions ['ros']
[0.306s] Level 1:colcon.colcon_core.package_identification:_identify(src/ucb_interface) by extension 'ros'
[0.306s] DEBUG:colcon.colcon_core.package_identification:Package 'src/ucb_interface' with type 'ros.ament_cmake' and name 'ucb_interface'
[0.306s] Level 1:colcon.colcon_core.package_discovery:discover_packages(recursive) using defaults
[0.307s] Level 1:colcon.colcon_core.package_discovery:discover_packages(ignore) discover
[0.307s] Level 1:colcon.colcon_core.package_discovery:discover_packages(ignore) using defaults
[0.307s] Level 1:colcon.colcon_core.package_discovery:discover_packages(path) discover
[0.307s] Level 1:colcon.colcon_core.package_discovery:discover_packages(path) using defaults
[0.327s] Level 1:colcon.colcon_core.package_discovery:discover_packages(prefix_path) check parameters
[0.327s] Level 1:colcon.colcon_core.package_discovery:discover_packages(prefix_path) discover
[0.329s] DEBUG:colcon.colcon_installed_package_information.package_discovery:Found 4 installed packages in /home/ubuntu/ros2_ws/install
[0.331s] DEBUG:colcon.colcon_installed_package_information.package_discovery:Found 271 installed packages in /opt/ros/humble
[0.333s] Level 1:colcon.colcon_core.package_discovery:discover_packages(prefix_path) using defaults
[0.384s] Level 5:colcon.colcon_core.verb:set package 'cpp_pubsub' build argument 'cmake_args' from command line to 'None'
[0.384s] Level 5:colcon.colcon_core.verb:set package 'cpp_pubsub' build argument 'cmake_target' from command line to 'None'
[0.384s] Level 5:colcon.colcon_core.verb:set package 'cpp_pubsub' build argument 'cmake_target_skip_unavailable' from command line to 'False'
[0.384s] Level 5:colcon.colcon_core.verb:set package 'cpp_pubsub' build argument 'cmake_clean_cache' from command line to 'False'
[0.384s] Level 5:colcon.colcon_core.verb:set package 'cpp_pubsub' build argument 'cmake_clean_first' from command line to 'False'
[0.384s] Level 5:colcon.colcon_core.verb:set package 'cpp_pubsub' build argument 'cmake_force_configure' from command line to 'False'
[0.384s] Level 5:colcon.colcon_core.verb:set package 'cpp_pubsub' build argument 'ament_cmake_args' from command line to 'None'
[0.384s] Level 5:colcon.colcon_core.verb:set package 'cpp_pubsub' build argument 'catkin_cmake_args' from command line to 'None'
[0.384s] Level 5:colcon.colcon_core.verb:set package 'cpp_pubsub' build argument 'catkin_skip_building_tests' from command line to 'False'
[0.384s] DEBUG:colcon.colcon_core.verb:Building package 'cpp_pubsub' with the following arguments: {'ament_cmake_args': None, 'build_base': '/home/ubuntu/ros2_ws/build/cpp_pubsub', 'catkin_cmake_args': None, 'catkin_skip_building_tests': False, 'cmake_args': None, 'cmake_clean_cache': False, 'cmake_clean_first': False, 'cmake_force_configure': False, 'cmake_target': None, 'cmake_target_skip_unavailable': False, 'install_base': '/home/ubuntu/ros2_ws/install/cpp_pubsub', 'merge_install': False, 'path': '/home/ubuntu/ros2_ws/src/cpp_pubsub', 'symlink_install': False, 'test_result_base': None}
[0.385s] Level 5:colcon.colcon_core.verb:set package 'ex_2' build argument 'cmake_args' from command line to 'None'
[0.385s] Level 5:colcon.colcon_core.verb:set package 'ex_2' build argument 'cmake_target' from command line to 'None'
[0.385s] Level 5:colcon.colcon_core.verb:set package 'ex_2' build argument 'cmake_target_skip_unavailable' from command line to 'False'
[0.385s] Level 5:colcon.colcon_core.verb:set package 'ex_2' build argument 'cmake_clean_cache' from command line to 'False'
[0.385s] Level 5:colcon.colcon_core.verb:set package 'ex_2' build argument 'cmake_clean_first' from command line to 'False'
[0.385s] Level 5:colcon.colcon_core.verb:set package 'ex_2' build argument 'cmake_force_configure' from command line to 'False'
[0.385s] Level 5:colcon.colcon_core.verb:set package 'ex_2' build argument 'ament_cmake_args' from command line to 'None'
[0.385s] Level 5:colcon.colcon_core.verb:set package 'ex_2' build argument 'catkin_cmake_args' from command line to 'None'
[0.385s] Level 5:colcon.colcon_core.verb:set package 'ex_2' build argument 'catkin_skip_building_tests' from command line to 'False'
[0.385s] DEBUG:colcon.colcon_core.verb:Building package 'ex_2' with the following arguments: {'ament_cmake_args': None, 'build_base': '/home/ubuntu/ros2_ws/build/ex_2', 'catkin_cmake_args': None, 'catkin_skip_building_tests': False, 'cmake_args': None, 'cmake_clean_cache': False, 'cmake_clean_first': False, 'cmake_force_configure': False, 'cmake_target': None, 'cmake_target_skip_unavailable': False, 'install_base': '/home/ubuntu/ros2_ws/install/ex_2', 'merge_install': False, 'path': '/home/ubuntu/ros2_ws/src/ex_2', 'symlink_install': False, 'test_result_base': None}
[0.385s] Level 5:colcon.colcon_core.verb:set package 'my_package_class' build argument 'cmake_args' from command line to 'None'
[0.386s] Level 5:colcon.colcon_core.verb:set package 'my_package_class' build argument 'cmake_target' from command line to 'None'
[0.386s] Level 5:colcon.colcon_core.verb:set package 'my_package_class' build argument 'cmake_target_skip_unavailable' from command line to 'False'
[0.386s] Level 5:colcon.colcon_core.verb:set package 'my_package_class' build argument 'cmake_clean_cache' from command line to 'False'
[0.386s] Level 5:colcon.colcon_core.verb:set package 'my_package_class' build argument 'cmake_clean_first' from command line to 'False'
[0.386s] Level 5:colcon.colcon_core.verb:set package 'my_package_class' build argument 'cmake_force_configure' from command line to 'False'
[0.386s] Level 5:colcon.colcon_core.verb:set package 'my_package_class' build argument 'ament_cmake_args' from command line to 'None'
[0.386s] Level 5:colcon.colcon_core.verb:set package 'my_package_class' build argument 'catkin_cmake_args' from command line to 'None'
[0.386s] Level 5:colcon.colcon_core.verb:set package 'my_package_class' build argument 'catkin_skip_building_tests' from command line to 'False'
[0.386s] DEBUG:colcon.colcon_core.verb:Building package 'my_package_class' with the following arguments: {'ament_cmake_args': None, 'build_base': '/home/ubuntu/ros2_ws/build/my_package_class', 'catkin_cmake_args': None, 'catkin_skip_building_tests': False, 'cmake_args': None, 'cmake_clean_cache': False, 'cmake_clean_first': False, 'cmake_force_configure': False, 'cmake_target': None, 'cmake_target_skip_unavailable': False, 'install_base': '/home/ubuntu/ros2_ws/install/my_package_class', 'merge_install': False, 'path': '/home/ubuntu/ros2_ws/src/my_package_class', 'symlink_install': False, 'test_result_base': None}
[0.386s] Level 5:colcon.colcon_core.verb:set package 'ucb_interface' build argument 'cmake_args' from command line to 'None'
[0.386s] Level 5:colcon.colcon_core.verb:set package 'ucb_interface' build argument 'cmake_target' from command line to 'None'
[0.386s] Level 5:colcon.colcon_core.verb:set package 'ucb_interface' build argument 'cmake_target_skip_unavailable' from command line to 'False'
[0.386s] Level 5:colcon.colcon_core.verb:set package 'ucb_interface' build argument 'cmake_clean_cache' from command line to 'False'
[0.386s] Level 5:colcon.colcon_core.verb:set package 'ucb_interface' build argument 'cmake_clean_first' from command line to 'False'
[0.386s] Level 5:colcon.colcon_core.verb:set package 'ucb_interface' build argument 'cmake_force_configure' from command line to 'False'
[0.386s] Level 5:colcon.colcon_core.verb:set package 'ucb_interface' build argument 'ament_cmake_args' from command line to 'None'
[0.386s] Level 5:colcon.colcon_core.verb:set package 'ucb_interface' build argument 'catkin_cmake_args' from command line to 'None'
[0.386s] Level 5:colcon.colcon_core.verb:set package 'ucb_interface' build argument 'catkin_skip_building_tests' from command line to 'False'
[0.387s] DEBUG:colcon.colcon_core.verb:Building package 'ucb_interface' with the following arguments: {'ament_cmake_args': None, 'build_base': '/home/ubuntu/ros2_ws/build/ucb_interface', 'catkin_cmake_args': None, 'catkin_skip_building_tests': False, 'cmake_args': None, 'cmake_clean_cache': False, 'cmake_clean_first': False, 'cmake_force_configure': False, 'cmake_target': None, 'cmake_target_skip_unavailable': False, 'install_base': '/home/ubuntu/ros2_ws/install/ucb_interface', 'merge_install': False, 'path': '/home/ubuntu/ros2_ws/src/ucb_interface', 'symlink_install': False, 'test_result_base': None}
[0.387s] INFO:colcon.colcon_core.executor:Executing jobs using 'parallel' executor
[0.388s] DEBUG:colcon.colcon_parallel_executor.executor.parallel:run_until_complete
[0.389s] INFO:colcon.colcon_ros.task.ament_cmake.build:Building ROS package in '/home/ubuntu/ros2_ws/src/cpp_pubsub' with build type 'ament_cmake'
[0.389s] INFO:colcon.colcon_cmake.task.cmake.build:Building CMake package in '/home/ubuntu/ros2_ws/src/cpp_pubsub'
[0.391s] INFO:colcon.colcon_core.plugin_system:Skipping extension 'colcon_core.shell.bat': Not used on non-Windows systems
[0.392s] INFO:colcon.colcon_core.shell:Skip shell extension 'powershell' for command environment: Not usable outside of PowerShell
[0.392s] DEBUG:colcon.colcon_core.shell:Skip shell extension 'dsv' for command environment
[0.396s] INFO:colcon.colcon_ros.task.ament_python.build:Building ROS package in '/home/ubuntu/ros2_ws/src/ex_2' with build type 'ament_python'
[0.396s] Level 1:colcon.colcon_core.shell:create_environment_hook('ex_2', 'ament_prefix_path')
[0.396s] INFO:colcon.colcon_core.shell:Creating environment hook '/home/ubuntu/ros2_ws/install/ex_2/share/ex_2/hook/ament_prefix_path.ps1'
[0.397s] INFO:colcon.colcon_core.shell:Creating environment descriptor '/home/ubuntu/ros2_ws/install/ex_2/share/ex_2/hook/ament_prefix_path.dsv'
[0.398s] INFO:colcon.colcon_core.shell:Creating environment hook '/home/ubuntu/ros2_ws/install/ex_2/share/ex_2/hook/ament_prefix_path.sh'
[0.399s] INFO:colcon.colcon_core.shell:Skip shell extension 'powershell' for command environment: Not usable outside of PowerShell
[0.399s] DEBUG:colcon.colcon_core.shell:Skip shell extension 'dsv' for command environment
[0.404s] INFO:colcon.colcon_ros.task.ament_python.build:Building ROS package in '/home/ubuntu/ros2_ws/src/my_package_class' with build type 'ament_python'
[0.404s] Level 1:colcon.colcon_core.shell:create_environment_hook('my_package_class', 'ament_prefix_path')
[0.404s] INFO:colcon.colcon_core.shell:Creating environment hook '/home/ubuntu/ros2_ws/install/my_package_class/share/my_package_class/hook/ament_prefix_path.ps1'
[0.405s] INFO:colcon.colcon_core.shell:Creating environment descriptor '/home/ubuntu/ros2_ws/install/my_package_class/share/my_package_class/hook/ament_prefix_path.dsv'
[0.406s] INFO:colcon.colcon_core.shell:Creating environment hook '/home/ubuntu/ros2_ws/install/my_package_class/share/my_package_class/hook/ament_prefix_path.sh'
[0.406s] INFO:colcon.colcon_core.shell:Skip shell extension 'powershell' for command environment: Not usable outside of PowerShell
[0.407s] DEBUG:colcon.colcon_core.shell:Skip shell extension 'dsv' for command environment
[0.410s] INFO:colcon.colcon_ros.task.ament_cmake.build:Building ROS package in '/home/ubuntu/ros2_ws/src/ucb_interface' with build type 'ament_cmake'
[0.410s] INFO:colcon.colcon_cmake.task.cmake.build:Building CMake package in '/home/ubuntu/ros2_ws/src/ucb_interface'
[0.411s] INFO:colcon.colcon_core.shell:Skip shell extension 'powershell' for command environment: Not usable outside of PowerShell
[0.411s] DEBUG:colcon.colcon_core.shell:Skip shell extension 'dsv' for command environment
[0.422s] DEBUG:colcon.colcon_core.event_handler.log_command:Invoking command in '/home/ubuntu/ros2_ws/build/cpp_pubsub': CMAKE_PREFIX_PATH=${CMAKE_PREFIX_PATH}:/home/ubuntu/ros2_ws/install/my_package_class:/home/ubuntu/ros2_ws/install/ex_2:/opt/ros/humble /usr/bin/cmake --build /home/ubuntu/ros2_ws/build/cpp_pubsub -- -j8 -l8
[0.715s] INFO:colcon.colcon_core.task.python.build:Building Python package in '/home/ubuntu/ros2_ws/src/ex_2'
[0.715s] INFO:colcon.colcon_core.shell:Skip shell extension 'powershell' for command environment: Not usable outside of PowerShell
[0.716s] DEBUG:colcon.colcon_core.shell:Skip shell extension 'dsv' for command environment
[1.057s] INFO:colcon.colcon_core.task.python.build:Building Python package in '/home/ubuntu/ros2_ws/src/my_package_class'
[1.057s] INFO:colcon.colcon_core.shell:Skip shell extension 'powershell' for command environment: Not usable outside of PowerShell
[1.057s] DEBUG:colcon.colcon_core.shell:Skip shell extension 'dsv' for command environment
[1.070s] DEBUG:colcon.colcon_core.event_handler.log_command:Invoking command in '/home/ubuntu/ros2_ws/build/ucb_interface': CMAKE_PREFIX_PATH=${CMAKE_PREFIX_PATH}:/home/ubuntu/ros2_ws/install/my_package_class:/home/ubuntu/ros2_ws/install/ex_2:/opt/ros/humble /usr/bin/cmake --build /home/ubuntu/ros2_ws/build/ucb_interface -- -j8 -l8
[1.070s] DEBUG:colcon.colcon_core.event_handler.log_command:Invoked command in '/home/ubuntu/ros2_ws/build/cpp_pubsub' returned '0': CMAKE_PREFIX_PATH=${CMAKE_PREFIX_PATH}:/home/ubuntu/ros2_ws/install/my_package_class:/home/ubuntu/ros2_ws/install/ex_2:/opt/ros/humble /usr/bin/cmake --build /home/ubuntu/ros2_ws/build/cpp_pubsub -- -j8 -l8
[1.081s] DEBUG:colcon.colcon_core.event_handler.log_command:Invoking command in '/home/ubuntu/ros2_ws/build/cpp_pubsub': CMAKE_PREFIX_PATH=${CMAKE_PREFIX_PATH}:/home/ubuntu/ros2_ws/install/my_package_class:/home/ubuntu/ros2_ws/install/ex_2:/opt/ros/humble /usr/bin/cmake --install /home/ubuntu/ros2_ws/build/cpp_pubsub
[1.096s] Level 1:colcon.colcon_core.environment:create_environment_scripts_only(cpp_pubsub)
[1.097s] DEBUG:colcon.colcon_core.event_handler.log_command:Invoked command in '/home/ubuntu/ros2_ws/build/cpp_pubsub' returned '0': CMAKE_PREFIX_PATH=${CMAKE_PREFIX_PATH}:/home/ubuntu/ros2_ws/install/my_package_class:/home/ubuntu/ros2_ws/install/ex_2:/opt/ros/humble /usr/bin/cmake --install /home/ubuntu/ros2_ws/build/cpp_pubsub
[1.100s] Level 1:colcon.colcon_core.environment:checking '/home/ubuntu/ros2_ws/install/cpp_pubsub' for CMake module files
[1.101s] Level 1:colcon.colcon_core.environment:checking '/home/ubuntu/ros2_ws/install/cpp_pubsub' for CMake config files
[1.102s] Level 1:colcon.colcon_core.shell:create_environment_hook('cpp_pubsub', 'cmake_prefix_path')
[1.102s] INFO:colcon.colcon_core.shell:Creating environment hook '/home/ubuntu/ros2_ws/install/cpp_pubsub/share/cpp_pubsub/hook/cmake_prefix_path.ps1'
[1.103s] INFO:colcon.colcon_core.shell:Creating environment descriptor '/home/ubuntu/ros2_ws/install/cpp_pubsub/share/cpp_pubsub/hook/cmake_prefix_path.dsv'
[1.104s] INFO:colcon.colcon_core.shell:Creating environment hook '/home/ubuntu/ros2_ws/install/cpp_pubsub/share/cpp_pubsub/hook/cmake_prefix_path.sh'
[1.105s] Level 1:colcon.colcon_core.environment:checking '/home/ubuntu/ros2_ws/install/cpp_pubsub/lib'
[1.105s] Level 1:colcon.colcon_core.environment:checking '/home/ubuntu/ros2_ws/install/cpp_pubsub/bin'
[1.105s] Level 1:colcon.colcon_core.environment:checking '/home/ubuntu/ros2_ws/install/cpp_pubsub/lib/pkgconfig/cpp_pubsub.pc'
[1.106s] Level 1:colcon.colcon_core.environment:checking '/home/ubuntu/ros2_ws/install/cpp_pubsub/lib/python3.10/site-packages'
[1.106s] Level 1:colcon.colcon_core.environment:checking '/home/ubuntu/ros2_ws/install/cpp_pubsub/bin'
[1.107s] INFO:colcon.colcon_core.shell:Creating package script '/home/ubuntu/ros2_ws/install/cpp_pubsub/share/cpp_pubsub/package.ps1'
[1.109s] INFO:colcon.colcon_core.shell:Creating package descriptor '/home/ubuntu/ros2_ws/install/cpp_pubsub/share/cpp_pubsub/package.dsv'
[1.110s] INFO:colcon.colcon_core.shell:Creating package script '/home/ubuntu/ros2_ws/install/cpp_pubsub/share/cpp_pubsub/package.sh'
[1.111s] INFO:colcon.colcon_core.shell:Creating package script '/home/ubuntu/ros2_ws/install/cpp_pubsub/share/cpp_pubsub/package.bash'
[1.113s] INFO:colcon.colcon_core.shell:Creating package script '/home/ubuntu/ros2_ws/install/cpp_pubsub/share/cpp_pubsub/package.zsh'
[1.114s] Level 1:colcon.colcon_core.environment:create_file_with_runtime_dependencies(/home/ubuntu/ros2_ws/install/cpp_pubsub/share/colcon-core/packages/cpp_pubsub)
[1.115s] Level 1:colcon.colcon_core.environment:create_environment_scripts_only(cpp_pubsub)
[1.115s] Level 1:colcon.colcon_core.environment:checking '/home/ubuntu/ros2_ws/install/cpp_pubsub' for CMake module files
[1.117s] Level 1:colcon.colcon_core.environment:checking '/home/ubuntu/ros2_ws/install/cpp_pubsub' for CMake config files
[1.117s] Level 1:colcon.colcon_core.shell:create_environment_hook('cpp_pubsub', 'cmake_prefix_path')
[1.118s] INFO:colcon.colcon_core.shell:Creating environment hook '/home/ubuntu/ros2_ws/install/cpp_pubsub/share/cpp_pubsub/hook/cmake_prefix_path.ps1'
[1.119s] INFO:colcon.colcon_core.shell:Creating environment descriptor '/home/ubuntu/ros2_ws/install/cpp_pubsub/share/cpp_pubsub/hook/cmake_prefix_path.dsv'
[1.120s] INFO:colcon.colcon_core.shell:Creating environment hook '/home/ubuntu/ros2_ws/install/cpp_pubsub/share/cpp_pubsub/hook/cmake_prefix_path.sh'
[1.121s] Level 1:colcon.colcon_core.environment:checking '/home/ubuntu/ros2_ws/install/cpp_pubsub/lib'
[1.121s] Level 1:colcon.colcon_core.environment:checking '/home/ubuntu/ros2_ws/install/cpp_pubsub/bin'
[1.121s] Level 1:colcon.colcon_core.environment:checking '/home/ubuntu/ros2_ws/install/cpp_pubsub/lib/pkgconfig/cpp_pubsub.pc'
[1.122s] Level 1:colcon.colcon_core.environment:checking '/home/ubuntu/ros2_ws/install/cpp_pubsub/lib/python3.10/site-packages'
[1.122s] Level 1:colcon.colcon_core.environment:checking '/home/ubuntu/ros2_ws/install/cpp_pubsub/bin'
[1.123s] INFO:colcon.colcon_core.shell:Creating package script '/home/ubuntu/ros2_ws/install/cpp_pubsub/share/cpp_pubsub/package.ps1'
[1.124s] INFO:colcon.colcon_core.shell:Creating package descriptor '/home/ubuntu/ros2_ws/install/cpp_pubsub/share/cpp_pubsub/package.dsv'
[1.126s] INFO:colcon.colcon_core.shell:Creating package script '/home/ubuntu/ros2_ws/install/cpp_pubsub/share/cpp_pubsub/package.sh'
[1.127s] INFO:colcon.colcon_core.shell:Creating package script '/home/ubuntu/ros2_ws/install/cpp_pubsub/share/cpp_pubsub/package.bash'
[1.129s] INFO:colcon.colcon_core.shell:Creating package script '/home/ubuntu/ros2_ws/install/cpp_pubsub/share/cpp_pubsub/package.zsh'
[1.130s] Level 1:colcon.colcon_core.environment:create_file_with_runtime_dependencies(/home/ubuntu/ros2_ws/install/cpp_pubsub/share/colcon-core/packages/cpp_pubsub)
[1.556s] DEBUG:colcon.colcon_core.event_handler.log_command:Invoking command in '/home/ubuntu/ros2_ws/src/my_package_class': PYTHONPATH=/home/ubuntu/ros2_ws/build/my_package_class/prefix_override:/usr/lib/python3/dist-packages/colcon_core/task/python/colcon_distutils_commands:/home/ubuntu/ros2_ws/install/my_package_class/lib/python3.10/site-packages:${PYTHONPATH} /usr/bin/python3 -W ignore:setup.py install is deprecated -W ignore:easy_install command is deprecated setup.py egg_info --egg-base ../../build/my_package_class build --build-base /home/ubuntu/ros2_ws/build/my_package_class/build install --record /home/ubuntu/ros2_ws/build/my_package_class/install.log --single-version-externally-managed install_data
[1.558s] DEBUG:colcon.colcon_core.event_handler.log_command:Invoking command in '/home/ubuntu/ros2_ws/src/ex_2': PYTHONPATH=/home/ubuntu/ros2_ws/build/ex_2/prefix_override:/usr/lib/python3/dist-packages/colcon_core/task/python/colcon_distutils_commands:/home/ubuntu/ros2_ws/install/ex_2/lib/python3.10/site-packages:${PYTHONPATH} /usr/bin/python3 -W ignore:setup.py install is deprecated -W ignore:easy_install command is deprecated setup.py egg_info --egg-base ../../build/ex_2 build --build-base /home/ubuntu/ros2_ws/build/ex_2/build install --record /home/ubuntu/ros2_ws/build/ex_2/install.log --single-version-externally-managed install_data
[1.578s] DEBUG:colcon.colcon_core.event_handler.log_command:Invoked command in '/home/ubuntu/ros2_ws/build/ucb_interface' returned '0': CMAKE_PREFIX_PATH=${CMAKE_PREFIX_PATH}:/home/ubuntu/ros2_ws/install/my_package_class:/home/ubuntu/ros2_ws/install/ex_2:/opt/ros/humble /usr/bin/cmake --build /home/ubuntu/ros2_ws/build/ucb_interface -- -j8 -l8
[1.580s] DEBUG:colcon.colcon_core.event_handler.log_command:Invoking command in '/home/ubuntu/ros2_ws/build/ucb_interface': CMAKE_PREFIX_PATH=${CMAKE_PREFIX_PATH}:/home/ubuntu/ros2_ws/install/my_package_class:/home/ubuntu/ros2_ws/install/ex_2:/opt/ros/humble /usr/bin/cmake --install /home/ubuntu/ros2_ws/build/ucb_interface
[1.658s] Level 1:colcon.colcon_core.environment:create_environment_scripts_only(ucb_interface)
[1.658s] Level 1:colcon.colcon_core.environment:checking '/home/ubuntu/ros2_ws/install/ucb_interface' for CMake module files
[1.659s] DEBUG:colcon.colcon_core.event_handler.log_command:Invoked command in '/home/ubuntu/ros2_ws/build/ucb_interface' returned '0': CMAKE_PREFIX_PATH=${CMAKE_PREFIX_PATH}:/home/ubuntu/ros2_ws/install/my_package_class:/home/ubuntu/ros2_ws/install/ex_2:/opt/ros/humble /usr/bin/cmake --install /home/ubuntu/ros2_ws/build/ucb_interface
[1.660s] Level 1:colcon.colcon_core.environment:checking '/home/ubuntu/ros2_ws/install/ucb_interface' for CMake config files
[1.660s] Level 1:colcon.colcon_core.shell:create_environment_hook('ucb_interface', 'cmake_prefix_path')
[1.661s] INFO:colcon.colcon_core.shell:Creating environment hook '/home/ubuntu/ros2_ws/install/ucb_interface/share/ucb_interface/hook/cmake_prefix_path.ps1'
[1.662s] INFO:colcon.colcon_core.shell:Creating environment descriptor '/home/ubuntu/ros2_ws/install/ucb_interface/share/ucb_interface/hook/cmake_prefix_path.dsv'
[1.662s] INFO:colcon.colcon_core.shell:Creating environment hook '/home/ubuntu/ros2_ws/install/ucb_interface/share/ucb_interface/hook/cmake_prefix_path.sh'
[1.663s] Level 1:colcon.colcon_core.environment:checking '/home/ubuntu/ros2_ws/install/ucb_interface/lib'
[1.663s] Level 1:colcon.colcon_core.shell:create_environment_hook('ucb_interface', 'ld_library_path_lib')
[1.664s] INFO:colcon.colcon_core.shell:Creating environment hook '/home/ubuntu/ros2_ws/install/ucb_interface/share/ucb_interface/hook/ld_library_path_lib.ps1'
[1.664s] INFO:colcon.colcon_core.shell:Creating environment descriptor '/home/ubuntu/ros2_ws/install/ucb_interface/share/ucb_interface/hook/ld_library_path_lib.dsv'
[1.665s] INFO:colcon.colcon_core.shell:Creating environment hook '/home/ubuntu/ros2_ws/install/ucb_interface/share/ucb_interface/hook/ld_library_path_lib.sh'
[1.666s] Level 1:colcon.colcon_core.environment:checking '/home/ubuntu/ros2_ws/install/ucb_interface/bin'
[1.666s] Level 1:colcon.colcon_core.environment:checking '/home/ubuntu/ros2_ws/install/ucb_interface/lib/pkgconfig/ucb_interface.pc'
[1.666s] Level 1:colcon.colcon_core.environment:checking '/home/ubuntu/ros2_ws/install/ucb_interface/lib/python3.10/site-packages'
[1.667s] Level 1:colcon.colcon_core.environment:checking '/home/ubuntu/ros2_ws/install/ucb_interface/bin'
[1.667s] INFO:colcon.colcon_core.shell:Creating package script '/home/ubuntu/ros2_ws/install/ucb_interface/share/ucb_interface/package.ps1'
[1.668s] INFO:colcon.colcon_core.shell:Creating package descriptor '/home/ubuntu/ros2_ws/install/ucb_interface/share/ucb_interface/package.dsv'
[1.669s] INFO:colcon.colcon_core.shell:Creating package script '/home/ubuntu/ros2_ws/install/ucb_interface/share/ucb_interface/package.sh'
[1.670s] INFO:colcon.colcon_core.shell:Creating package script '/home/ubuntu/ros2_ws/install/ucb_interface/share/ucb_interface/package.bash'
[1.670s] INFO:colcon.colcon_core.shell:Creating package script '/home/ubuntu/ros2_ws/install/ucb_interface/share/ucb_interface/package.zsh'
[1.671s] Level 1:colcon.colcon_core.environment:create_file_with_runtime_dependencies(/home/ubuntu/ros2_ws/install/ucb_interface/share/colcon-core/packages/ucb_interface)
[1.672s] Level 1:colcon.colcon_core.environment:create_environment_scripts_only(ucb_interface)
[1.673s] Level 1:colcon.colcon_core.environment:checking '/home/ubuntu/ros2_ws/install/ucb_interface' for CMake module files
[1.674s] Level 1:colcon.colcon_core.environment:checking '/home/ubuntu/ros2_ws/install/ucb_interface' for CMake config files
[1.674s] Level 1:colcon.colcon_core.shell:create_environment_hook('ucb_interface', 'cmake_prefix_path')
[1.675s] INFO:colcon.colcon_core.shell:Creating environment hook '/home/ubuntu/ros2_ws/install/ucb_interface/share/ucb_interface/hook/cmake_prefix_path.ps1'
[1.675s] INFO:colcon.colcon_core.shell:Creating environment descriptor '/home/ubuntu/ros2_ws/install/ucb_interface/share/ucb_interface/hook/cmake_prefix_path.dsv'
[1.676s] INFO:colcon.colcon_core.shell:Creating environment hook '/home/ubuntu/ros2_ws/install/ucb_interface/share/ucb_interface/hook/cmake_prefix_path.sh'
[1.677s] Level 1:colcon.colcon_core.environment:checking '/home/ubuntu/ros2_ws/install/ucb_interface/lib'
[1.677s] Level 1:colcon.colcon_core.shell:create_environment_hook('ucb_interface', 'ld_library_path_lib')
[1.678s] INFO:colcon.colcon_core.shell:Creating environment hook '/home/ubuntu/ros2_ws/install/ucb_interface/share/ucb_interface/hook/ld_library_path_lib.ps1'
[1.678s] INFO:colcon.colcon_core.shell:Creating environment descriptor '/home/ubuntu/ros2_ws/install/ucb_interface/share/ucb_interface/hook/ld_library_path_lib.dsv'
[1.679s] INFO:colcon.colcon_core.shell:Creating environment hook '/home/ubuntu/ros2_ws/install/ucb_interface/share/ucb_interface/hook/ld_library_path_lib.sh'
[1.680s] Level 1:colcon.colcon_core.environment:checking '/home/ubuntu/ros2_ws/install/ucb_interface/bin'
[1.680s] Level 1:colcon.colcon_core.environment:checking '/home/ubuntu/ros2_ws/install/ucb_interface/lib/pkgconfig/ucb_interface.pc'
[1.680s] Level 1:colcon.colcon_core.environment:checking '/home/ubuntu/ros2_ws/install/ucb_interface/lib/python3.10/site-packages'
[1.681s] Level 1:colcon.colcon_core.environment:checking '/home/ubuntu/ros2_ws/install/ucb_interface/bin'
[1.681s] INFO:colcon.colcon_core.shell:Creating package script '/home/ubuntu/ros2_ws/install/ucb_interface/share/ucb_interface/package.ps1'
[1.682s] INFO:colcon.colcon_core.shell:Creating package descriptor '/home/ubuntu/ros2_ws/install/ucb_interface/share/ucb_interface/package.dsv'
[1.683s] INFO:colcon.colcon_core.shell:Creating package script '/home/ubuntu/ros2_ws/install/ucb_interface/share/ucb_interface/package.sh'
[1.684s] INFO:colcon.colcon_core.shell:Creating package script '/home/ubuntu/ros2_ws/install/ucb_interface/share/ucb_interface/package.bash'
[1.685s] INFO:colcon.colcon_core.shell:Creating package script '/home/ubuntu/ros2_ws/install/ucb_interface/share/ucb_interface/package.zsh'
[1.685s] Level 1:colcon.colcon_core.environment:create_file_with_runtime_dependencies(/home/ubuntu/ros2_ws/install/ucb_interface/share/colcon-core/packages/ucb_interface)
[1.934s] Level 1:colcon.colcon_core.environment:checking '/home/ubuntu/ros2_ws/install/my_package_class' for CMake module files
[1.935s] DEBUG:colcon.colcon_core.event_handler.log_command:Invoked command in '/home/ubuntu/ros2_ws/src/my_package_class' returned '0': PYTHONPATH=/home/ubuntu/ros2_ws/build/my_package_class/prefix_override:/usr/lib/python3/dist-packages/colcon_core/task/python/colcon_distutils_commands:/home/ubuntu/ros2_ws/install/my_package_class/lib/python3.10/site-packages:${PYTHONPATH} /usr/bin/python3 -W ignore:setup.py install is deprecated -W ignore:easy_install command is deprecated setup.py egg_info --egg-base ../../build/my_package_class build --build-base /home/ubuntu/ros2_ws/build/my_package_class/build install --record /home/ubuntu/ros2_ws/build/my_package_class/install.log --single-version-externally-managed install_data
[1.936s] Level 1:colcon.colcon_core.environment:checking '/home/ubuntu/ros2_ws/install/my_package_class' for CMake config files
[1.936s] Level 1:colcon.colcon_core.environment:checking '/home/ubuntu/ros2_ws/install/my_package_class/lib'
[1.937s] Level 1:colcon.colcon_core.environment:checking '/home/ubuntu/ros2_ws/install/my_package_class/bin'
[1.937s] Level 1:colcon.colcon_core.environment:checking '/home/ubuntu/ros2_ws/install/my_package_class/lib/pkgconfig/my_package_class.pc'
[1.937s] Level 1:colcon.colcon_core.environment:checking '/home/ubuntu/ros2_ws/install/my_package_class/lib/python3.10/site-packages'
[1.937s] Level 1:colcon.colcon_core.shell:create_environment_hook('my_package_class', 'pythonpath')
[1.937s] INFO:colcon.colcon_core.shell:Creating environment hook '/home/ubuntu/ros2_ws/install/my_package_class/share/my_package_class/hook/pythonpath.ps1'
[1.938s] INFO:colcon.colcon_core.shell:Creating environment descriptor '/home/ubuntu/ros2_ws/install/my_package_class/share/my_package_class/hook/pythonpath.dsv'
[1.938s] INFO:colcon.colcon_core.shell:Creating environment hook '/home/ubuntu/ros2_ws/install/my_package_class/share/my_package_class/hook/pythonpath.sh'
[1.939s] Level 1:colcon.colcon_core.environment:checking '/home/ubuntu/ros2_ws/install/my_package_class/bin'
[1.939s] Level 1:colcon.colcon_core.environment:create_environment_scripts_only(my_package_class)
[1.940s] INFO:colcon.colcon_core.shell:Creating package script '/home/ubuntu/ros2_ws/install/my_package_class/share/my_package_class/package.ps1'
[1.940s] INFO:colcon.colcon_core.shell:Creating package descriptor '/home/ubuntu/ros2_ws/install/my_package_class/share/my_package_class/package.dsv'
[1.941s] INFO:colcon.colcon_core.shell:Creating package script '/home/ubuntu/ros2_ws/install/my_package_class/share/my_package_class/package.sh'
[1.942s] INFO:colcon.colcon_core.shell:Creating package script '/home/ubuntu/ros2_ws/install/my_package_class/share/my_package_class/package.bash'
[1.942s] INFO:colcon.colcon_core.shell:Creating package script '/home/ubuntu/ros2_ws/install/my_package_class/share/my_package_class/package.zsh'
[1.943s] Level 1:colcon.colcon_core.environment:create_file_with_runtime_dependencies(/home/ubuntu/ros2_ws/install/my_package_class/share/colcon-core/packages/my_package_class)
[1.944s] Level 1:colcon.colcon_core.environment:checking '/home/ubuntu/ros2_ws/install/ex_2' for CMake module files
[1.945s] DEBUG:colcon.colcon_core.event_handler.log_command:Invoked command in '/home/ubuntu/ros2_ws/src/ex_2' returned '0': PYTHONPATH=/home/ubuntu/ros2_ws/build/ex_2/prefix_override:/usr/lib/python3/dist-packages/colcon_core/task/python/colcon_distutils_commands:/home/ubuntu/ros2_ws/install/ex_2/lib/python3.10/site-packages:${PYTHONPATH} /usr/bin/python3 -W ignore:setup.py install is deprecated -W ignore:easy_install command is deprecated setup.py egg_info --egg-base ../../build/ex_2 build --build-base /home/ubuntu/ros2_ws/build/ex_2/build install --record /home/ubuntu/ros2_ws/build/ex_2/install.log --single-version-externally-managed install_data
[1.945s] Level 1:colcon.colcon_core.environment:checking '/home/ubuntu/ros2_ws/install/ex_2' for CMake config files
[1.946s] Level 1:colcon.colcon_core.environment:checking '/home/ubuntu/ros2_ws/install/ex_2/lib'
[1.946s] Level 1:colcon.colcon_core.environment:checking '/home/ubuntu/ros2_ws/install/ex_2/bin'
[1.946s] Level 1:colcon.colcon_core.environment:checking '/home/ubuntu/ros2_ws/install/ex_2/lib/pkgconfig/ex_2.pc'
[1.947s] Level 1:colcon.colcon_core.environment:checking '/home/ubuntu/ros2_ws/install/ex_2/lib/python3.10/site-packages'
[1.947s] Level 1:colcon.colcon_core.shell:create_environment_hook('ex_2', 'pythonpath')
[1.947s] INFO:colcon.colcon_core.shell:Creating environment hook '/home/ubuntu/ros2_ws/install/ex_2/share/ex_2/hook/pythonpath.ps1'
[1.947s] INFO:colcon.colcon_core.shell:Creating environment descriptor '/home/ubuntu/ros2_ws/install/ex_2/share/ex_2/hook/pythonpath.dsv'
[1.948s] INFO:colcon.colcon_core.shell:Creating environment hook '/home/ubuntu/ros2_ws/install/ex_2/share/ex_2/hook/pythonpath.sh'
[1.949s] Level 1:colcon.colcon_core.environment:checking '/home/ubuntu/ros2_ws/install/ex_2/bin'
[1.949s] Level 1:colcon.colcon_core.environment:create_environment_scripts_only(ex_2)
[1.949s] INFO:colcon.colcon_core.shell:Creating package script '/home/ubuntu/ros2_ws/install/ex_2/share/ex_2/package.ps1'
[1.950s] INFO:colcon.colcon_core.shell:Creating package descriptor '/home/ubuntu/ros2_ws/install/ex_2/share/ex_2/package.dsv'
[1.950s] INFO:colcon.colcon_core.shell:Creating package script '/home/ubuntu/ros2_ws/install/ex_2/share/ex_2/package.sh'
[1.951s] INFO:colcon.colcon_core.shell:Creating package script '/home/ubuntu/ros2_ws/install/ex_2/share/ex_2/package.bash'
[1.952s] INFO:colcon.colcon_core.shell:Creating package script '/home/ubuntu/ros2_ws/install/ex_2/share/ex_2/package.zsh'
[1.952s] Level 1:colcon.colcon_core.environment:create_file_with_runtime_dependencies(/home/ubuntu/ros2_ws/install/ex_2/share/colcon-core/packages/ex_2)
[1.953s] DEBUG:colcon.colcon_parallel_executor.executor.parallel:closing loop
[1.953s] DEBUG:colcon.colcon_parallel_executor.executor.parallel:loop closed
[1.953s] DEBUG:colcon.colcon_parallel_executor.executor.parallel:run_until_complete finished with '0'
[1.953s] DEBUG:colcon.colcon_core.event_reactor:joining thread
[1.961s] INFO:colcon.colcon_core.plugin_system:Skipping extension 'colcon_notification.desktop_notification.terminal_notifier': Not used on non-Darwin systems
[1.961s] INFO:colcon.colcon_core.plugin_system:Skipping extension 'colcon_notification.desktop_notification.win32': Not used on non-Windows systems
[1.961s] INFO:colcon.colcon_notification.desktop_notification:Sending desktop notification using 'notify2'
[1.974s] DEBUG:colcon.colcon_core.event_reactor:joined thread
[1.975s] INFO:colcon.colcon_core.shell:Creating prefix script '/home/ubuntu/ros2_ws/install/local_setup.ps1'
[1.976s] INFO:colcon.colcon_core.shell:Creating prefix util module '/home/ubuntu/ros2_ws/install/_local_setup_util_ps1.py'
[1.978s] INFO:colcon.colcon_core.shell:Creating prefix chain script '/home/ubuntu/ros2_ws/install/setup.ps1'
[1.979s] INFO:colcon.colcon_core.shell:Creating prefix script '/home/ubuntu/ros2_ws/install/local_setup.sh'
[1.980s] INFO:colcon.colcon_core.shell:Creating prefix util module '/home/ubuntu/ros2_ws/install/_local_setup_util_sh.py'
[1.982s] INFO:colcon.colcon_core.shell:Creating prefix chain script '/home/ubuntu/ros2_ws/install/setup.sh'
[1.985s] INFO:colcon.colcon_core.shell:Creating prefix script '/home/ubuntu/ros2_ws/install/local_setup.bash'
[1.987s] INFO:colcon.colcon_core.shell:Creating prefix chain script '/home/ubuntu/ros2_ws/install/setup.bash'
[1.991s] INFO:colcon.colcon_core.shell:Creating prefix script '/home/ubuntu/ros2_ws/install/local_setup.zsh'
[1.992s] INFO:colcon.colcon_core.shell:Creating prefix chain script '/home/ubuntu/ros2_ws/install/setup.zsh'
