[0.595s] Invoking command in '/home/ubuntu/ros2_ws/build/ucb_interface': CMAKE_PREFIX_PATH=${CMAKE_PREFIX_PATH}:/home/ubuntu/ros2_ws/install/my_package_class:/home/ubuntu/ros2_ws/install/ex_2:/opt/ros/humble /usr/bin/cmake --build /home/ubuntu/ros2_ws/build/ucb_interface -- -j8 -l8
[0.662s] [  1%] Built target ucb_interface__cpp
[0.673s] [ 12%] Built target ucb_interface__rosidl_generator_c
[0.682s] [ 12%] Built target ament_cmake_python_copy_ucb_interface
[0.711s] [ 23%] Built target ucb_interface__rosidl_typesupport_cpp
[0.727s] [ 45%] Built target ucb_interface__rosidl_typesupport_introspection_cpp
[0.727s] [ 45%] Built target ucb_interface__rosidl_typesupport_fastrtps_cpp
[0.727s] [ 56%] Built target ucb_interface__rosidl_typesupport_fastrtps_c
[0.728s] [ 67%] Built target ucb_interface__rosidl_typesupport_introspection_c
[0.729s] [ 78%] Built target ucb_interface__rosidl_typesupport_c
[0.756s] [ 78%] Built target ucb_interface
[0.782s] [ 80%] Built target ucb_interface__py
[0.810s] [ 89%] Built target ucb_interface__rosidl_generator_py
[0.840s] [ 92%] Built target ucb_interface__rosidl_typesupport_fastrtps_c__pyext
[0.847s] [ 96%] Built target ucb_interface__rosidl_typesupport_c__pyext
[0.849s] [100%] Built target ucb_interface__rosidl_typesupport_introspection_c__pyext
[1.005s] running egg_info
[1.007s] writing ucb_interface.egg-info/PKG-INFO
[1.008s] writing dependency_links to ucb_interface.egg-info/dependency_links.txt
[1.008s] writing top-level names to ucb_interface.egg-info/top_level.txt
[1.011s] reading manifest file 'ucb_interface.egg-info/SOURCES.txt'
[1.012s] writing manifest file 'ucb_interface.egg-info/SOURCES.txt'
[1.059s] [100%] Built target ament_cmake_python_build_ucb_interface_egg
[1.076s] Invoked command in '/home/ubuntu/ros2_ws/build/ucb_interface' returned '0': CMAKE_PREFIX_PATH=${CMAKE_PREFIX_PATH}:/home/ubuntu/ros2_ws/install/my_package_class:/home/ubuntu/ros2_ws/install/ex_2:/opt/ros/humble /usr/bin/cmake --build /home/ubuntu/ros2_ws/build/ucb_interface -- -j8 -l8
[1.078s] Invoking command in '/home/ubuntu/ros2_ws/build/ucb_interface': CMAKE_PREFIX_PATH=${CMAKE_PREFIX_PATH}:/home/ubuntu/ros2_ws/install/my_package_class:/home/ubuntu/ros2_ws/install/ex_2:/opt/ros/humble /usr/bin/cmake --install /home/ubuntu/ros2_ws/build/ucb_interface
[1.089s] -- Install configuration: ""
[1.089s] -- Up-to-date: /home/ubuntu/ros2_ws/install/ucb_interface/share/ament_index/resource_index/rosidl_interfaces/ucb_interface
[1.089s] -- Up-to-date: /home/ubuntu/ros2_ws/install/ucb_interface/include/ucb_interface/ucb_interface
[1.090s] -- Up-to-date: /home/ubuntu/ros2_ws/install/ucb_interface/include/ucb_interface/ucb_interface/msg
[1.090s] -- Up-to-date: /home/ubuntu/ros2_ws/install/ucb_interface/include/ucb_interface/ucb_interface/msg/filtered.h
[1.090s] -- Up-to-date: /home/ubuntu/ros2_ws/install/ucb_interface/include/ucb_interface/ucb_interface/msg/detail
[1.090s] -- Up-to-date: /home/ubuntu/ros2_ws/install/ucb_interface/include/ucb_interface/ucb_interface/msg/detail/filtered__functions.h
[1.090s] -- Up-to-date: /home/ubuntu/ros2_ws/install/ucb_interface/include/ucb_interface/ucb_interface/msg/detail/num__functions.h
[1.090s] -- Up-to-date: /home/ubuntu/ros2_ws/install/ucb_interface/include/ucb_interface/ucb_interface/msg/detail/num__type_support.h
[1.090s] -- Up-to-date: /home/ubuntu/ros2_ws/install/ucb_interface/include/ucb_interface/ucb_interface/msg/detail/filtered__functions.c
[1.090s] -- Up-to-date: /home/ubuntu/ros2_ws/install/ucb_interface/include/ucb_interface/ucb_interface/msg/detail/sphere__struct.h
[1.090s] -- Up-to-date: /home/ubuntu/ros2_ws/install/ucb_interface/include/ucb_interface/ucb_interface/msg/detail/sphere__type_support.h
[1.090s] -- Up-to-date: /home/ubuntu/ros2_ws/install/ucb_interface/include/ucb_interface/ucb_interface/msg/detail/sphere__functions.c
[1.091s] -- Up-to-date: /home/ubuntu/ros2_ws/install/ucb_interface/include/ucb_interface/ucb_interface/msg/detail/num__struct.h
[1.091s] -- Up-to-date: /home/ubuntu/ros2_ws/install/ucb_interface/include/ucb_interface/ucb_interface/msg/detail/filtered__type_support.h
[1.091s] -- Up-to-date: /home/ubuntu/ros2_ws/install/ucb_interface/include/ucb_interface/ucb_interface/msg/detail/num__functions.c
[1.091s] -- Up-to-date: /home/ubuntu/ros2_ws/install/ucb_interface/include/ucb_interface/ucb_interface/msg/detail/sphere__functions.h
[1.091s] -- Up-to-date: /home/ubuntu/ros2_ws/install/ucb_interface/include/ucb_interface/ucb_interface/msg/detail/filtered__struct.h
[1.091s] -- Up-to-date: /home/ubuntu/ros2_ws/install/ucb_interface/include/ucb_interface/ucb_interface/msg/num.h
[1.091s] -- Up-to-date: /home/ubuntu/ros2_ws/install/ucb_interface/include/ucb_interface/ucb_interface/msg/sphere.h
[1.091s] -- Up-to-date: /home/ubuntu/ros2_ws/install/ucb_interface/include/ucb_interface/ucb_interface/msg/rosidl_generator_c__visibility_control.h
[1.091s] -- Up-to-date: /home/ubuntu/ros2_ws/install/ucb_interface/include/ucb_interface/ucb_interface/srv
[1.092s] -- Up-to-date: /home/ubuntu/ros2_ws/install/ucb_interface/include/ucb_interface/ucb_interface/srv/detail
[1.092s] -- Up-to-date: /home/ubuntu/ros2_ws/install/ucb_interface/include/ucb_interface/ucb_interface/srv/detail/addtwonumbers__functions.c
[1.092s] -- Up-to-date: /home/ubuntu/ros2_ws/install/ucb_interface/include/ucb_interface/ucb_interface/srv/detail/addtwonumbers__functions.h
[1.092s] -- Up-to-date: /home/ubuntu/ros2_ws/install/ucb_interface/include/ucb_interface/ucb_interface/srv/detail/addtwonumbers__type_support.h
[1.092s] -- Up-to-date: /home/ubuntu/ros2_ws/install/ucb_interface/include/ucb_interface/ucb_interface/srv/detail/addtwonumbers__struct.h
[1.092s] -- Up-to-date: /home/ubuntu/ros2_ws/install/ucb_interface/include/ucb_interface/ucb_interface/srv/addtwonumbers.h
[1.092s] -- Up-to-date: /home/ubuntu/ros2_ws/install/ucb_interface/share/ucb_interface/environment/library_path.sh
[1.092s] -- Up-to-date: /home/ubuntu/ros2_ws/install/ucb_interface/share/ucb_interface/environment/library_path.dsv
[1.092s] -- Up-to-date: /home/ubuntu/ros2_ws/install/ucb_interface/lib/libucb_interface__rosidl_generator_c.so
[1.092s] -- Up-to-date: /home/ubuntu/ros2_ws/install/ucb_interface/include/ucb_interface/ucb_interface
[1.092s] -- Up-to-date: /home/ubuntu/ros2_ws/install/ucb_interface/include/ucb_interface/ucb_interface/msg
[1.093s] -- Up-to-date: /home/ubuntu/ros2_ws/install/ucb_interface/include/ucb_interface/ucb_interface/msg/detail
[1.093s] -- Up-to-date: /home/ubuntu/ros2_ws/install/ucb_interface/include/ucb_interface/ucb_interface/msg/detail/sphere__rosidl_typesupport_fastrtps_c.h
[1.093s] -- Up-to-date: /home/ubuntu/ros2_ws/install/ucb_interface/include/ucb_interface/ucb_interface/msg/detail/num__rosidl_typesupport_fastrtps_c.h
[1.093s] -- Up-to-date: /home/ubuntu/ros2_ws/install/ucb_interface/include/ucb_interface/ucb_interface/msg/detail/filtered__rosidl_typesupport_fastrtps_c.h
[1.093s] -- Up-to-date: /home/ubuntu/ros2_ws/install/ucb_interface/include/ucb_interface/ucb_interface/msg/rosidl_typesupport_fastrtps_c__visibility_control.h
[1.093s] -- Up-to-date: /home/ubuntu/ros2_ws/install/ucb_interface/include/ucb_interface/ucb_interface/srv
[1.093s] -- Up-to-date: /home/ubuntu/ros2_ws/install/ucb_interface/include/ucb_interface/ucb_interface/srv/detail
[1.093s] -- Up-to-date: /home/ubuntu/ros2_ws/install/ucb_interface/include/ucb_interface/ucb_interface/srv/detail/addtwonumbers__rosidl_typesupport_fastrtps_c.h
[1.093s] -- Up-to-date: /home/ubuntu/ros2_ws/install/ucb_interface/lib/libucb_interface__rosidl_typesupport_fastrtps_c.so
[1.093s] -- Up-to-date: /home/ubuntu/ros2_ws/install/ucb_interface/include/ucb_interface/ucb_interface
[1.094s] -- Up-to-date: /home/ubuntu/ros2_ws/install/ucb_interface/include/ucb_interface/ucb_interface/msg
[1.094s] -- Up-to-date: /home/ubuntu/ros2_ws/install/ucb_interface/include/ucb_interface/ucb_interface/msg/sphere.hpp
[1.094s] -- Up-to-date: /home/ubuntu/ros2_ws/install/ucb_interface/include/ucb_interface/ucb_interface/msg/filtered.hpp
[1.094s] -- Up-to-date: /home/ubuntu/ros2_ws/install/ucb_interface/include/ucb_interface/ucb_interface/msg/detail
[1.094s] -- Up-to-date: /home/ubuntu/ros2_ws/install/ucb_interface/include/ucb_interface/ucb_interface/msg/detail/filtered__type_support.hpp
[1.094s] -- Up-to-date: /home/ubuntu/ros2_ws/install/ucb_interface/include/ucb_interface/ucb_interface/msg/detail/filtered__traits.hpp
[1.094s] -- Up-to-date: /home/ubuntu/ros2_ws/install/ucb_interface/include/ucb_interface/ucb_interface/msg/detail/sphere__builder.hpp
[1.094s] -- Up-to-date: /home/ubuntu/ros2_ws/install/ucb_interface/include/ucb_interface/ucb_interface/msg/detail/num__builder.hpp
[1.094s] -- Up-to-date: /home/ubuntu/ros2_ws/install/ucb_interface/include/ucb_interface/ucb_interface/msg/detail/sphere__traits.hpp
[1.094s] -- Up-to-date: /home/ubuntu/ros2_ws/install/ucb_interface/include/ucb_interface/ucb_interface/msg/detail/sphere__struct.hpp
[1.094s] -- Up-to-date: /home/ubuntu/ros2_ws/install/ucb_interface/include/ucb_interface/ucb_interface/msg/detail/sphere__type_support.hpp
[1.095s] -- Up-to-date: /home/ubuntu/ros2_ws/install/ucb_interface/include/ucb_interface/ucb_interface/msg/detail/num__struct.hpp
[1.095s] -- Up-to-date: /home/ubuntu/ros2_ws/install/ucb_interface/include/ucb_interface/ucb_interface/msg/detail/filtered__builder.hpp
[1.095s] -- Up-to-date: /home/ubuntu/ros2_ws/install/ucb_interface/include/ucb_interface/ucb_interface/msg/detail/num__traits.hpp
[1.095s] -- Up-to-date: /home/ubuntu/ros2_ws/install/ucb_interface/include/ucb_interface/ucb_interface/msg/detail/num__type_support.hpp
[1.095s] -- Up-to-date: /home/ubuntu/ros2_ws/install/ucb_interface/include/ucb_interface/ucb_interface/msg/detail/filtered__struct.hpp
[1.095s] -- Up-to-date: /home/ubuntu/ros2_ws/install/ucb_interface/include/ucb_interface/ucb_interface/msg/num.hpp
[1.095s] -- Up-to-date: /home/ubuntu/ros2_ws/install/ucb_interface/include/ucb_interface/ucb_interface/msg/rosidl_generator_cpp__visibility_control.hpp
[1.095s] -- Up-to-date: /home/ubuntu/ros2_ws/install/ucb_interface/include/ucb_interface/ucb_interface/srv
[1.095s] -- Up-to-date: /home/ubuntu/ros2_ws/install/ucb_interface/include/ucb_interface/ucb_interface/srv/detail
[1.095s] -- Up-to-date: /home/ubuntu/ros2_ws/install/ucb_interface/include/ucb_interface/ucb_interface/srv/detail/addtwonumbers__type_support.hpp
[1.096s] -- Up-to-date: /home/ubuntu/ros2_ws/install/ucb_interface/include/ucb_interface/ucb_interface/srv/detail/addtwonumbers__struct.hpp
[1.096s] -- Up-to-date: /home/ubuntu/ros2_ws/install/ucb_interface/include/ucb_interface/ucb_interface/srv/detail/addtwonumbers__traits.hpp
[1.096s] -- Up-to-date: /home/ubuntu/ros2_ws/install/ucb_interface/include/ucb_interface/ucb_interface/srv/detail/addtwonumbers__builder.hpp
[1.096s] -- Up-to-date: /home/ubuntu/ros2_ws/install/ucb_interface/include/ucb_interface/ucb_interface/srv/addtwonumbers.hpp
[1.096s] -- Up-to-date: /home/ubuntu/ros2_ws/install/ucb_interface/include/ucb_interface/ucb_interface
[1.096s] -- Up-to-date: /home/ubuntu/ros2_ws/install/ucb_interface/include/ucb_interface/ucb_interface/msg
[1.096s] -- Up-to-date: /home/ubuntu/ros2_ws/install/ucb_interface/include/ucb_interface/ucb_interface/msg/detail
[1.096s] -- Up-to-date: /home/ubuntu/ros2_ws/install/ucb_interface/include/ucb_interface/ucb_interface/msg/detail/num__rosidl_typesupport_fastrtps_cpp.hpp
[1.096s] -- Up-to-date: /home/ubuntu/ros2_ws/install/ucb_interface/include/ucb_interface/ucb_interface/msg/detail/dds_fastrtps
[1.096s] -- Up-to-date: /home/ubuntu/ros2_ws/install/ucb_interface/include/ucb_interface/ucb_interface/msg/detail/filtered__rosidl_typesupport_fastrtps_cpp.hpp
[1.096s] -- Up-to-date: /home/ubuntu/ros2_ws/install/ucb_interface/include/ucb_interface/ucb_interface/msg/detail/sphere__rosidl_typesupport_fastrtps_cpp.hpp
[1.097s] -- Up-to-date: /home/ubuntu/ros2_ws/install/ucb_interface/include/ucb_interface/ucb_interface/msg/rosidl_typesupport_fastrtps_cpp__visibility_control.h
[1.097s] -- Up-to-date: /home/ubuntu/ros2_ws/install/ucb_interface/include/ucb_interface/ucb_interface/srv
[1.097s] -- Up-to-date: /home/ubuntu/ros2_ws/install/ucb_interface/include/ucb_interface/ucb_interface/srv/detail
[1.097s] -- Up-to-date: /home/ubuntu/ros2_ws/install/ucb_interface/include/ucb_interface/ucb_interface/srv/detail/dds_fastrtps
[1.097s] -- Up-to-date: /home/ubuntu/ros2_ws/install/ucb_interface/include/ucb_interface/ucb_interface/srv/detail/addtwonumbers__rosidl_typesupport_fastrtps_cpp.hpp
[1.097s] -- Up-to-date: /home/ubuntu/ros2_ws/install/ucb_interface/lib/libucb_interface__rosidl_typesupport_fastrtps_cpp.so
[1.097s] -- Up-to-date: /home/ubuntu/ros2_ws/install/ucb_interface/include/ucb_interface/ucb_interface
[1.097s] -- Up-to-date: /home/ubuntu/ros2_ws/install/ucb_interface/include/ucb_interface/ucb_interface/msg
[1.097s] -- Up-to-date: /home/ubuntu/ros2_ws/install/ucb_interface/include/ucb_interface/ucb_interface/msg/rosidl_typesupport_introspection_c__visibility_control.h
[1.097s] -- Up-to-date: /home/ubuntu/ros2_ws/install/ucb_interface/include/ucb_interface/ucb_interface/msg/detail
[1.098s] -- Up-to-date: /home/ubuntu/ros2_ws/install/ucb_interface/include/ucb_interface/ucb_interface/msg/detail/num__type_support.c
[1.098s] -- Up-to-date: /home/ubuntu/ros2_ws/install/ucb_interface/include/ucb_interface/ucb_interface/msg/detail/sphere__rosidl_typesupport_introspection_c.h
[1.098s] -- Up-to-date: /home/ubuntu/ros2_ws/install/ucb_interface/include/ucb_interface/ucb_interface/msg/detail/sphere__type_support.c
[1.098s] -- Up-to-date: /home/ubuntu/ros2_ws/install/ucb_interface/include/ucb_interface/ucb_interface/msg/detail/filtered__type_support.c
[1.098s] -- Up-to-date: /home/ubuntu/ros2_ws/install/ucb_interface/include/ucb_interface/ucb_interface/msg/detail/num__rosidl_typesupport_introspection_c.h
[1.098s] -- Up-to-date: /home/ubuntu/ros2_ws/install/ucb_interface/include/ucb_interface/ucb_interface/msg/detail/filtered__rosidl_typesupport_introspection_c.h
[1.098s] -- Up-to-date: /home/ubuntu/ros2_ws/install/ucb_interface/include/ucb_interface/ucb_interface/srv
[1.098s] -- Up-to-date: /home/ubuntu/ros2_ws/install/ucb_interface/include/ucb_interface/ucb_interface/srv/detail
[1.098s] -- Up-to-date: /home/ubuntu/ros2_ws/install/ucb_interface/include/ucb_interface/ucb_interface/srv/detail/addtwonumbers__type_support.c
[1.098s] -- Up-to-date: /home/ubuntu/ros2_ws/install/ucb_interface/include/ucb_interface/ucb_interface/srv/detail/addtwonumbers__rosidl_typesupport_introspection_c.h
[1.098s] -- Up-to-date: /home/ubuntu/ros2_ws/install/ucb_interface/lib/libucb_interface__rosidl_typesupport_introspection_c.so
[1.098s] -- Up-to-date: /home/ubuntu/ros2_ws/install/ucb_interface/lib/libucb_interface__rosidl_typesupport_c.so
[1.099s] -- Up-to-date: /home/ubuntu/ros2_ws/install/ucb_interface/include/ucb_interface/ucb_interface
[1.099s] -- Up-to-date: /home/ubuntu/ros2_ws/install/ucb_interface/include/ucb_interface/ucb_interface/msg
[1.099s] -- Up-to-date: /home/ubuntu/ros2_ws/install/ucb_interface/include/ucb_interface/ucb_interface/msg/detail
[1.099s] -- Up-to-date: /home/ubuntu/ros2_ws/install/ucb_interface/include/ucb_interface/ucb_interface/msg/detail/filtered__rosidl_typesupport_introspection_cpp.hpp
[1.099s] -- Up-to-date: /home/ubuntu/ros2_ws/install/ucb_interface/include/ucb_interface/ucb_interface/msg/detail/num__rosidl_typesupport_introspection_cpp.hpp
[1.099s] -- Up-to-date: /home/ubuntu/ros2_ws/install/ucb_interface/include/ucb_interface/ucb_interface/msg/detail/num__type_support.cpp
[1.099s] -- Up-to-date: /home/ubuntu/ros2_ws/install/ucb_interface/include/ucb_interface/ucb_interface/msg/detail/sphere__rosidl_typesupport_introspection_cpp.hpp
[1.099s] -- Up-to-date: /home/ubuntu/ros2_ws/install/ucb_interface/include/ucb_interface/ucb_interface/msg/detail/sphere__type_support.cpp
[1.099s] -- Up-to-date: /home/ubuntu/ros2_ws/install/ucb_interface/include/ucb_interface/ucb_interface/msg/detail/filtered__type_support.cpp
[1.099s] -- Up-to-date: /home/ubuntu/ros2_ws/install/ucb_interface/include/ucb_interface/ucb_interface/srv
[1.099s] -- Up-to-date: /home/ubuntu/ros2_ws/install/ucb_interface/include/ucb_interface/ucb_interface/srv/detail
[1.100s] -- Up-to-date: /home/ubuntu/ros2_ws/install/ucb_interface/include/ucb_interface/ucb_interface/srv/detail/addtwonumbers__type_support.cpp
[1.100s] -- Up-to-date: /home/ubuntu/ros2_ws/install/ucb_interface/include/ucb_interface/ucb_interface/srv/detail/addtwonumbers__rosidl_typesupport_introspection_cpp.hpp
[1.100s] -- Up-to-date: /home/ubuntu/ros2_ws/install/ucb_interface/lib/libucb_interface__rosidl_typesupport_introspection_cpp.so
[1.100s] -- Up-to-date: /home/ubuntu/ros2_ws/install/ucb_interface/lib/libucb_interface__rosidl_typesupport_cpp.so
[1.100s] -- Up-to-date: /home/ubuntu/ros2_ws/install/ucb_interface/share/ucb_interface/environment/pythonpath.sh
[1.100s] -- Up-to-date: /home/ubuntu/ros2_ws/install/ucb_interface/share/ucb_interface/environment/pythonpath.dsv
[1.100s] -- Up-to-date: /home/ubuntu/ros2_ws/install/ucb_interface/local/lib/python3.10/dist-packages/ucb_interface-0.0.0-py3.10.egg-info
[1.100s] -- Installing: /home/ubuntu/ros2_ws/install/ucb_interface/local/lib/python3.10/dist-packages/ucb_interface-0.0.0-py3.10.egg-info/dependency_links.txt
[1.100s] -- Installing: /home/ubuntu/ros2_ws/install/ucb_interface/local/lib/python3.10/dist-packages/ucb_interface-0.0.0-py3.10.egg-info/SOURCES.txt
[1.100s] -- Installing: /home/ubuntu/ros2_ws/install/ucb_interface/local/lib/python3.10/dist-packages/ucb_interface-0.0.0-py3.10.egg-info/PKG-INFO
[1.101s] -- Installing: /home/ubuntu/ros2_ws/install/ucb_interface/local/lib/python3.10/dist-packages/ucb_interface-0.0.0-py3.10.egg-info/top_level.txt
[1.101s] -- Up-to-date: /home/ubuntu/ros2_ws/install/ucb_interface/local/lib/python3.10/dist-packages/ucb_interface
[1.101s] -- Up-to-date: /home/ubuntu/ros2_ws/install/ucb_interface/local/lib/python3.10/dist-packages/ucb_interface/libucb_interface__rosidl_generator_py.so
[1.101s] -- Up-to-date: /home/ubuntu/ros2_ws/install/ucb_interface/local/lib/python3.10/dist-packages/ucb_interface/ucb_interface_s__rosidl_typesupport_c.cpython-310-x86_64-linux-gnu.so
[1.101s] -- Up-to-date: /home/ubuntu/ros2_ws/install/ucb_interface/local/lib/python3.10/dist-packages/ucb_interface/msg
[1.101s] -- Up-to-date: /home/ubuntu/ros2_ws/install/ucb_interface/local/lib/python3.10/dist-packages/ucb_interface/msg/_num.py
[1.101s] -- Up-to-date: /home/ubuntu/ros2_ws/install/ucb_interface/local/lib/python3.10/dist-packages/ucb_interface/msg/__init__.py
[1.101s] -- Up-to-date: /home/ubuntu/ros2_ws/install/ucb_interface/local/lib/python3.10/dist-packages/ucb_interface/msg/_sphere.py
[1.101s] -- Up-to-date: /home/ubuntu/ros2_ws/install/ucb_interface/local/lib/python3.10/dist-packages/ucb_interface/msg/_num_s.c
[1.101s] -- Up-to-date: /home/ubuntu/ros2_ws/install/ucb_interface/local/lib/python3.10/dist-packages/ucb_interface/msg/_filtered_s.c
[1.101s] -- Up-to-date: /home/ubuntu/ros2_ws/install/ucb_interface/local/lib/python3.10/dist-packages/ucb_interface/msg/_filtered.py
[1.102s] -- Up-to-date: /home/ubuntu/ros2_ws/install/ucb_interface/local/lib/python3.10/dist-packages/ucb_interface/msg/_sphere_s.c
[1.102s] -- Up-to-date: /home/ubuntu/ros2_ws/install/ucb_interface/local/lib/python3.10/dist-packages/ucb_interface/ucb_interface_s__rosidl_typesupport_fastrtps_c.cpython-310-x86_64-linux-gnu.so
[1.102s] -- Up-to-date: /home/ubuntu/ros2_ws/install/ucb_interface/local/lib/python3.10/dist-packages/ucb_interface/_ucb_interface_s.ep.rosidl_typesupport_introspection_c.c
[1.102s] -- Up-to-date: /home/ubuntu/ros2_ws/install/ucb_interface/local/lib/python3.10/dist-packages/ucb_interface/_ucb_interface_s.ep.rosidl_typesupport_c.c
[1.102s] -- Up-to-date: /home/ubuntu/ros2_ws/install/ucb_interface/local/lib/python3.10/dist-packages/ucb_interface/__init__.py
[1.102s] -- Up-to-date: /home/ubuntu/ros2_ws/install/ucb_interface/local/lib/python3.10/dist-packages/ucb_interface/ucb_interface_s__rosidl_typesupport_introspection_c.cpython-310-x86_64-linux-gnu.so
[1.102s] -- Up-to-date: /home/ubuntu/ros2_ws/install/ucb_interface/local/lib/python3.10/dist-packages/ucb_interface/srv
[1.102s] -- Up-to-date: /home/ubuntu/ros2_ws/install/ucb_interface/local/lib/python3.10/dist-packages/ucb_interface/srv/__init__.py
[1.102s] -- Up-to-date: /home/ubuntu/ros2_ws/install/ucb_interface/local/lib/python3.10/dist-packages/ucb_interface/srv/_addtwonumbers.py
[1.102s] -- Up-to-date: /home/ubuntu/ros2_ws/install/ucb_interface/local/lib/python3.10/dist-packages/ucb_interface/srv/_addtwonumbers_s.c
[1.102s] -- Up-to-date: /home/ubuntu/ros2_ws/install/ucb_interface/local/lib/python3.10/dist-packages/ucb_interface/_ucb_interface_s.ep.rosidl_typesupport_fastrtps_c.c
[1.144s] Listing '/home/ubuntu/ros2_ws/install/ucb_interface/local/lib/python3.10/dist-packages/ucb_interface'...
[1.144s] Listing '/home/ubuntu/ros2_ws/install/ucb_interface/local/lib/python3.10/dist-packages/ucb_interface/msg'...
[1.144s] Listing '/home/ubuntu/ros2_ws/install/ucb_interface/local/lib/python3.10/dist-packages/ucb_interface/srv'...
[1.150s] -- Up-to-date: /home/ubuntu/ros2_ws/install/ucb_interface/local/lib/python3.10/dist-packages/ucb_interface/ucb_interface_s__rosidl_typesupport_fastrtps_c.cpython-310-x86_64-linux-gnu.so
[1.150s] -- Up-to-date: /home/ubuntu/ros2_ws/install/ucb_interface/local/lib/python3.10/dist-packages/ucb_interface/ucb_interface_s__rosidl_typesupport_introspection_c.cpython-310-x86_64-linux-gnu.so
[1.151s] -- Up-to-date: /home/ubuntu/ros2_ws/install/ucb_interface/local/lib/python3.10/dist-packages/ucb_interface/ucb_interface_s__rosidl_typesupport_c.cpython-310-x86_64-linux-gnu.so
[1.152s] -- Up-to-date: /home/ubuntu/ros2_ws/install/ucb_interface/lib/libucb_interface__rosidl_generator_py.so
[1.152s] -- Up-to-date: /home/ubuntu/ros2_ws/install/ucb_interface/share/ucb_interface/msg/Num.idl
[1.152s] -- Up-to-date: /home/ubuntu/ros2_ws/install/ucb_interface/share/ucb_interface/msg/Sphere.idl
[1.152s] -- Up-to-date: /home/ubuntu/ros2_ws/install/ucb_interface/share/ucb_interface/srv/Addtwonumbers.idl
[1.152s] -- Up-to-date: /home/ubuntu/ros2_ws/install/ucb_interface/share/ucb_interface/msg/Filtered.idl
[1.153s] -- Up-to-date: /home/ubuntu/ros2_ws/install/ucb_interface/share/ucb_interface/msg/Num.msg
[1.153s] -- Up-to-date: /home/ubuntu/ros2_ws/install/ucb_interface/share/ucb_interface/msg/Sphere.msg
[1.153s] -- Up-to-date: /home/ubuntu/ros2_ws/install/ucb_interface/share/ucb_interface/srv/Addtwonumbers.srv
[1.153s] -- Up-to-date: /home/ubuntu/ros2_ws/install/ucb_interface/share/ucb_interface/srv/Addtwonumbers_Request.msg
[1.153s] -- Up-to-date: /home/ubuntu/ros2_ws/install/ucb_interface/share/ucb_interface/srv/Addtwonumbers_Response.msg
[1.153s] -- Up-to-date: /home/ubuntu/ros2_ws/install/ucb_interface/share/ucb_interface/msg/Filtered.msg
[1.153s] -- Up-to-date: /home/ubuntu/ros2_ws/install/ucb_interface/share/ament_index/resource_index/package_run_dependencies/ucb_interface
[1.153s] -- Up-to-date: /home/ubuntu/ros2_ws/install/ucb_interface/share/ament_index/resource_index/parent_prefix_path/ucb_interface
[1.153s] -- Up-to-date: /home/ubuntu/ros2_ws/install/ucb_interface/share/ucb_interface/environment/ament_prefix_path.sh
[1.153s] -- Up-to-date: /home/ubuntu/ros2_ws/install/ucb_interface/share/ucb_interface/environment/ament_prefix_path.dsv
[1.153s] -- Up-to-date: /home/ubuntu/ros2_ws/install/ucb_interface/share/ucb_interface/environment/path.sh
[1.154s] -- Up-to-date: /home/ubuntu/ros2_ws/install/ucb_interface/share/ucb_interface/environment/path.dsv
[1.154s] -- Up-to-date: /home/ubuntu/ros2_ws/install/ucb_interface/share/ucb_interface/local_setup.bash
[1.154s] -- Up-to-date: /home/ubuntu/ros2_ws/install/ucb_interface/share/ucb_interface/local_setup.sh
[1.154s] -- Up-to-date: /home/ubuntu/ros2_ws/install/ucb_interface/share/ucb_interface/local_setup.zsh
[1.154s] -- Up-to-date: /home/ubuntu/ros2_ws/install/ucb_interface/share/ucb_interface/local_setup.dsv
[1.154s] -- Installing: /home/ubuntu/ros2_ws/install/ucb_interface/share/ucb_interface/package.dsv
[1.154s] -- Up-to-date: /home/ubuntu/ros2_ws/install/ucb_interface/share/ament_index/resource_index/packages/ucb_interface
[1.154s] -- Up-to-date: /home/ubuntu/ros2_ws/install/ucb_interface/share/ucb_interface/cmake/export_ucb_interface__rosidl_generator_cExport.cmake
[1.154s] -- Up-to-date: /home/ubuntu/ros2_ws/install/ucb_interface/share/ucb_interface/cmake/export_ucb_interface__rosidl_generator_cExport-noconfig.cmake
[1.154s] -- Up-to-date: /home/ubuntu/ros2_ws/install/ucb_interface/share/ucb_interface/cmake/export_ucb_interface__rosidl_typesupport_fastrtps_cExport.cmake
[1.154s] -- Up-to-date: /home/ubuntu/ros2_ws/install/ucb_interface/share/ucb_interface/cmake/export_ucb_interface__rosidl_typesupport_fastrtps_cExport-noconfig.cmake
[1.155s] -- Up-to-date: /home/ubuntu/ros2_ws/install/ucb_interface/share/ucb_interface/cmake/export_ucb_interface__rosidl_generator_cppExport.cmake
[1.155s] -- Up-to-date: /home/ubuntu/ros2_ws/install/ucb_interface/share/ucb_interface/cmake/export_ucb_interface__rosidl_typesupport_fastrtps_cppExport.cmake
[1.155s] -- Up-to-date: /home/ubuntu/ros2_ws/install/ucb_interface/share/ucb_interface/cmake/export_ucb_interface__rosidl_typesupport_fastrtps_cppExport-noconfig.cmake
[1.155s] -- Up-to-date: /home/ubuntu/ros2_ws/install/ucb_interface/share/ucb_interface/cmake/ucb_interface__rosidl_typesupport_introspection_cExport.cmake
[1.155s] -- Up-to-date: /home/ubuntu/ros2_ws/install/ucb_interface/share/ucb_interface/cmake/ucb_interface__rosidl_typesupport_introspection_cExport-noconfig.cmake
[1.155s] -- Up-to-date: /home/ubuntu/ros2_ws/install/ucb_interface/share/ucb_interface/cmake/ucb_interface__rosidl_typesupport_cExport.cmake
[1.155s] -- Up-to-date: /home/ubuntu/ros2_ws/install/ucb_interface/share/ucb_interface/cmake/ucb_interface__rosidl_typesupport_cExport-noconfig.cmake
[1.155s] -- Up-to-date: /home/ubuntu/ros2_ws/install/ucb_interface/share/ucb_interface/cmake/ucb_interface__rosidl_typesupport_introspection_cppExport.cmake
[1.155s] -- Up-to-date: /home/ubuntu/ros2_ws/install/ucb_interface/share/ucb_interface/cmake/ucb_interface__rosidl_typesupport_introspection_cppExport-noconfig.cmake
[1.155s] -- Up-to-date: /home/ubuntu/ros2_ws/install/ucb_interface/share/ucb_interface/cmake/ucb_interface__rosidl_typesupport_cppExport.cmake
[1.156s] -- Up-to-date: /home/ubuntu/ros2_ws/install/ucb_interface/share/ucb_interface/cmake/ucb_interface__rosidl_typesupport_cppExport-noconfig.cmake
[1.156s] -- Up-to-date: /home/ubuntu/ros2_ws/install/ucb_interface/share/ucb_interface/cmake/export_ucb_interface__rosidl_generator_pyExport.cmake
[1.156s] -- Up-to-date: /home/ubuntu/ros2_ws/install/ucb_interface/share/ucb_interface/cmake/export_ucb_interface__rosidl_generator_pyExport-noconfig.cmake
[1.156s] -- Up-to-date: /home/ubuntu/ros2_ws/install/ucb_interface/share/ucb_interface/cmake/rosidl_cmake-extras.cmake
[1.156s] -- Up-to-date: /home/ubuntu/ros2_ws/install/ucb_interface/share/ucb_interface/cmake/ament_cmake_export_dependencies-extras.cmake
[1.156s] -- Up-to-date: /home/ubuntu/ros2_ws/install/ucb_interface/share/ucb_interface/cmake/ament_cmake_export_include_directories-extras.cmake
[1.156s] -- Up-to-date: /home/ubuntu/ros2_ws/install/ucb_interface/share/ucb_interface/cmake/ament_cmake_export_libraries-extras.cmake
[1.156s] -- Up-to-date: /home/ubuntu/ros2_ws/install/ucb_interface/share/ucb_interface/cmake/ament_cmake_export_targets-extras.cmake
[1.156s] -- Up-to-date: /home/ubuntu/ros2_ws/install/ucb_interface/share/ucb_interface/cmake/rosidl_cmake_export_typesupport_targets-extras.cmake
[1.156s] -- Up-to-date: /home/ubuntu/ros2_ws/install/ucb_interface/share/ucb_interface/cmake/rosidl_cmake_export_typesupport_libraries-extras.cmake
[1.156s] -- Up-to-date: /home/ubuntu/ros2_ws/install/ucb_interface/share/ucb_interface/cmake/ucb_interfaceConfig.cmake
[1.157s] -- Up-to-date: /home/ubuntu/ros2_ws/install/ucb_interface/share/ucb_interface/cmake/ucb_interfaceConfig-version.cmake
[1.157s] -- Up-to-date: /home/ubuntu/ros2_ws/install/ucb_interface/share/ucb_interface/package.xml
[1.160s] Invoked command in '/home/ubuntu/ros2_ws/build/ucb_interface' returned '0': CMAKE_PREFIX_PATH=${CMAKE_PREFIX_PATH}:/home/ubuntu/ros2_ws/install/my_package_class:/home/ubuntu/ros2_ws/install/ex_2:/opt/ros/humble /usr/bin/cmake --install /home/ubuntu/ros2_ws/build/ucb_interface
