[1.576s] Invoking command in '/home/ubuntu/ros2_ws/src/ex_2': PYTHONPATH=/home/ubuntu/ros2_ws/build/ex_2/prefix_override:/usr/lib/python3/dist-packages/colcon_core/task/python/colcon_distutils_commands:/home/ubuntu/ros2_ws/install/ex_2/lib/python3.10/site-packages:${PYTHONPATH} /usr/bin/python3 -W ignore:setup.py install is deprecated -W ignore:easy_install command is deprecated setup.py egg_info --egg-base ../../build/ex_2 build --build-base /home/ubuntu/ros2_ws/build/ex_2/build install --record /home/ubuntu/ros2_ws/build/ex_2/install.log --single-version-externally-managed install_data
[2.044s] running egg_info
[2.045s] writing ../../build/ex_2/ex_2.egg-info/PKG-INFO
[2.045s] writing dependency_links to ../../build/ex_2/ex_2.egg-info/dependency_links.txt
[2.046s] writing entry points to ../../build/ex_2/ex_2.egg-info/entry_points.txt
[2.046s] writing requirements to ../../build/ex_2/ex_2.egg-info/requires.txt
[2.046s] writing top-level names to ../../build/ex_2/ex_2.egg-info/top_level.txt
[2.048s] reading manifest file '../../build/ex_2/ex_2.egg-info/SOURCES.txt'
[2.049s] adding license file 'LICENSE'
[2.050s] writing manifest file '../../build/ex_2/ex_2.egg-info/SOURCES.txt'
[2.050s] running build
[2.050s] running build_py
[2.050s] running install
[2.051s] running install_lib
[2.052s] running install_data
[2.052s] running install_egg_info
[2.055s] removing '/home/ubuntu/ros2_ws/install/ex_2/lib/python3.10/site-packages/ex_2-0.0.0-py3.10.egg-info' (and everything under it)
[2.056s] Copying ../../build/ex_2/ex_2.egg-info to /home/ubuntu/ros2_ws/install/ex_2/lib/python3.10/site-packages/ex_2-0.0.0-py3.10.egg-info
[2.057s] running install_scripts
[2.083s] Installing prom script to /home/ubuntu/ros2_ws/install/ex_2/lib/ex_2
[2.084s] Installing pub_s1 script to /home/ubuntu/ros2_ws/install/ex_2/lib/ex_2
[2.084s] Installing sub_filt script to /home/ubuntu/ros2_ws/install/ex_2/lib/ex_2
[2.085s] writing list of installed files to '/home/ubuntu/ros2_ws/build/ex_2/install.log'
[2.113s] Invoked command in '/home/ubuntu/ros2_ws/src/ex_2' returned '0': PYTHONPATH=/home/ubuntu/ros2_ws/build/ex_2/prefix_override:/usr/lib/python3/dist-packages/colcon_core/task/python/colcon_distutils_commands:/home/ubuntu/ros2_ws/install/ex_2/lib/python3.10/site-packages:${PYTHONPATH} /usr/bin/python3 -W ignore:setup.py install is deprecated -W ignore:easy_install command is deprecated setup.py egg_info --egg-base ../../build/ex_2 build --build-base /home/ubuntu/ros2_ws/build/ex_2/build install --record /home/ubuntu/ros2_ws/build/ex_2/install.log --single-version-externally-managed install_data
