[0.666s] Invoking command in '/home/ubuntu/ros2_ws/src/my_package_class': PYTHONPATH=/home/ubuntu/ros2_ws/build/my_package_class/prefix_override:/usr/lib/python3/dist-packages/colcon_core/task/python/colcon_distutils_commands:/home/ubuntu/ros2_ws/install/my_package_class/lib/python3.10/site-packages:${PYTHONPATH} /usr/bin/python3 -W ignore:setup.py install is deprecated -W ignore:easy_install command is deprecated setup.py egg_info --egg-base ../../build/my_package_class build --build-base /home/ubuntu/ros2_ws/build/my_package_class/build install --record /home/ubuntu/ros2_ws/build/my_package_class/install.log --single-version-externally-managed install_data
[0.914s] running egg_info
[0.914s] writing ../../build/my_package_class/my_package_class.egg-info/PKG-INFO
[0.915s] writing dependency_links to ../../build/my_package_class/my_package_class.egg-info/dependency_links.txt
[0.915s] writing entry points to ../../build/my_package_class/my_package_class.egg-info/entry_points.txt
[0.915s] writing requirements to ../../build/my_package_class/my_package_class.egg-info/requires.txt
[0.915s] writing top-level names to ../../build/my_package_class/my_package_class.egg-info/top_level.txt
[0.917s] reading manifest file '../../build/my_package_class/my_package_class.egg-info/SOURCES.txt'
[0.918s] adding license file 'LICENSE'
[0.918s] writing manifest file '../../build/my_package_class/my_package_class.egg-info/SOURCES.txt'
[0.919s] running build
[0.919s] running build_py
[0.919s] running install
[0.919s] running install_lib
[0.921s] running install_data
[0.921s] running install_egg_info
[0.923s] removing '/home/ubuntu/ros2_ws/install/my_package_class/lib/python3.10/site-packages/my_package_class-0.0.0-py3.10.egg-info' (and everything under it)
[0.924s] Copying ../../build/my_package_class/my_package_class.egg-info to /home/ubuntu/ros2_ws/install/my_package_class/lib/python3.10/site-packages/my_package_class-0.0.0-py3.10.egg-info
[0.925s] running install_scripts
[0.948s] Installing pub script to /home/ubuntu/ros2_ws/install/my_package_class/lib/my_package_class
[0.948s] Installing sub script to /home/ubuntu/ros2_ws/install/my_package_class/lib/my_package_class
[0.949s] writing list of installed files to '/home/ubuntu/ros2_ws/build/my_package_class/install.log'
[0.975s] Invoked command in '/home/ubuntu/ros2_ws/src/my_package_class' returned '0': PYTHONPATH=/home/ubuntu/ros2_ws/build/my_package_class/prefix_override:/usr/lib/python3/dist-packages/colcon_core/task/python/colcon_distutils_commands:/home/ubuntu/ros2_ws/install/my_package_class/lib/python3.10/site-packages:${PYTHONPATH} /usr/bin/python3 -W ignore:setup.py install is deprecated -W ignore:easy_install command is deprecated setup.py egg_info --egg-base ../../build/my_package_class build --build-base /home/ubuntu/ros2_ws/build/my_package_class/build install --record /home/ubuntu/ros2_ws/build/my_package_class/install.log --single-version-externally-managed install_data
