[0.026s] Invoking command in '/home/ubuntu/ros2_ws/build/cpp_pubsub': CMAKE_PREFIX_PATH=${CMAKE_PREFIX_PATH}:/home/ubuntu/ros2_ws/install/my_package_class:/opt/ros/humble /usr/bin/cmake --build /home/ubuntu/ros2_ws/build/cpp_pubsub -- -j8 -l8
[0.328s] -- Found ament_cmake: 1.3.11 (/opt/ros/humble/share/ament_cmake/cmake)
[0.329s] -- Found rclcpp: 16.0.11 (/opt/ros/humble/share/rclcpp/cmake)
[0.329s] -- Found rosidl_generator_c: 3.1.6 (/opt/ros/humble/share/rosidl_generator_c/cmake)
[0.330s] -- Found rosidl_adapter: 3.1.6 (/opt/ros/humble/share/rosidl_adapter/cmake)
[0.330s] -- Found rosidl_generator_cpp: 3.1.6 (/opt/ros/humble/share/rosidl_generator_cpp/cmake)
[0.330s] -- Using all available rosidl_typesupport_c: rosidl_typesupport_fastrtps_c;rosidl_typesupport_introspection_c
[0.358s] -- Using all available rosidl_typesupport_cpp: rosidl_typesupport_fastrtps_cpp;rosidl_typesupport_introspection_cpp
[0.426s] -- Found rmw_implementation_cmake: 6.1.2 (/opt/ros/humble/share/rmw_implementation_cmake/cmake)
[0.429s] -- Found rmw_fastrtps_cpp: 6.2.7 (/opt/ros/humble/share/rmw_fastrtps_cpp/cmake)
[0.574s] -- Using RMW implementation 'rmw_fastrtps_cpp' as default
[0.661s] -- Found ament_lint_auto: 0.12.11 (/opt/ros/humble/share/ament_lint_auto/cmake)
[0.762s] -- Added test 'cppcheck' to perform static code analysis on C / C++ code
[0.762s] -- Configured cppcheck include dirs: 
[0.763s] -- Configured cppcheck exclude dirs and/or files: 
[0.764s] -- Added test 'lint_cmake' to check CMake code style
[0.765s] -- Added test 'uncrustify' to check C / C++ code style
[0.766s] -- Configured uncrustify additional arguments: 
[0.766s] -- Added test 'xmllint' to check XML markup files
[0.768s] -- Configuring done
[0.792s] -- Generating done
[0.800s] -- Build files have been written to: /home/ubuntu/ros2_ws/build/cpp_pubsub
[0.837s] [35m[1mConsolidate compiler generated dependencies of target pub[0m
[0.838s] [35m[1mConsolidate compiler generated dependencies of target sub[0m
[0.842s] [35m[1mConsolidate compiler generated dependencies of target pub_sub[0m
[0.874s] [ 33%] Built target sub
[0.874s] [ 66%] Built target pub_sub
[0.878s] [100%] Built target pub
[0.893s] Invoked command in '/home/ubuntu/ros2_ws/build/cpp_pubsub' returned '0': CMAKE_PREFIX_PATH=${CMAKE_PREFIX_PATH}:/home/ubuntu/ros2_ws/install/my_package_class:/opt/ros/humble /usr/bin/cmake --build /home/ubuntu/ros2_ws/build/cpp_pubsub -- -j8 -l8
[0.906s] Invoking command in '/home/ubuntu/ros2_ws/build/cpp_pubsub': CMAKE_PREFIX_PATH=${CMAKE_PREFIX_PATH}:/home/ubuntu/ros2_ws/install/my_package_class:/opt/ros/humble /usr/bin/cmake --install /home/ubuntu/ros2_ws/build/cpp_pubsub
[0.916s] -- Install configuration: ""
[0.918s] -- Up-to-date: /home/ubuntu/ros2_ws/install/cpp_pubsub/lib/cpp_pubsub/pub
[0.919s] -- Up-to-date: /home/ubuntu/ros2_ws/install/cpp_pubsub/lib/cpp_pubsub/sub
[0.920s] -- Up-to-date: /home/ubuntu/ros2_ws/install/cpp_pubsub/lib/cpp_pubsub/pub_sub
[0.920s] -- Up-to-date: /home/ubuntu/ros2_ws/install/cpp_pubsub/share/ament_index/resource_index/package_run_dependencies/cpp_pubsub
[0.921s] -- Installing: /home/ubuntu/ros2_ws/install/cpp_pubsub/share/ament_index/resource_index/parent_prefix_path/cpp_pubsub
[0.921s] -- Up-to-date: /home/ubuntu/ros2_ws/install/cpp_pubsub/share/cpp_pubsub/environment/ament_prefix_path.sh
[0.921s] -- Installing: /home/ubuntu/ros2_ws/install/cpp_pubsub/share/cpp_pubsub/environment/ament_prefix_path.dsv
[0.921s] -- Up-to-date: /home/ubuntu/ros2_ws/install/cpp_pubsub/share/cpp_pubsub/environment/path.sh
[0.922s] -- Installing: /home/ubuntu/ros2_ws/install/cpp_pubsub/share/cpp_pubsub/environment/path.dsv
[0.922s] -- Up-to-date: /home/ubuntu/ros2_ws/install/cpp_pubsub/share/cpp_pubsub/local_setup.bash
[0.922s] -- Up-to-date: /home/ubuntu/ros2_ws/install/cpp_pubsub/share/cpp_pubsub/local_setup.sh
[0.922s] -- Up-to-date: /home/ubuntu/ros2_ws/install/cpp_pubsub/share/cpp_pubsub/local_setup.zsh
[0.922s] -- Installing: /home/ubuntu/ros2_ws/install/cpp_pubsub/share/cpp_pubsub/local_setup.dsv
[0.923s] -- Installing: /home/ubuntu/ros2_ws/install/cpp_pubsub/share/cpp_pubsub/package.dsv
[0.923s] -- Up-to-date: /home/ubuntu/ros2_ws/install/cpp_pubsub/share/ament_index/resource_index/packages/cpp_pubsub
[0.923s] -- Up-to-date: /home/ubuntu/ros2_ws/install/cpp_pubsub/share/cpp_pubsub/cmake/cpp_pubsubConfig.cmake
[0.923s] -- Up-to-date: /home/ubuntu/ros2_ws/install/cpp_pubsub/share/cpp_pubsub/cmake/cpp_pubsubConfig-version.cmake
[0.923s] -- Installing: /home/ubuntu/ros2_ws/install/cpp_pubsub/share/cpp_pubsub/package.xml
[0.925s] Invoked command in '/home/ubuntu/ros2_ws/build/cpp_pubsub' returned '0': CMAKE_PREFIX_PATH=${CMAKE_PREFIX_PATH}:/home/ubuntu/ros2_ws/install/my_package_class:/opt/ros/humble /usr/bin/cmake --install /home/ubuntu/ros2_ws/build/cpp_pubsub
