running egg_info
writing ../../build/ex_2/ex_2.egg-info/PKG-INFO
writing dependency_links to ../../build/ex_2/ex_2.egg-info/dependency_links.txt
writing entry points to ../../build/ex_2/ex_2.egg-info/entry_points.txt
writing requirements to ../../build/ex_2/ex_2.egg-info/requires.txt
writing top-level names to ../../build/ex_2/ex_2.egg-info/top_level.txt
reading manifest file '../../build/ex_2/ex_2.egg-info/SOURCES.txt'
adding license file 'LICENSE'
writing manifest file '../../build/ex_2/ex_2.egg-info/SOURCES.txt'
running build
running build_py
copying ex_2/sub_filt.py -> /home/ubuntu/ros2_ws/build/ex_2/build/lib/ex_2
copying ex_2/prom.py -> /home/ubuntu/ros2_ws/build/ex_2/build/lib/ex_2
running install
running install_lib
copying /home/ubuntu/ros2_ws/build/ex_2/build/lib/ex_2/sub_filt.py -> /home/ubuntu/ros2_ws/install/ex_2/lib/python3.10/site-packages/ex_2
copying /home/ubuntu/ros2_ws/build/ex_2/build/lib/ex_2/prom.py -> /home/ubuntu/ros2_ws/install/ex_2/lib/python3.10/site-packages/ex_2
byte-compiling /home/ubuntu/ros2_ws/install/ex_2/lib/python3.10/site-packages/ex_2/sub_filt.py to sub_filt.cpython-310.pyc
byte-compiling /home/ubuntu/ros2_ws/install/ex_2/lib/python3.10/site-packages/ex_2/prom.py to prom.cpython-310.pyc
running install_data
creating /home/ubuntu/ros2_ws/install/ex_2/share/ex_2/launch
copying launch/sensors_launch.py -> /home/ubuntu/ros2_ws/install/ex_2/share/ex_2/launch
running install_egg_info
removing '/home/ubuntu/ros2_ws/install/ex_2/lib/python3.10/site-packages/ex_2-0.0.0-py3.10.egg-info' (and everything under it)
Copying ../../build/ex_2/ex_2.egg-info to /home/ubuntu/ros2_ws/install/ex_2/lib/python3.10/site-packages/ex_2-0.0.0-py3.10.egg-info
running install_scripts
Installing prom script to /home/ubuntu/ros2_ws/install/ex_2/lib/ex_2
Installing pub_s1 script to /home/ubuntu/ros2_ws/install/ex_2/lib/ex_2
Installing pub_s2 script to /home/ubuntu/ros2_ws/install/ex_2/lib/ex_2
Installing pub_s3 script to /home/ubuntu/ros2_ws/install/ex_2/lib/ex_2
Installing sub_filt script to /home/ubuntu/ros2_ws/install/ex_2/lib/ex_2
writing list of installed files to '/home/ubuntu/ros2_ws/build/ex_2/install.log'
