[1.065s] Invoking command in '/home/ubuntu/ros2_ws/src/ex_2': PYTHONPATH=/home/ubuntu/ros2_ws/build/ex_2/prefix_override:/usr/lib/python3/dist-packages/colcon_core/task/python/colcon_distutils_commands:/home/ubuntu/ros2_ws/install/ex_2/lib/python3.10/site-packages:${PYTHONPATH} /usr/bin/python3 -W ignore:setup.py install is deprecated -W ignore:easy_install command is deprecated setup.py egg_info --egg-base ../../build/ex_2 build --build-base /home/ubuntu/ros2_ws/build/ex_2/build install --record /home/ubuntu/ros2_ws/build/ex_2/install.log --single-version-externally-managed install_data
[1.384s] running egg_info
[1.385s] writing ../../build/ex_2/ex_2.egg-info/PKG-INFO
[1.385s] writing dependency_links to ../../build/ex_2/ex_2.egg-info/dependency_links.txt
[1.385s] writing entry points to ../../build/ex_2/ex_2.egg-info/entry_points.txt
[1.385s] writing requirements to ../../build/ex_2/ex_2.egg-info/requires.txt
[1.385s] writing top-level names to ../../build/ex_2/ex_2.egg-info/top_level.txt
[1.388s] reading manifest file '../../build/ex_2/ex_2.egg-info/SOURCES.txt'
[1.388s] adding license file 'LICENSE'
[1.389s] writing manifest file '../../build/ex_2/ex_2.egg-info/SOURCES.txt'
[1.389s] running build
[1.389s] running build_py
[1.390s] running install
[1.390s] running install_lib
[1.392s] running install_data
[1.392s] running install_egg_info
[1.394s] removing '/home/ubuntu/ros2_ws/install/ex_2/lib/python3.10/site-packages/ex_2-0.0.0-py3.10.egg-info' (and everything under it)
[1.395s] Copying ../../build/ex_2/ex_2.egg-info to /home/ubuntu/ros2_ws/install/ex_2/lib/python3.10/site-packages/ex_2-0.0.0-py3.10.egg-info
[1.396s] running install_scripts
[1.420s] Installing prom script to /home/ubuntu/ros2_ws/install/ex_2/lib/ex_2
[1.421s] Installing pub_s1 script to /home/ubuntu/ros2_ws/install/ex_2/lib/ex_2
[1.421s] Installing pub_s2 script to /home/ubuntu/ros2_ws/install/ex_2/lib/ex_2
[1.421s] Installing pub_s3 script to /home/ubuntu/ros2_ws/install/ex_2/lib/ex_2
[1.421s] Installing sub_filt script to /home/ubuntu/ros2_ws/install/ex_2/lib/ex_2
[1.421s] writing list of installed files to '/home/ubuntu/ros2_ws/build/ex_2/install.log'
[1.453s] Invoked command in '/home/ubuntu/ros2_ws/src/ex_2' returned '0': PYTHONPATH=/home/ubuntu/ros2_ws/build/ex_2/prefix_override:/usr/lib/python3/dist-packages/colcon_core/task/python/colcon_distutils_commands:/home/ubuntu/ros2_ws/install/ex_2/lib/python3.10/site-packages:${PYTHONPATH} /usr/bin/python3 -W ignore:setup.py install is deprecated -W ignore:easy_install command is deprecated setup.py egg_info --egg-base ../../build/ex_2 build --build-base /home/ubuntu/ros2_ws/build/ex_2/build install --record /home/ubuntu/ros2_ws/build/ex_2/install.log --single-version-externally-managed install_data
