/home/ubuntu/ros2_ws/install/ex_2/lib/python3.10/site-packages/ex_2/sub_filt.py
/home/ubuntu/ros2_ws/install/ex_2/lib/python3.10/site-packages/ex_2/prom.py
/home/ubuntu/ros2_ws/install/ex_2/lib/python3.10/site-packages/ex_2/__init__.py
/home/ubuntu/ros2_ws/install/ex_2/lib/python3.10/site-packages/ex_2/pub_s1.py
/home/ubuntu/ros2_ws/install/ex_2/lib/python3.10/site-packages/ex_2/pub_s2.py
/home/ubuntu/ros2_ws/install/ex_2/lib/python3.10/site-packages/ex_2/pub_s3.py
/home/ubuntu/ros2_ws/install/ex_2/lib/python3.10/site-packages/ex_2/__pycache__/sub_filt.cpython-310.pyc
/home/ubuntu/ros2_ws/install/ex_2/lib/python3.10/site-packages/ex_2/__pycache__/prom.cpython-310.pyc
/home/ubuntu/ros2_ws/install/ex_2/lib/python3.10/site-packages/ex_2/__pycache__/__init__.cpython-310.pyc
/home/ubuntu/ros2_ws/install/ex_2/lib/python3.10/site-packages/ex_2/__pycache__/pub_s1.cpython-310.pyc
/home/ubuntu/ros2_ws/install/ex_2/lib/python3.10/site-packages/ex_2/__pycache__/pub_s2.cpython-310.pyc
/home/ubuntu/ros2_ws/install/ex_2/lib/python3.10/site-packages/ex_2/__pycache__/pub_s3.cpython-310.pyc
/home/ubuntu/ros2_ws/install/ex_2/share/ament_index/resource_index/packages/ex_2
/home/ubuntu/ros2_ws/install/ex_2/share/ex_2/package.xml
/home/ubuntu/ros2_ws/install/ex_2/share/ex_2/launch/sensors_launch.py
/home/ubuntu/ros2_ws/install/ex_2/share/ex_2/launch/filt_prom.py
/home/ubuntu/ros2_ws/install/ex_2/lib/python3.10/site-packages/ex_2-0.0.0-py3.10.egg-info/dependency_links.txt
/home/ubuntu/ros2_ws/install/ex_2/lib/python3.10/site-packages/ex_2-0.0.0-py3.10.egg-info/SOURCES.txt
/home/ubuntu/ros2_ws/install/ex_2/lib/python3.10/site-packages/ex_2-0.0.0-py3.10.egg-info/requires.txt
/home/ubuntu/ros2_ws/install/ex_2/lib/python3.10/site-packages/ex_2-0.0.0-py3.10.egg-info/zip-safe
/home/ubuntu/ros2_ws/install/ex_2/lib/python3.10/site-packages/ex_2-0.0.0-py3.10.egg-info/PKG-INFO
/home/ubuntu/ros2_ws/install/ex_2/lib/python3.10/site-packages/ex_2-0.0.0-py3.10.egg-info/entry_points.txt
/home/ubuntu/ros2_ws/install/ex_2/lib/python3.10/site-packages/ex_2-0.0.0-py3.10.egg-info/top_level.txt
/home/ubuntu/ros2_ws/install/ex_2/lib/ex_2/prom
/home/ubuntu/ros2_ws/install/ex_2/lib/ex_2/pub_s1
/home/ubuntu/ros2_ws/install/ex_2/lib/ex_2/pub_s2
/home/ubuntu/ros2_ws/install/ex_2/lib/ex_2/pub_s3
/home/ubuntu/ros2_ws/install/ex_2/lib/ex_2/sub_filt
